[INFO] Scanning for projects...
[INFO] 
[INFO] -------------------< opendolphin:opendolphin-server >-------------------
[INFO] Building opendolphin-server 2.7.1
[INFO]   from pom.xml
[INFO] --------------------------------[ war ]---------------------------------
[WARNING] The artifact jdom:jdom:jar:1.1 has been relocated to org.jdom:jdom:jar:1.1
[INFO] 
[INFO] --- antrun:3.1.0:run (prepare-static-analysis-dirs) @ opendolphin-server ---
[INFO] Executing tasks
[INFO] Executed tasks
[INFO] 
[INFO] --- resources:3.3.1:resources (default-resources) @ opendolphin-server ---
[INFO] Copying 2 resources from src/main/resources to target/classes
[INFO] Copying 4 resources from reporting/templates to target/classes/reporting/templates
[INFO] Copying 1 resource from reporting/glossary to target/classes/reporting/glossary
[INFO] 
[INFO] --- compiler:3.11.0:compile (default-compile) @ opendolphin-server ---
[INFO] Nothing to compile - all classes are up to date
[INFO] 
[INFO] --- resources:3.3.1:testResources (default-testResources) @ opendolphin-server ---
[INFO] skip non existing resourceDirectory /workspaces/OpenDolphin_WebClient/server-modernized/src/test/resources
[INFO] 
[INFO] --- compiler:3.11.0:testCompile (default-testCompile) @ opendolphin-server ---
[INFO] Nothing to compile - all classes are up to date
[INFO] 
[INFO] --- surefire:3.1.2:test (default-test) @ opendolphin-server ---
[INFO] Using auto detected provider org.apache.maven.surefire.junitplatform.JUnitPlatformProvider
[INFO] 
[INFO] -------------------------------------------------------
[INFO]  T E S T S
[INFO] -------------------------------------------------------
[INFO] Running open.dolphin.touch.DolphinResourceVisitTest
[INFO] Tests run: 5, Failures: 0, Errors: 0, Skipped: 0, Time elapsed: 0.158 s -- in open.dolphin.touch.DolphinResourceVisitTest
[INFO] Running open.dolphin.touch.patient.TouchPatientServiceTest
[INFO] Tests run: 3, Failures: 0, Errors: 0, Skipped: 0, Time elapsed: 0.892 s -- in open.dolphin.touch.patient.TouchPatientServiceTest
[INFO] Running open.dolphin.touch.stamp.TouchStampServiceTest
[INFO] Tests run: 2, Failures: 0, Errors: 0, Skipped: 0, Time elapsed: 0.066 s -- in open.dolphin.touch.stamp.TouchStampServiceTest
[INFO] Running open.dolphin.adm20.rest.AdmissionResourceFactor2Test
[INFO] Tests run: 13, Failures: 0, Errors: 0, Skipped: 0, Time elapsed: 0.387 s -- in open.dolphin.adm20.rest.AdmissionResourceFactor2Test
[INFO] Running open.dolphin.rest.SystemResourceTest
[INFO] Tests run: 12, Failures: 0, Errors: 0, Skipped: 0, Time elapsed: 0.114 s -- in open.dolphin.rest.SystemResourceTest
[INFO] Running open.dolphin.rest.PVTResource2Test
[INFO] Tests run: 4, Failures: 0, Errors: 0, Skipped: 0, Time elapsed: 0.048 s -- in open.dolphin.rest.PVTResource2Test
[INFO] 
[INFO] Results:
[INFO] 
[INFO] Tests run: 39, Failures: 0, Errors: 0, Skipped: 0
[INFO] 
[INFO] 
[INFO] --- dependency:3.6.1:copy (copy-jakarta-common) @ opendolphin-server ---
[INFO] Configured Artifact: opendolphin:opendolphin-common:jakarta:2.7.1:jar
[INFO] Copying opendolphin-common-2.7.1-jakarta.jar to /workspaces/OpenDolphin_WebClient/server-modernized/target/jakarta-libs/opendolphin-common-2.7.1-jakarta.jar
[INFO] 
[INFO] --- war:3.4.0:war (default-war) @ opendolphin-server ---
[INFO] Packaging webapp
[INFO] Assembling webapp [opendolphin-server] in [/workspaces/OpenDolphin_WebClient/server-modernized/target/opendolphin-server-2.7.1]
[INFO] Processing war project
[INFO] Copying webapp webResources [/workspaces/OpenDolphin_WebClient/server-modernized/target/jakarta-libs] to [/workspaces/OpenDolphin_WebClient/server-modernized/target/opendolphin-server-2.7.1]
[INFO] Copying webapp resources [/workspaces/OpenDolphin_WebClient/server-modernized/src/main/webapp]
[INFO] Building war: /workspaces/OpenDolphin_WebClient/server-modernized/target/opendolphin-server-2.7.1.war
[INFO] 
[INFO] --- spotbugs:4.8.5.0:spotbugs (spotbugs-analyze) @ opendolphin-server ---
[INFO] Fork Value is true
[INFO] Done SpotBugs Analysis....
[INFO] 
[INFO] >>> spotbugs:4.8.5.0:check (spotbugs-check) > :spotbugs @ opendolphin-server >>>
[INFO] 
[INFO] --- spotbugs:4.8.5.0:spotbugs (spotbugs) @ opendolphin-server ---
[INFO] Fork Value is true
[INFO] Done SpotBugs Analysis....
[INFO] 
[INFO] <<< spotbugs:4.8.5.0:check (spotbugs-check) < :spotbugs @ opendolphin-server <<<
[INFO] 
[INFO] 
[INFO] --- spotbugs:4.8.5.0:check (spotbugs-check) @ opendolphin-server ---
[INFO] BugInstance size is 668
[INFO] Error size is 0
[INFO] Total bugs: 668
[ERROR] Medium: Exception thrown in class jakarta.naming.InitialContext at new jakarta.naming.InitialContext() will leave the constructor. The object under construction remains partially initialized and may be vulnerable to Finalizer attacks. [jakarta.naming.InitialContext, jakarta.naming.InitialContext] At InitialContext.java:[line 13]At InitialContext.java:[line 13] CT_CONSTRUCTOR_THROW
[ERROR] Medium: Exception thrown in class jakarta.naming.InitialContext at new jakarta.naming.InitialContext(Hashtable) will leave the constructor. The object under construction remains partially initialized and may be vulnerable to Finalizer attacks. [jakarta.naming.InitialContext, jakarta.naming.InitialContext] At InitialContext.java:[line 17]At InitialContext.java:[line 17] CT_CONSTRUCTOR_THROW
[ERROR] Medium: open.dolphin.adm10.converter.IAbstractModule.getKarteBean() may expose internal representation by returning IAbstractModule.karteBean [open.dolphin.adm10.converter.IAbstractModule] At IAbstractModule.java:[line 125] EI_EXPOSE_REP
[ERROR] Medium: open.dolphin.adm10.converter.IAbstractModule.getModuleInfo() may expose internal representation by returning IAbstractModule.moduleInfo [open.dolphin.adm10.converter.IAbstractModule] At IAbstractModule.java:[line 133] EI_EXPOSE_REP
[ERROR] Medium: open.dolphin.adm10.converter.IAbstractModule.getUserModel() may expose internal representation by returning IAbstractModule.userModel [open.dolphin.adm10.converter.IAbstractModule] At IAbstractModule.java:[line 117] EI_EXPOSE_REP
[ERROR] Medium: open.dolphin.adm10.converter.IAbstractModule.setKarteBean(KarteBean) may expose internal representation by storing an externally mutable object into IAbstractModule.karteBean [open.dolphin.adm10.converter.IAbstractModule] At IAbstractModule.java:[line 129] EI_EXPOSE_REP2
[ERROR] Medium: open.dolphin.adm10.converter.IAbstractModule.setModuleInfo(IModuleInfo) may expose internal representation by storing an externally mutable object into IAbstractModule.moduleInfo [open.dolphin.adm10.converter.IAbstractModule] At IAbstractModule.java:[line 137] EI_EXPOSE_REP2
[ERROR] Medium: open.dolphin.adm10.converter.IAbstractModule.setUserModel(UserModel) may expose internal representation by storing an externally mutable object into IAbstractModule.userModel [open.dolphin.adm10.converter.IAbstractModule] At IAbstractModule.java:[line 121] EI_EXPOSE_REP2
[ERROR] Medium: open.dolphin.adm10.converter.IAbstractModule30.getKarteBean() may expose internal representation by returning IAbstractModule30.karteBean [open.dolphin.adm10.converter.IAbstractModule30] At IAbstractModule30.java:[line 126] EI_EXPOSE_REP
[ERROR] Medium: open.dolphin.adm10.converter.IAbstractModule30.getModuleInfo() may expose internal representation by returning IAbstractModule30.moduleInfo [open.dolphin.adm10.converter.IAbstractModule30] At IAbstractModule30.java:[line 134] EI_EXPOSE_REP
[ERROR] Medium: open.dolphin.adm10.converter.IAbstractModule30.getUserModel() may expose internal representation by returning IAbstractModule30.userModel [open.dolphin.adm10.converter.IAbstractModule30] At IAbstractModule30.java:[line 118] EI_EXPOSE_REP
[ERROR] Medium: open.dolphin.adm10.converter.IAbstractModule30.setKarteBean(KarteBean) may expose internal representation by storing an externally mutable object into IAbstractModule30.karteBean [open.dolphin.adm10.converter.IAbstractModule30] At IAbstractModule30.java:[line 130] EI_EXPOSE_REP2
[ERROR] Medium: open.dolphin.adm10.converter.IAbstractModule30.setModuleInfo(IModuleInfo) may expose internal representation by storing an externally mutable object into IAbstractModule30.moduleInfo [open.dolphin.adm10.converter.IAbstractModule30] At IAbstractModule30.java:[line 138] EI_EXPOSE_REP2
[ERROR] Medium: open.dolphin.adm10.converter.IAbstractModule30.setUserModel(UserModel) may expose internal representation by storing an externally mutable object into IAbstractModule30.userModel [open.dolphin.adm10.converter.IAbstractModule30] At IAbstractModule30.java:[line 122] EI_EXPOSE_REP2
[ERROR] Medium: open.dolphin.adm10.converter.IAllergyPackage.getAdded() may expose internal representation by returning IAllergyPackage.added [open.dolphin.adm10.converter.IAllergyPackage] At IAllergyPackage.java:[line 25] EI_EXPOSE_REP
[ERROR] Medium: open.dolphin.adm10.converter.IAllergyPackage.getDeleted() may expose internal representation by returning IAllergyPackage.deleted [open.dolphin.adm10.converter.IAllergyPackage] At IAllergyPackage.java:[line 41] EI_EXPOSE_REP
[ERROR] Medium: open.dolphin.adm10.converter.IAllergyPackage.getModified() may expose internal representation by returning IAllergyPackage.modified [open.dolphin.adm10.converter.IAllergyPackage] At IAllergyPackage.java:[line 33] EI_EXPOSE_REP
[ERROR] Medium: open.dolphin.adm10.converter.IAllergyPackage.setAdded(List) may expose internal representation by storing an externally mutable object into IAllergyPackage.added [open.dolphin.adm10.converter.IAllergyPackage] At IAllergyPackage.java:[line 29] EI_EXPOSE_REP2
[ERROR] Medium: open.dolphin.adm10.converter.IAllergyPackage.setDeleted(List) may expose internal representation by storing an externally mutable object into IAllergyPackage.deleted [open.dolphin.adm10.converter.IAllergyPackage] At IAllergyPackage.java:[line 45] EI_EXPOSE_REP2
[ERROR] Medium: open.dolphin.adm10.converter.IAllergyPackage.setModified(List) may expose internal representation by storing an externally mutable object into IAllergyPackage.modified [open.dolphin.adm10.converter.IAllergyPackage] At IAllergyPackage.java:[line 37] EI_EXPOSE_REP2
[ERROR] Medium: open.dolphin.adm10.converter.IAttachmentModel.getBytes() may expose internal representation by returning IAttachmentModel.bytes [open.dolphin.adm10.converter.IAttachmentModel] At IAttachmentModel.java:[line 211] EI_EXPOSE_REP
[ERROR] Medium: open.dolphin.adm10.converter.IAttachmentModel.getKarteBean() may expose internal representation by returning IAttachmentModel.karteBean [open.dolphin.adm10.converter.IAttachmentModel] At IAttachmentModel.java:[line 131] EI_EXPOSE_REP
[ERROR] Medium: open.dolphin.adm10.converter.IAttachmentModel.getUserModel() may expose internal representation by returning IAttachmentModel.userModel [open.dolphin.adm10.converter.IAttachmentModel] At IAttachmentModel.java:[line 123] EI_EXPOSE_REP
[ERROR] Medium: open.dolphin.adm10.converter.IAttachmentModel.setBytes(byte[]) may expose internal representation by storing an externally mutable object into IAttachmentModel.bytes [open.dolphin.adm10.converter.IAttachmentModel] At IAttachmentModel.java:[line 215] EI_EXPOSE_REP2
[ERROR] Medium: open.dolphin.adm10.converter.IAttachmentModel.setKarteBean(KarteBean) may expose internal representation by storing an externally mutable object into IAttachmentModel.karteBean [open.dolphin.adm10.converter.IAttachmentModel] At IAttachmentModel.java:[line 135] EI_EXPOSE_REP2
[ERROR] Medium: open.dolphin.adm10.converter.IAttachmentModel.setUserModel(UserModel) may expose internal representation by storing an externally mutable object into IAttachmentModel.userModel [open.dolphin.adm10.converter.IAttachmentModel] At IAttachmentModel.java:[line 127] EI_EXPOSE_REP2
[ERROR] Medium: open.dolphin.adm10.converter.IBundleModule.getModel() may expose internal representation by returning IBundleModule.model [open.dolphin.adm10.converter.IBundleModule] At IBundleModule.java:[line 15] EI_EXPOSE_REP
[ERROR] Medium: open.dolphin.adm10.converter.IBundleModule.setModel(IClaimBundle) may expose internal representation by storing an externally mutable object into IBundleModule.model [open.dolphin.adm10.converter.IBundleModule] At IBundleModule.java:[line 19] EI_EXPOSE_REP2
[ERROR] Medium: open.dolphin.adm10.converter.IClaimBundle.getClaimItems() may expose internal representation by returning IClaimBundle.claimItems [open.dolphin.adm10.converter.IClaimBundle] At IClaimBundle.java:[line 123] EI_EXPOSE_REP
[ERROR] Medium: open.dolphin.adm10.converter.IClaimBundle.setClaimItems(List) may expose internal representation by storing an externally mutable object into IClaimBundle.claimItems [open.dolphin.adm10.converter.IClaimBundle] At IClaimBundle.java:[line 127] EI_EXPOSE_REP2
[ERROR] Medium: open.dolphin.adm10.converter.IDiagnosisSendWrapper.getAddedDiagnosis() may expose internal representation by returning IDiagnosisSendWrapper.addedDiagnosis [open.dolphin.adm10.converter.IDiagnosisSendWrapper] At IDiagnosisSendWrapper.java:[line 180] EI_EXPOSE_REP
[ERROR] Medium: open.dolphin.adm10.converter.IDiagnosisSendWrapper.getUpdatedDiagnosis() may expose internal representation by returning IDiagnosisSendWrapper.updatedDiagnosis [open.dolphin.adm10.converter.IDiagnosisSendWrapper] At IDiagnosisSendWrapper.java:[line 188] EI_EXPOSE_REP
[ERROR] Medium: open.dolphin.adm10.converter.IDiagnosisSendWrapper.setAddedDiagnosis(List) may expose internal representation by storing an externally mutable object into IDiagnosisSendWrapper.addedDiagnosis [open.dolphin.adm10.converter.IDiagnosisSendWrapper] At IDiagnosisSendWrapper.java:[line 184] EI_EXPOSE_REP2
[ERROR] Medium: open.dolphin.adm10.converter.IDiagnosisSendWrapper.setUpdatedDiagnosis(List) may expose internal representation by storing an externally mutable object into IDiagnosisSendWrapper.updatedDiagnosis [open.dolphin.adm10.converter.IDiagnosisSendWrapper] At IDiagnosisSendWrapper.java:[line 192] EI_EXPOSE_REP2
[ERROR] Medium: open.dolphin.adm10.converter.IDocInfo.getPvtHealthInsuranceModel() may expose internal representation by returning IDocInfo.pvtHealthInsurance [open.dolphin.adm10.converter.IDocInfo] At IDocInfo.java:[line 366] EI_EXPOSE_REP
[ERROR] Medium: open.dolphin.adm10.converter.IDocInfo.setPvtHealthInsuranceModel(IPVTHealthInsurance) may expose internal representation by storing an externally mutable object into IDocInfo.pvtHealthInsurance [open.dolphin.adm10.converter.IDocInfo] At IDocInfo.java:[line 370] EI_EXPOSE_REP2
[ERROR] Medium: open.dolphin.adm10.converter.IDocument.getAttachment() may expose internal representation by returning IDocument.attachment [open.dolphin.adm10.converter.IDocument] At IDocument.java:[line 203] EI_EXPOSE_REP
[ERROR] Medium: open.dolphin.adm10.converter.IDocument.getBundles() may expose internal representation by returning IDocument.bundles [open.dolphin.adm10.converter.IDocument] At IDocument.java:[line 186] EI_EXPOSE_REP
[ERROR] Medium: open.dolphin.adm10.converter.IDocument.getDocInfo() may expose internal representation by returning IDocument.docInfo [open.dolphin.adm10.converter.IDocument] At IDocument.java:[line 160] EI_EXPOSE_REP
[ERROR] Medium: open.dolphin.adm10.converter.IDocument.getIuser() may expose internal representation by returning IDocument.iuser [open.dolphin.adm10.converter.IDocument] At IDocument.java:[line 144] EI_EXPOSE_REP
[ERROR] Medium: open.dolphin.adm10.converter.IDocument.getKarteBean() may expose internal representation by returning IDocument.karteBean [open.dolphin.adm10.converter.IDocument] At IDocument.java:[line 152] EI_EXPOSE_REP
[ERROR] Medium: open.dolphin.adm10.converter.IDocument.getPtextProgressCourse() may expose internal representation by returning IDocument.ptextProgressCourse [open.dolphin.adm10.converter.IDocument] At IDocument.java:[line 177] EI_EXPOSE_REP
[ERROR] Medium: open.dolphin.adm10.converter.IDocument.getSchema() may expose internal representation by returning IDocument.schema [open.dolphin.adm10.converter.IDocument] At IDocument.java:[line 194] EI_EXPOSE_REP
[ERROR] Medium: open.dolphin.adm10.converter.IDocument.getSoaProgressCourse() may expose internal representation by returning IDocument.soaProgressCourse [open.dolphin.adm10.converter.IDocument] At IDocument.java:[line 168] EI_EXPOSE_REP
[ERROR] Medium: open.dolphin.adm10.converter.IDocument.getUserModel() may expose internal representation by returning IDocument.userModel [open.dolphin.adm10.converter.IDocument] At IDocument.java:[line 136] EI_EXPOSE_REP
[ERROR] Medium: open.dolphin.adm10.converter.IDocument.setAttachment(List) may expose internal representation by storing an externally mutable object into IDocument.attachment [open.dolphin.adm10.converter.IDocument] At IDocument.java:[line 207] EI_EXPOSE_REP2
[ERROR] Medium: open.dolphin.adm10.converter.IDocument.setBundles(List) may expose internal representation by storing an externally mutable object into IDocument.bundles [open.dolphin.adm10.converter.IDocument] At IDocument.java:[line 190] EI_EXPOSE_REP2
[ERROR] Medium: open.dolphin.adm10.converter.IDocument.setDocInfo(IDocInfo) may expose internal representation by storing an externally mutable object into IDocument.docInfo [open.dolphin.adm10.converter.IDocument] At IDocument.java:[line 164] EI_EXPOSE_REP2
[ERROR] Medium: open.dolphin.adm10.converter.IDocument.setIuser(IUserModel) may expose internal representation by storing an externally mutable object into IDocument.iuser [open.dolphin.adm10.converter.IDocument] At IDocument.java:[line 148] EI_EXPOSE_REP2
[ERROR] Medium: open.dolphin.adm10.converter.IDocument.setKarteBean(KarteBean) may expose internal representation by storing an externally mutable object into IDocument.karteBean [open.dolphin.adm10.converter.IDocument] At IDocument.java:[line 156] EI_EXPOSE_REP2
[ERROR] Medium: open.dolphin.adm10.converter.IDocument.setPtextProgressCourse(IProgressCourseModule) may expose internal representation by storing an externally mutable object into IDocument.ptextProgressCourse [open.dolphin.adm10.converter.IDocument] At IDocument.java:[line 182] EI_EXPOSE_REP2
[ERROR] Medium: open.dolphin.adm10.converter.IDocument.setSchema(List) may expose internal representation by storing an externally mutable object into IDocument.schema [open.dolphin.adm10.converter.IDocument] At IDocument.java:[line 198] EI_EXPOSE_REP2
[ERROR] Medium: open.dolphin.adm10.converter.IDocument.setSoaProgressCourse(IProgressCourseModule) may expose internal representation by storing an externally mutable object into IDocument.soaProgressCourse [open.dolphin.adm10.converter.IDocument] At IDocument.java:[line 172] EI_EXPOSE_REP2
[ERROR] Medium: open.dolphin.adm10.converter.IDocument.setUserModel(UserModel) may expose internal representation by storing an externally mutable object into IDocument.userModel [open.dolphin.adm10.converter.IDocument] At IDocument.java:[line 140] EI_EXPOSE_REP2
[ERROR] Medium: Nullcheck of IDocument.docInfo at line 683 of value previously dereferenced in open.dolphin.adm10.converter.IDocument.toModel() [open.dolphin.adm10.converter.IDocument, open.dolphin.adm10.converter.IDocument] At IDocument.java:[line 583]Redundant null check at IDocument.java:[line 683] RCN_REDUNDANT_NULLCHECK_WOULD_HAVE_BEEN_A_NPE
[ERROR] Medium: Nullcheck of IDocument.docInfo at line 431 of value previously dereferenced in open.dolphin.adm10.converter.IDocument.toModelOld() [open.dolphin.adm10.converter.IDocument, open.dolphin.adm10.converter.IDocument] At IDocument.java:[line 365]Redundant null check at IDocument.java:[line 431] RCN_REDUNDANT_NULLCHECK_WOULD_HAVE_BEEN_A_NPE
[ERROR] Medium: Nullcheck of IDocument.ptextProgressCourse at line 471 of value previously dereferenced in open.dolphin.adm10.converter.IDocument.toModelOld() [open.dolphin.adm10.converter.IDocument, open.dolphin.adm10.converter.IDocument] At IDocument.java:[line 470]Redundant null check at IDocument.java:[line 471] RCN_REDUNDANT_NULLCHECK_WOULD_HAVE_BEEN_A_NPE
[ERROR] Medium: open.dolphin.adm10.converter.IDocument2.getAttachment() may expose internal representation by returning IDocument2.attachments [open.dolphin.adm10.converter.IDocument2] At IDocument2.java:[line 201] EI_EXPOSE_REP
[ERROR] Medium: open.dolphin.adm10.converter.IDocument2.getBundles() may expose internal representation by returning IDocument2.bundles [open.dolphin.adm10.converter.IDocument2] At IDocument2.java:[line 185] EI_EXPOSE_REP
[ERROR] Medium: open.dolphin.adm10.converter.IDocument2.getDocInfo() may expose internal representation by returning IDocument2.docInfo [open.dolphin.adm10.converter.IDocument2] At IDocument2.java:[line 159] EI_EXPOSE_REP
[ERROR] Medium: open.dolphin.adm10.converter.IDocument2.getIuser() may expose internal representation by returning IDocument2.iuser [open.dolphin.adm10.converter.IDocument2] At IDocument2.java:[line 143] EI_EXPOSE_REP
[ERROR] Medium: open.dolphin.adm10.converter.IDocument2.getKarteBean() may expose internal representation by returning IDocument2.karteBean [open.dolphin.adm10.converter.IDocument2] At IDocument2.java:[line 151] EI_EXPOSE_REP
[ERROR] Medium: open.dolphin.adm10.converter.IDocument2.getPtextProgressCourse() may expose internal representation by returning IDocument2.ptextProgressCourse [open.dolphin.adm10.converter.IDocument2] At IDocument2.java:[line 176] EI_EXPOSE_REP
[ERROR] Medium: open.dolphin.adm10.converter.IDocument2.getSchema() may expose internal representation by returning IDocument2.schema [open.dolphin.adm10.converter.IDocument2] At IDocument2.java:[line 193] EI_EXPOSE_REP
[ERROR] Medium: open.dolphin.adm10.converter.IDocument2.getSoaProgressCourse() may expose internal representation by returning IDocument2.soaProgressCourse [open.dolphin.adm10.converter.IDocument2] At IDocument2.java:[line 167] EI_EXPOSE_REP
[ERROR] Medium: open.dolphin.adm10.converter.IDocument2.getUserModel() may expose internal representation by returning IDocument2.userModel [open.dolphin.adm10.converter.IDocument2] At IDocument2.java:[line 135] EI_EXPOSE_REP
[ERROR] Medium: open.dolphin.adm10.converter.IDocument2.setAttachment(List) may expose internal representation by storing an externally mutable object into IDocument2.attachments [open.dolphin.adm10.converter.IDocument2] At IDocument2.java:[line 205] EI_EXPOSE_REP2
[ERROR] Medium: open.dolphin.adm10.converter.IDocument2.setBundles(List) may expose internal representation by storing an externally mutable object into IDocument2.bundles [open.dolphin.adm10.converter.IDocument2] At IDocument2.java:[line 189] EI_EXPOSE_REP2
[ERROR] Medium: open.dolphin.adm10.converter.IDocument2.setDocInfo(IDocInfo) may expose internal representation by storing an externally mutable object into IDocument2.docInfo [open.dolphin.adm10.converter.IDocument2] At IDocument2.java:[line 163] EI_EXPOSE_REP2
[ERROR] Medium: open.dolphin.adm10.converter.IDocument2.setIuser(IUserModel) may expose internal representation by storing an externally mutable object into IDocument2.iuser [open.dolphin.adm10.converter.IDocument2] At IDocument2.java:[line 147] EI_EXPOSE_REP2
[ERROR] Medium: open.dolphin.adm10.converter.IDocument2.setKarteBean(KarteBean) may expose internal representation by storing an externally mutable object into IDocument2.karteBean [open.dolphin.adm10.converter.IDocument2] At IDocument2.java:[line 155] EI_EXPOSE_REP2
[ERROR] Medium: open.dolphin.adm10.converter.IDocument2.setPtextProgressCourse(IProgressCourseModule2) may expose internal representation by storing an externally mutable object into IDocument2.ptextProgressCourse [open.dolphin.adm10.converter.IDocument2] At IDocument2.java:[line 181] EI_EXPOSE_REP2
[ERROR] Medium: open.dolphin.adm10.converter.IDocument2.setSchema(List) may expose internal representation by storing an externally mutable object into IDocument2.schema [open.dolphin.adm10.converter.IDocument2] At IDocument2.java:[line 197] EI_EXPOSE_REP2
[ERROR] Medium: open.dolphin.adm10.converter.IDocument2.setSoaProgressCourse(IProgressCourseModule2) may expose internal representation by storing an externally mutable object into IDocument2.soaProgressCourse [open.dolphin.adm10.converter.IDocument2] At IDocument2.java:[line 171] EI_EXPOSE_REP2
[ERROR] Medium: open.dolphin.adm10.converter.IDocument2.setUserModel(UserModel) may expose internal representation by storing an externally mutable object into IDocument2.userModel [open.dolphin.adm10.converter.IDocument2] At IDocument2.java:[line 139] EI_EXPOSE_REP2
[ERROR] Medium: Nullcheck of IDocument2.docInfo at line 424 of value previously dereferenced in open.dolphin.adm10.converter.IDocument2.toModel() [open.dolphin.adm10.converter.IDocument2, open.dolphin.adm10.converter.IDocument2] At IDocument2.java:[line 358]Redundant null check at IDocument2.java:[line 424] RCN_REDUNDANT_NULLCHECK_WOULD_HAVE_BEEN_A_NPE
[ERROR] Medium: Useless object stored in variable sb of method open.dolphin.adm10.converter.IDocument2.toModel() [open.dolphin.adm10.converter.IDocument2] At IDocument2.java:[line 498] UC_USELESS_OBJECT
[ERROR] Medium: open.dolphin.adm10.converter.IKarteNumber.setModel(IInfoModel) may expose internal representation by storing an externally mutable object into IKarteNumber.model [open.dolphin.adm10.converter.IKarteNumber] At IKarteNumber.java:[line 29] EI_EXPOSE_REP2
[ERROR] Medium: open.dolphin.adm10.converter.ILaboGraphItem.getResults() may expose internal representation by returning ILaboGraphItem.results [open.dolphin.adm10.converter.ILaboGraphItem] At ILaboGraphItem.java:[line 55] EI_EXPOSE_REP
[ERROR] Medium: open.dolphin.adm10.converter.ILaboGraphItem.setResults(List) may expose internal representation by storing an externally mutable object into ILaboGraphItem.results [open.dolphin.adm10.converter.ILaboGraphItem] At ILaboGraphItem.java:[line 59] EI_EXPOSE_REP2
[ERROR] Medium: open.dolphin.adm10.converter.IMKDocument.getDocument() may expose internal representation by returning IMKDocument.document [open.dolphin.adm10.converter.IMKDocument] At IMKDocument.java:[line 32] EI_EXPOSE_REP
[ERROR] Medium: open.dolphin.adm10.converter.IMKDocument.setDocument(IDocument) may expose internal representation by storing an externally mutable object into IMKDocument.document [open.dolphin.adm10.converter.IMKDocument] At IMKDocument.java:[line 36] EI_EXPOSE_REP2
[ERROR] Medium: open.dolphin.adm10.converter.IMKDocument2.getDocument() may expose internal representation by returning IMKDocument2.document [open.dolphin.adm10.converter.IMKDocument2] At IMKDocument2.java:[line 31] EI_EXPOSE_REP
[ERROR] Medium: open.dolphin.adm10.converter.IMKDocument2.setDocument(IDocument2) may expose internal representation by storing an externally mutable object into IMKDocument2.document [open.dolphin.adm10.converter.IMKDocument2] At IMKDocument2.java:[line 35] EI_EXPOSE_REP2
[ERROR] Medium: open.dolphin.adm10.converter.IPVTHealthInsurance.getContinuedDisease() may expose internal representation by returning IPVTHealthInsurance.continuedDisease [open.dolphin.adm10.converter.IPVTHealthInsurance] At IPVTHealthInsurance.java:[line 145] EI_EXPOSE_REP
[ERROR] Medium: open.dolphin.adm10.converter.IPVTHealthInsurance.getPublicItems() may expose internal representation by returning IPVTHealthInsurance.publicItems [open.dolphin.adm10.converter.IPVTHealthInsurance] At IPVTHealthInsurance.java:[line 169] EI_EXPOSE_REP
[ERROR] Medium: open.dolphin.adm10.converter.IPVTHealthInsurance.setContinuedDisease(List) may expose internal representation by storing an externally mutable object into IPVTHealthInsurance.continuedDisease [open.dolphin.adm10.converter.IPVTHealthInsurance] At IPVTHealthInsurance.java:[line 149] EI_EXPOSE_REP2
[ERROR] Medium: open.dolphin.adm10.converter.IPVTHealthInsurance.setPublicItems(List) may expose internal representation by storing an externally mutable object into IPVTHealthInsurance.publicItems [open.dolphin.adm10.converter.IPVTHealthInsurance] At IPVTHealthInsurance.java:[line 173] EI_EXPOSE_REP2
[ERROR] Medium: open.dolphin.adm10.converter.IPatientList.setModel(IInfoModel) may expose internal representation by storing an externally mutable object into IPatientList.model [open.dolphin.adm10.converter.IPatientList] At IPatientList.java:[line 37] EI_EXPOSE_REP2
[ERROR] Medium: open.dolphin.adm10.converter.IPatientMemoModel.getKarteBean() may expose internal representation by returning IPatientMemoModel.karteBean [open.dolphin.adm10.converter.IPatientMemoModel] At IPatientMemoModel.java:[line 176] EI_EXPOSE_REP
[ERROR] Medium: open.dolphin.adm10.converter.IPatientMemoModel.getUserModel() may expose internal representation by returning IPatientMemoModel.userModel [open.dolphin.adm10.converter.IPatientMemoModel] At IPatientMemoModel.java:[line 168] EI_EXPOSE_REP
[ERROR] Medium: open.dolphin.adm10.converter.IPatientMemoModel.setKarteBean(KarteBean) may expose internal representation by storing an externally mutable object into IPatientMemoModel.karteBean [open.dolphin.adm10.converter.IPatientMemoModel] At IPatientMemoModel.java:[line 180] EI_EXPOSE_REP2
[ERROR] Medium: open.dolphin.adm10.converter.IPatientMemoModel.setUserModel(UserModel) may expose internal representation by storing an externally mutable object into IPatientMemoModel.userModel [open.dolphin.adm10.converter.IPatientMemoModel] At IPatientMemoModel.java:[line 172] EI_EXPOSE_REP2
[ERROR] Medium: open.dolphin.adm10.converter.IPatientModel.setModel(IInfoModel) may expose internal representation by storing an externally mutable object into IPatientModel.model [open.dolphin.adm10.converter.IPatientModel] At IPatientModel.java:[line 172] EI_EXPOSE_REP2
[ERROR] Medium: open.dolphin.adm10.converter.IPatientVisitModel.setModel(IInfoModel) may expose internal representation by storing an externally mutable object into IPatientVisitModel.model [open.dolphin.adm10.converter.IPatientVisitModel] At IPatientVisitModel.java:[line 102] EI_EXPOSE_REP2
[ERROR] Medium: open.dolphin.adm10.converter.IPriscription.getApplyedInsurance() may expose internal representation by returning IPriscription.applyedInsurance [open.dolphin.adm10.converter.IPriscription] At IPriscription.java:[line 156] EI_EXPOSE_REP
[ERROR] Medium: open.dolphin.adm10.converter.IPriscription.getPriscriptionList() may expose internal representation by returning IPriscription.priscriptionList [open.dolphin.adm10.converter.IPriscription] At IPriscription.java:[line 148] EI_EXPOSE_REP
[ERROR] Medium: open.dolphin.adm10.converter.IPriscription.setApplyedInsurance(IPVTHealthInsurance) may expose internal representation by storing an externally mutable object into IPriscription.applyedInsurance [open.dolphin.adm10.converter.IPriscription] At IPriscription.java:[line 160] EI_EXPOSE_REP2
[ERROR] Medium: open.dolphin.adm10.converter.IPriscription.setPriscriptionList(List) may expose internal representation by storing an externally mutable object into IPriscription.priscriptionList [open.dolphin.adm10.converter.IPriscription] At IPriscription.java:[line 152] EI_EXPOSE_REP2
[ERROR] Medium: open.dolphin.adm10.converter.IProgressCourseModule.getModel() may expose internal representation by returning IProgressCourseModule.model [open.dolphin.adm10.converter.IProgressCourseModule] At IProgressCourseModule.java:[line 15] EI_EXPOSE_REP
[ERROR] Medium: open.dolphin.adm10.converter.IProgressCourseModule.setModel(IProgressCourse) may expose internal representation by storing an externally mutable object into IProgressCourseModule.model [open.dolphin.adm10.converter.IProgressCourseModule] At IProgressCourseModule.java:[line 19] EI_EXPOSE_REP2
[ERROR] Medium: open.dolphin.adm10.converter.IProgressCourseModule2.getModel() may expose internal representation by returning IProgressCourseModule2.model [open.dolphin.adm10.converter.IProgressCourseModule2] At IProgressCourseModule2.java:[line 16] EI_EXPOSE_REP
[ERROR] Medium: open.dolphin.adm10.converter.IProgressCourseModule2.setModel(IProgressCourse) may expose internal representation by storing an externally mutable object into IProgressCourseModule2.model [open.dolphin.adm10.converter.IProgressCourseModule2] At IProgressCourseModule2.java:[line 20] EI_EXPOSE_REP2
[ERROR] Medium: open.dolphin.adm10.converter.IRegisteredDiagnosis.getKarteBean() may expose internal representation by returning IRegisteredDiagnosis.karteBean [open.dolphin.adm10.converter.IRegisteredDiagnosis] At IRegisteredDiagnosis.java:[line 149] EI_EXPOSE_REP
[ERROR] Medium: open.dolphin.adm10.converter.IRegisteredDiagnosis.getUserModel() may expose internal representation by returning IRegisteredDiagnosis.userModel [open.dolphin.adm10.converter.IRegisteredDiagnosis] At IRegisteredDiagnosis.java:[line 141] EI_EXPOSE_REP
[ERROR] Medium: open.dolphin.adm10.converter.IRegisteredDiagnosis.setKarteBean(KarteBean) may expose internal representation by storing an externally mutable object into IRegisteredDiagnosis.karteBean [open.dolphin.adm10.converter.IRegisteredDiagnosis] At IRegisteredDiagnosis.java:[line 153] EI_EXPOSE_REP2
[ERROR] Medium: open.dolphin.adm10.converter.IRegisteredDiagnosis.setUserModel(UserModel) may expose internal representation by storing an externally mutable object into IRegisteredDiagnosis.userModel [open.dolphin.adm10.converter.IRegisteredDiagnosis] At IRegisteredDiagnosis.java:[line 145] EI_EXPOSE_REP2
[ERROR] Medium: open.dolphin.adm10.converter.IRoleModel.setModel(IInfoModel) may expose internal representation by storing an externally mutable object into IRoleModel.model [open.dolphin.adm10.converter.IRoleModel] At IRoleModel.java:[line 33] EI_EXPOSE_REP2
[ERROR] High: Dead store to ext in open.dolphin.adm10.converter.ISchemaModel.fromModel(SchemaModel) [open.dolphin.adm10.converter.ISchemaModel] At ISchemaModel.java:[line 164] DLS_DEAD_LOCAL_STORE
[ERROR] Medium: open.dolphin.adm10.converter.ISchemaModel.getExtRefModel() may expose internal representation by returning ISchemaModel.extRef [open.dolphin.adm10.converter.ISchemaModel] At ISchemaModel.java:[line 127] EI_EXPOSE_REP
[ERROR] Medium: open.dolphin.adm10.converter.ISchemaModel.getJpegByte() may expose internal representation by returning ISchemaModel.jpegByte [open.dolphin.adm10.converter.ISchemaModel] At ISchemaModel.java:[line 135] EI_EXPOSE_REP
[ERROR] Medium: open.dolphin.adm10.converter.ISchemaModel.getKarteBean() may expose internal representation by returning ISchemaModel.karteBean [open.dolphin.adm10.converter.ISchemaModel] At ISchemaModel.java:[line 119] EI_EXPOSE_REP
[ERROR] Medium: open.dolphin.adm10.converter.ISchemaModel.getUserModel() may expose internal representation by returning ISchemaModel.userModel [open.dolphin.adm10.converter.ISchemaModel] At ISchemaModel.java:[line 111] EI_EXPOSE_REP
[ERROR] Medium: open.dolphin.adm10.converter.ISchemaModel.setExtRefModel(IExtRefModel) may expose internal representation by storing an externally mutable object into ISchemaModel.extRef [open.dolphin.adm10.converter.ISchemaModel] At ISchemaModel.java:[line 131] EI_EXPOSE_REP2
[ERROR] Medium: open.dolphin.adm10.converter.ISchemaModel.setJpegByte(byte[]) may expose internal representation by storing an externally mutable object into ISchemaModel.jpegByte [open.dolphin.adm10.converter.ISchemaModel] At ISchemaModel.java:[line 139] EI_EXPOSE_REP2
[ERROR] Medium: open.dolphin.adm10.converter.ISchemaModel.setKarteBean(KarteBean) may expose internal representation by storing an externally mutable object into ISchemaModel.karteBean [open.dolphin.adm10.converter.ISchemaModel] At ISchemaModel.java:[line 123] EI_EXPOSE_REP2
[ERROR] Medium: open.dolphin.adm10.converter.ISchemaModel.setUserModel(UserModel) may expose internal representation by storing an externally mutable object into ISchemaModel.userModel [open.dolphin.adm10.converter.ISchemaModel] At ISchemaModel.java:[line 115] EI_EXPOSE_REP2
[ERROR] Medium: open.dolphin.adm10.converter.ISendPackage.getChartEvent() may expose internal representation by returning ISendPackage.chartEvent [open.dolphin.adm10.converter.ISendPackage] At ISendPackage.java:[line 23] EI_EXPOSE_REP
[ERROR] Medium: open.dolphin.adm10.converter.ISendPackage.getDeletedDiagnosis() may expose internal representation by returning ISendPackage.deletedDiagnosis [open.dolphin.adm10.converter.ISendPackage] At ISendPackage.java:[line 47] EI_EXPOSE_REP
[ERROR] Medium: open.dolphin.adm10.converter.ISendPackage.getDiagnosisSendWrapper() may expose internal representation by returning ISendPackage.diagnosisSendWrapper [open.dolphin.adm10.converter.ISendPackage] At ISendPackage.java:[line 39] EI_EXPOSE_REP
[ERROR] Medium: open.dolphin.adm10.converter.ISendPackage.getDocument() may expose internal representation by returning ISendPackage.document [open.dolphin.adm10.converter.ISendPackage] At ISendPackage.java:[line 31] EI_EXPOSE_REP
[ERROR] Medium: open.dolphin.adm10.converter.ISendPackage.setChartEvent(IChartEvent) may expose internal representation by storing an externally mutable object into ISendPackage.chartEvent [open.dolphin.adm10.converter.ISendPackage] At ISendPackage.java:[line 27] EI_EXPOSE_REP2
[ERROR] Medium: open.dolphin.adm10.converter.ISendPackage.setDeletedDiagnosis(List) may expose internal representation by storing an externally mutable object into ISendPackage.deletedDiagnosis [open.dolphin.adm10.converter.ISendPackage] At ISendPackage.java:[line 51] EI_EXPOSE_REP2
[ERROR] Medium: open.dolphin.adm10.converter.ISendPackage.setDiagnosisSendWrapper(IDiagnosisSendWrapper) may expose internal representation by storing an externally mutable object into ISendPackage.diagnosisSendWrapper [open.dolphin.adm10.converter.ISendPackage] At ISendPackage.java:[line 43] EI_EXPOSE_REP2
[ERROR] Medium: open.dolphin.adm10.converter.ISendPackage.setDocument(IDocument) may expose internal representation by storing an externally mutable object into ISendPackage.document [open.dolphin.adm10.converter.ISendPackage] At ISendPackage.java:[line 35] EI_EXPOSE_REP2
[ERROR] Medium: open.dolphin.adm10.converter.ISendPackage2.getChartEvent() may expose internal representation by returning ISendPackage2.chartEvent [open.dolphin.adm10.converter.ISendPackage2] At ISendPackage2.java:[line 19] EI_EXPOSE_REP
[ERROR] Medium: open.dolphin.adm10.converter.ISendPackage2.getDeletedDiagnosis() may expose internal representation by returning ISendPackage2.deletedDiagnosis [open.dolphin.adm10.converter.ISendPackage2] At ISendPackage2.java:[line 43] EI_EXPOSE_REP
[ERROR] Medium: open.dolphin.adm10.converter.ISendPackage2.getDiagnosisSendWrapper() may expose internal representation by returning ISendPackage2.diagnosisSendWrapper [open.dolphin.adm10.converter.ISendPackage2] At ISendPackage2.java:[line 35] EI_EXPOSE_REP
[ERROR] Medium: open.dolphin.adm10.converter.ISendPackage2.getDocument() may expose internal representation by returning ISendPackage2.document [open.dolphin.adm10.converter.ISendPackage2] At ISendPackage2.java:[line 27] EI_EXPOSE_REP
[ERROR] Medium: open.dolphin.adm10.converter.ISendPackage2.setChartEvent(IChartEvent) may expose internal representation by storing an externally mutable object into ISendPackage2.chartEvent [open.dolphin.adm10.converter.ISendPackage2] At ISendPackage2.java:[line 23] EI_EXPOSE_REP2
[ERROR] Medium: open.dolphin.adm10.converter.ISendPackage2.setDeletedDiagnosis(List) may expose internal representation by storing an externally mutable object into ISendPackage2.deletedDiagnosis [open.dolphin.adm10.converter.ISendPackage2] At ISendPackage2.java:[line 47] EI_EXPOSE_REP2
[ERROR] Medium: open.dolphin.adm10.converter.ISendPackage2.setDiagnosisSendWrapper(IDiagnosisSendWrapper) may expose internal representation by storing an externally mutable object into ISendPackage2.diagnosisSendWrapper [open.dolphin.adm10.converter.ISendPackage2] At ISendPackage2.java:[line 39] EI_EXPOSE_REP2
[ERROR] Medium: open.dolphin.adm10.converter.ISendPackage2.setDocument(IDocument2) may expose internal representation by storing an externally mutable object into ISendPackage2.document [open.dolphin.adm10.converter.ISendPackage2] At ISendPackage2.java:[line 31] EI_EXPOSE_REP2
[ERROR] Medium: open.dolphin.adm10.converter.IUserModel.setModel(IInfoModel) may expose internal representation by storing an externally mutable object into IUserModel.model [open.dolphin.adm10.converter.IUserModel] At IUserModel.java:[line 119] EI_EXPOSE_REP2
[ERROR] Medium: open.dolphin.adm10.converter.IVisitPackage.setModel(IInfoModel) may expose internal representation by storing an externally mutable object into IVisitPackage.model [open.dolphin.adm10.converter.IVisitPackage] At IVisitPackage.java:[line 99] EI_EXPOSE_REP2
[ERROR] Medium: open.dolphin.adm10.rest.AbstractResource.FEMALES should be package protected [open.dolphin.adm10.rest.AbstractResource] At AbstractResource.java:[line 80] MS_PKGPROTECT
[ERROR] Medium: open.dolphin.adm10.rest.AbstractResource.MALES should be package protected [open.dolphin.adm10.rest.AbstractResource] At AbstractResource.java:[line 79] MS_PKGPROTECT
[ERROR] Medium: Switch statement found in open.dolphin.adm10.rest.AbstractResource.writeChildren(StringBuilder, Element) where default case is missing [open.dolphin.adm10.rest.AbstractResource] At AbstractResource.java:[lines 372-395] SF_SWITCH_NO_DEFAULT
[ERROR] Medium: Useless object stored in variable bb of method open.dolphin.adm10.rest.JSONStampTreeBuilder.buildStampInfo(String, String, String, String, String, String) [open.dolphin.adm10.rest.JSONStampTreeBuilder] At JSONStampTreeBuilder.java:[line 132] UC_USELESS_OBJECT
[ERROR] Medium: Unread field: open.dolphin.adm10.rest.StampTreeDirector.TT_NODE; should this field be static? [open.dolphin.adm10.rest.StampTreeDirector] At StampTreeDirector.java:[line 22] SS_SHOULD_BE_STATIC
[ERROR] Medium: Unread field: open.dolphin.adm10.rest.StampTreeDirector.TT_ROOT; should this field be static? [open.dolphin.adm10.rest.StampTreeDirector] At StampTreeDirector.java:[line 23] SS_SHOULD_BE_STATIC
[ERROR] Medium: Unread field: open.dolphin.adm10.rest.StampTreeDirector.TT_STAMP_BOX; should this field be static? [open.dolphin.adm10.rest.StampTreeDirector] At StampTreeDirector.java:[line 25] SS_SHOULD_BE_STATIC
[ERROR] Medium: Unread field: open.dolphin.adm10.rest.StampTreeDirector.TT_STAMP_INFO; should this field be static? [open.dolphin.adm10.rest.StampTreeDirector] At StampTreeDirector.java:[line 21] SS_SHOULD_BE_STATIC
[ERROR] Medium: Unread field: open.dolphin.adm10.rest.StampTreeDirector.TT_STAMP_TREE; should this field be static? [open.dolphin.adm10.rest.StampTreeDirector] At StampTreeDirector.java:[line 24] SS_SHOULD_BE_STATIC
[ERROR] Medium: open.dolphin.adm20.ICarePlanItem.getCarePlanMode() may expose internal representation by returning ICarePlanItem.carePlanMode [open.dolphin.adm20.ICarePlanItem] At ICarePlanItem.java:[line 186] EI_EXPOSE_REP
[ERROR] Medium: open.dolphin.adm20.ICarePlanItem.setCarePlanMode(ICarePlanModel) may expose internal representation by storing an externally mutable object into ICarePlanItem.carePlanMode [open.dolphin.adm20.ICarePlanItem] At ICarePlanItem.java:[line 190] EI_EXPOSE_REP2
[ERROR] Medium: open.dolphin.adm20.ICarePlanModel.getCarePlanItems() may expose internal representation by returning ICarePlanModel.carePlanItems [open.dolphin.adm20.ICarePlanModel] At ICarePlanModel.java:[line 375] EI_EXPOSE_REP
[ERROR] Medium: open.dolphin.adm20.ICarePlanModel.setCarePlanItems(Collection) may expose internal representation by storing an externally mutable object into ICarePlanModel.carePlanItems [open.dolphin.adm20.ICarePlanModel] At ICarePlanModel.java:[line 379] EI_EXPOSE_REP2
[ERROR] Medium: new open.dolphin.adm20.PlivoSender(SmsGatewayConfig, SessionTraceManager) may expose internal representation by storing an externally mutable object into PlivoSender.traceManager [open.dolphin.adm20.PlivoSender] At PlivoSender.java:[line 53] EI_EXPOSE_REP2
[ERROR] Medium: open.dolphin.adm20.converter.IAbstractModule.getKarteBean() may expose internal representation by returning IAbstractModule.karteBean [open.dolphin.adm20.converter.IAbstractModule] At IAbstractModule.java:[line 125] EI_EXPOSE_REP
[ERROR] Medium: open.dolphin.adm20.converter.IAbstractModule.getModuleInfo() may expose internal representation by returning IAbstractModule.moduleInfo [open.dolphin.adm20.converter.IAbstractModule] At IAbstractModule.java:[line 133] EI_EXPOSE_REP
[ERROR] Medium: open.dolphin.adm20.converter.IAbstractModule.getUserModel() may expose internal representation by returning IAbstractModule.userModel [open.dolphin.adm20.converter.IAbstractModule] At IAbstractModule.java:[line 117] EI_EXPOSE_REP
[ERROR] Medium: open.dolphin.adm20.converter.IAbstractModule.setKarteBean(KarteBean) may expose internal representation by storing an externally mutable object into IAbstractModule.karteBean [open.dolphin.adm20.converter.IAbstractModule] At IAbstractModule.java:[line 129] EI_EXPOSE_REP2
[ERROR] Medium: open.dolphin.adm20.converter.IAbstractModule.setModuleInfo(IModuleInfo) may expose internal representation by storing an externally mutable object into IAbstractModule.moduleInfo [open.dolphin.adm20.converter.IAbstractModule] At IAbstractModule.java:[line 137] EI_EXPOSE_REP2
[ERROR] Medium: open.dolphin.adm20.converter.IAbstractModule.setUserModel(UserModel) may expose internal representation by storing an externally mutable object into IAbstractModule.userModel [open.dolphin.adm20.converter.IAbstractModule] At IAbstractModule.java:[line 121] EI_EXPOSE_REP2
[ERROR] Medium: open.dolphin.adm20.converter.IAbstractModule30.getKarteBean() may expose internal representation by returning IAbstractModule30.karteBean [open.dolphin.adm20.converter.IAbstractModule30] At IAbstractModule30.java:[line 126] EI_EXPOSE_REP
[ERROR] Medium: open.dolphin.adm20.converter.IAbstractModule30.getModuleInfo() may expose internal representation by returning IAbstractModule30.moduleInfo [open.dolphin.adm20.converter.IAbstractModule30] At IAbstractModule30.java:[line 134] EI_EXPOSE_REP
[ERROR] Medium: open.dolphin.adm20.converter.IAbstractModule30.getUserModel() may expose internal representation by returning IAbstractModule30.userModel [open.dolphin.adm20.converter.IAbstractModule30] At IAbstractModule30.java:[line 118] EI_EXPOSE_REP
[ERROR] Medium: open.dolphin.adm20.converter.IAbstractModule30.setKarteBean(KarteBean) may expose internal representation by storing an externally mutable object into IAbstractModule30.karteBean [open.dolphin.adm20.converter.IAbstractModule30] At IAbstractModule30.java:[line 130] EI_EXPOSE_REP2
[ERROR] Medium: open.dolphin.adm20.converter.IAbstractModule30.setModuleInfo(IModuleInfo) may expose internal representation by storing an externally mutable object into IAbstractModule30.moduleInfo [open.dolphin.adm20.converter.IAbstractModule30] At IAbstractModule30.java:[line 138] EI_EXPOSE_REP2
[ERROR] Medium: open.dolphin.adm20.converter.IAbstractModule30.setUserModel(UserModel) may expose internal representation by storing an externally mutable object into IAbstractModule30.userModel [open.dolphin.adm20.converter.IAbstractModule30] At IAbstractModule30.java:[line 122] EI_EXPOSE_REP2
[ERROR] Medium: open.dolphin.adm20.converter.IAllergyPackage.getAdded() may expose internal representation by returning IAllergyPackage.added [open.dolphin.adm20.converter.IAllergyPackage] At IAllergyPackage.java:[line 25] EI_EXPOSE_REP
[ERROR] Medium: open.dolphin.adm20.converter.IAllergyPackage.getDeleted() may expose internal representation by returning IAllergyPackage.deleted [open.dolphin.adm20.converter.IAllergyPackage] At IAllergyPackage.java:[line 41] EI_EXPOSE_REP
[ERROR] Medium: open.dolphin.adm20.converter.IAllergyPackage.getModified() may expose internal representation by returning IAllergyPackage.modified [open.dolphin.adm20.converter.IAllergyPackage] At IAllergyPackage.java:[line 33] EI_EXPOSE_REP
[ERROR] Medium: open.dolphin.adm20.converter.IAllergyPackage.setAdded(List) may expose internal representation by storing an externally mutable object into IAllergyPackage.added [open.dolphin.adm20.converter.IAllergyPackage] At IAllergyPackage.java:[line 29] EI_EXPOSE_REP2
[ERROR] Medium: open.dolphin.adm20.converter.IAllergyPackage.setDeleted(List) may expose internal representation by storing an externally mutable object into IAllergyPackage.deleted [open.dolphin.adm20.converter.IAllergyPackage] At IAllergyPackage.java:[line 45] EI_EXPOSE_REP2
[ERROR] Medium: open.dolphin.adm20.converter.IAllergyPackage.setModified(List) may expose internal representation by storing an externally mutable object into IAllergyPackage.modified [open.dolphin.adm20.converter.IAllergyPackage] At IAllergyPackage.java:[line 37] EI_EXPOSE_REP2
[ERROR] Medium: open.dolphin.adm20.converter.IAttachmentModel.getBytes() may expose internal representation by returning IAttachmentModel.bytes [open.dolphin.adm20.converter.IAttachmentModel] At IAttachmentModel.java:[line 211] EI_EXPOSE_REP
[ERROR] Medium: open.dolphin.adm20.converter.IAttachmentModel.getKarteBean() may expose internal representation by returning IAttachmentModel.karteBean [open.dolphin.adm20.converter.IAttachmentModel] At IAttachmentModel.java:[line 131] EI_EXPOSE_REP
[ERROR] Medium: open.dolphin.adm20.converter.IAttachmentModel.getUserModel() may expose internal representation by returning IAttachmentModel.userModel [open.dolphin.adm20.converter.IAttachmentModel] At IAttachmentModel.java:[line 123] EI_EXPOSE_REP
[ERROR] Medium: open.dolphin.adm20.converter.IAttachmentModel.setBytes(byte[]) may expose internal representation by storing an externally mutable object into IAttachmentModel.bytes [open.dolphin.adm20.converter.IAttachmentModel] At IAttachmentModel.java:[line 215] EI_EXPOSE_REP2
[ERROR] Medium: open.dolphin.adm20.converter.IAttachmentModel.setKarteBean(KarteBean) may expose internal representation by storing an externally mutable object into IAttachmentModel.karteBean [open.dolphin.adm20.converter.IAttachmentModel] At IAttachmentModel.java:[line 135] EI_EXPOSE_REP2
[ERROR] Medium: open.dolphin.adm20.converter.IAttachmentModel.setUserModel(UserModel) may expose internal representation by storing an externally mutable object into IAttachmentModel.userModel [open.dolphin.adm20.converter.IAttachmentModel] At IAttachmentModel.java:[line 127] EI_EXPOSE_REP2
[ERROR] Medium: open.dolphin.adm20.converter.IBundleModule.getModel() may expose internal representation by returning IBundleModule.model [open.dolphin.adm20.converter.IBundleModule] At IBundleModule.java:[line 15] EI_EXPOSE_REP
[ERROR] Medium: open.dolphin.adm20.converter.IBundleModule.setModel(IClaimBundle) may expose internal representation by storing an externally mutable object into IBundleModule.model [open.dolphin.adm20.converter.IBundleModule] At IBundleModule.java:[line 19] EI_EXPOSE_REP2
[ERROR] Medium: open.dolphin.adm20.converter.IClaimBundle.getClaimItems() may expose internal representation by returning IClaimBundle.claimItems [open.dolphin.adm20.converter.IClaimBundle] At IClaimBundle.java:[line 123] EI_EXPOSE_REP
[ERROR] Medium: open.dolphin.adm20.converter.IClaimBundle.setClaimItems(List) may expose internal representation by storing an externally mutable object into IClaimBundle.claimItems [open.dolphin.adm20.converter.IClaimBundle] At IClaimBundle.java:[line 127] EI_EXPOSE_REP2
[ERROR] Medium: open.dolphin.adm20.converter.IDiagnosisSendWrapper.getAddedDiagnosis() may expose internal representation by returning IDiagnosisSendWrapper.addedDiagnosis [open.dolphin.adm20.converter.IDiagnosisSendWrapper] At IDiagnosisSendWrapper.java:[line 180] EI_EXPOSE_REP
[ERROR] Medium: open.dolphin.adm20.converter.IDiagnosisSendWrapper.getUpdatedDiagnosis() may expose internal representation by returning IDiagnosisSendWrapper.updatedDiagnosis [open.dolphin.adm20.converter.IDiagnosisSendWrapper] At IDiagnosisSendWrapper.java:[line 188] EI_EXPOSE_REP
[ERROR] Medium: open.dolphin.adm20.converter.IDiagnosisSendWrapper.setAddedDiagnosis(List) may expose internal representation by storing an externally mutable object into IDiagnosisSendWrapper.addedDiagnosis [open.dolphin.adm20.converter.IDiagnosisSendWrapper] At IDiagnosisSendWrapper.java:[line 184] EI_EXPOSE_REP2
[ERROR] Medium: open.dolphin.adm20.converter.IDiagnosisSendWrapper.setUpdatedDiagnosis(List) may expose internal representation by storing an externally mutable object into IDiagnosisSendWrapper.updatedDiagnosis [open.dolphin.adm20.converter.IDiagnosisSendWrapper] At IDiagnosisSendWrapper.java:[line 192] EI_EXPOSE_REP2
[ERROR] Medium: open.dolphin.adm20.converter.IDocInfo.getPvtHealthInsuranceModel() may expose internal representation by returning IDocInfo.pvtHealthInsurance [open.dolphin.adm20.converter.IDocInfo] At IDocInfo.java:[line 366] EI_EXPOSE_REP
[ERROR] Medium: open.dolphin.adm20.converter.IDocInfo.setPvtHealthInsuranceModel(IPVTHealthInsurance) may expose internal representation by storing an externally mutable object into IDocInfo.pvtHealthInsurance [open.dolphin.adm20.converter.IDocInfo] At IDocInfo.java:[line 370] EI_EXPOSE_REP2
[ERROR] Medium: open.dolphin.adm20.converter.IDocument.getAttachment() may expose internal representation by returning IDocument.attachment [open.dolphin.adm20.converter.IDocument] At IDocument.java:[line 203] EI_EXPOSE_REP
[ERROR] Medium: open.dolphin.adm20.converter.IDocument.getBundles() may expose internal representation by returning IDocument.bundles [open.dolphin.adm20.converter.IDocument] At IDocument.java:[line 186] EI_EXPOSE_REP
[ERROR] Medium: open.dolphin.adm20.converter.IDocument.getDocInfo() may expose internal representation by returning IDocument.docInfo [open.dolphin.adm20.converter.IDocument] At IDocument.java:[line 160] EI_EXPOSE_REP
[ERROR] Medium: open.dolphin.adm20.converter.IDocument.getIuser() may expose internal representation by returning IDocument.iuser [open.dolphin.adm20.converter.IDocument] At IDocument.java:[line 144] EI_EXPOSE_REP
[ERROR] Medium: open.dolphin.adm20.converter.IDocument.getKarteBean() may expose internal representation by returning IDocument.karteBean [open.dolphin.adm20.converter.IDocument] At IDocument.java:[line 152] EI_EXPOSE_REP
[ERROR] Medium: open.dolphin.adm20.converter.IDocument.getPtextProgressCourse() may expose internal representation by returning IDocument.ptextProgressCourse [open.dolphin.adm20.converter.IDocument] At IDocument.java:[line 177] EI_EXPOSE_REP
[ERROR] Medium: open.dolphin.adm20.converter.IDocument.getSchema() may expose internal representation by returning IDocument.schema [open.dolphin.adm20.converter.IDocument] At IDocument.java:[line 194] EI_EXPOSE_REP
[ERROR] Medium: open.dolphin.adm20.converter.IDocument.getSoaProgressCourse() may expose internal representation by returning IDocument.soaProgressCourse [open.dolphin.adm20.converter.IDocument] At IDocument.java:[line 168] EI_EXPOSE_REP
[ERROR] Medium: open.dolphin.adm20.converter.IDocument.getUserModel() may expose internal representation by returning IDocument.userModel [open.dolphin.adm20.converter.IDocument] At IDocument.java:[line 136] EI_EXPOSE_REP
[ERROR] Medium: open.dolphin.adm20.converter.IDocument.setAttachment(List) may expose internal representation by storing an externally mutable object into IDocument.attachment [open.dolphin.adm20.converter.IDocument] At IDocument.java:[line 207] EI_EXPOSE_REP2
[ERROR] Medium: open.dolphin.adm20.converter.IDocument.setBundles(List) may expose internal representation by storing an externally mutable object into IDocument.bundles [open.dolphin.adm20.converter.IDocument] At IDocument.java:[line 190] EI_EXPOSE_REP2
[ERROR] Medium: open.dolphin.adm20.converter.IDocument.setDocInfo(IDocInfo) may expose internal representation by storing an externally mutable object into IDocument.docInfo [open.dolphin.adm20.converter.IDocument] At IDocument.java:[line 164] EI_EXPOSE_REP2
[ERROR] Medium: open.dolphin.adm20.converter.IDocument.setIuser(IUserModel) may expose internal representation by storing an externally mutable object into IDocument.iuser [open.dolphin.adm20.converter.IDocument] At IDocument.java:[line 148] EI_EXPOSE_REP2
[ERROR] Medium: open.dolphin.adm20.converter.IDocument.setKarteBean(KarteBean) may expose internal representation by storing an externally mutable object into IDocument.karteBean [open.dolphin.adm20.converter.IDocument] At IDocument.java:[line 156] EI_EXPOSE_REP2
[ERROR] Medium: open.dolphin.adm20.converter.IDocument.setPtextProgressCourse(IProgressCourseModule) may expose internal representation by storing an externally mutable object into IDocument.ptextProgressCourse [open.dolphin.adm20.converter.IDocument] At IDocument.java:[line 182] EI_EXPOSE_REP2
[ERROR] Medium: open.dolphin.adm20.converter.IDocument.setSchema(List) may expose internal representation by storing an externally mutable object into IDocument.schema [open.dolphin.adm20.converter.IDocument] At IDocument.java:[line 198] EI_EXPOSE_REP2
[ERROR] Medium: open.dolphin.adm20.converter.IDocument.setSoaProgressCourse(IProgressCourseModule) may expose internal representation by storing an externally mutable object into IDocument.soaProgressCourse [open.dolphin.adm20.converter.IDocument] At IDocument.java:[line 172] EI_EXPOSE_REP2
[ERROR] Medium: open.dolphin.adm20.converter.IDocument.setUserModel(UserModel) may expose internal representation by storing an externally mutable object into IDocument.userModel [open.dolphin.adm20.converter.IDocument] At IDocument.java:[line 140] EI_EXPOSE_REP2
[ERROR] Medium: Nullcheck of IDocument.docInfo at line 683 of value previously dereferenced in open.dolphin.adm20.converter.IDocument.toModel() [open.dolphin.adm20.converter.IDocument, open.dolphin.adm20.converter.IDocument] At IDocument.java:[line 583]Redundant null check at IDocument.java:[line 683] RCN_REDUNDANT_NULLCHECK_WOULD_HAVE_BEEN_A_NPE
[ERROR] Medium: Nullcheck of IDocument.docInfo at line 431 of value previously dereferenced in open.dolphin.adm20.converter.IDocument.toModelOld() [open.dolphin.adm20.converter.IDocument, open.dolphin.adm20.converter.IDocument] At IDocument.java:[line 365]Redundant null check at IDocument.java:[line 431] RCN_REDUNDANT_NULLCHECK_WOULD_HAVE_BEEN_A_NPE
[ERROR] Medium: open.dolphin.adm20.converter.IDocument2.getAttachment() may expose internal representation by returning IDocument2.attachments [open.dolphin.adm20.converter.IDocument2] At IDocument2.java:[line 201] EI_EXPOSE_REP
[ERROR] Medium: open.dolphin.adm20.converter.IDocument2.getBundles() may expose internal representation by returning IDocument2.bundles [open.dolphin.adm20.converter.IDocument2] At IDocument2.java:[line 185] EI_EXPOSE_REP
[ERROR] Medium: open.dolphin.adm20.converter.IDocument2.getDocInfo() may expose internal representation by returning IDocument2.docInfo [open.dolphin.adm20.converter.IDocument2] At IDocument2.java:[line 159] EI_EXPOSE_REP
[ERROR] Medium: open.dolphin.adm20.converter.IDocument2.getIuser() may expose internal representation by returning IDocument2.iuser [open.dolphin.adm20.converter.IDocument2] At IDocument2.java:[line 143] EI_EXPOSE_REP
[ERROR] Medium: open.dolphin.adm20.converter.IDocument2.getKarteBean() may expose internal representation by returning IDocument2.karteBean [open.dolphin.adm20.converter.IDocument2] At IDocument2.java:[line 151] EI_EXPOSE_REP
[ERROR] Medium: open.dolphin.adm20.converter.IDocument2.getPtextProgressCourse() may expose internal representation by returning IDocument2.ptextProgressCourse [open.dolphin.adm20.converter.IDocument2] At IDocument2.java:[line 176] EI_EXPOSE_REP
[ERROR] Medium: open.dolphin.adm20.converter.IDocument2.getSchema() may expose internal representation by returning IDocument2.schema [open.dolphin.adm20.converter.IDocument2] At IDocument2.java:[line 193] EI_EXPOSE_REP
[ERROR] Medium: open.dolphin.adm20.converter.IDocument2.getSoaProgressCourse() may expose internal representation by returning IDocument2.soaProgressCourse [open.dolphin.adm20.converter.IDocument2] At IDocument2.java:[line 167] EI_EXPOSE_REP
[ERROR] Medium: open.dolphin.adm20.converter.IDocument2.getUserModel() may expose internal representation by returning IDocument2.userModel [open.dolphin.adm20.converter.IDocument2] At IDocument2.java:[line 135] EI_EXPOSE_REP
[ERROR] Medium: open.dolphin.adm20.converter.IDocument2.setAttachment(List) may expose internal representation by storing an externally mutable object into IDocument2.attachments [open.dolphin.adm20.converter.IDocument2] At IDocument2.java:[line 205] EI_EXPOSE_REP2
[ERROR] Medium: open.dolphin.adm20.converter.IDocument2.setBundles(List) may expose internal representation by storing an externally mutable object into IDocument2.bundles [open.dolphin.adm20.converter.IDocument2] At IDocument2.java:[line 189] EI_EXPOSE_REP2
[ERROR] Medium: open.dolphin.adm20.converter.IDocument2.setDocInfo(IDocInfo) may expose internal representation by storing an externally mutable object into IDocument2.docInfo [open.dolphin.adm20.converter.IDocument2] At IDocument2.java:[line 163] EI_EXPOSE_REP2
[ERROR] Medium: open.dolphin.adm20.converter.IDocument2.setIuser(IUserModel) may expose internal representation by storing an externally mutable object into IDocument2.iuser [open.dolphin.adm20.converter.IDocument2] At IDocument2.java:[line 147] EI_EXPOSE_REP2
[ERROR] Medium: open.dolphin.adm20.converter.IDocument2.setKarteBean(KarteBean) may expose internal representation by storing an externally mutable object into IDocument2.karteBean [open.dolphin.adm20.converter.IDocument2] At IDocument2.java:[line 155] EI_EXPOSE_REP2
[ERROR] Medium: open.dolphin.adm20.converter.IDocument2.setPtextProgressCourse(IProgressCourseModule2) may expose internal representation by storing an externally mutable object into IDocument2.ptextProgressCourse [open.dolphin.adm20.converter.IDocument2] At IDocument2.java:[line 181] EI_EXPOSE_REP2
[ERROR] Medium: open.dolphin.adm20.converter.IDocument2.setSchema(List) may expose internal representation by storing an externally mutable object into IDocument2.schema [open.dolphin.adm20.converter.IDocument2] At IDocument2.java:[line 197] EI_EXPOSE_REP2
[ERROR] Medium: open.dolphin.adm20.converter.IDocument2.setSoaProgressCourse(IProgressCourseModule2) may expose internal representation by storing an externally mutable object into IDocument2.soaProgressCourse [open.dolphin.adm20.converter.IDocument2] At IDocument2.java:[line 171] EI_EXPOSE_REP2
[ERROR] Medium: open.dolphin.adm20.converter.IDocument2.setUserModel(UserModel) may expose internal representation by storing an externally mutable object into IDocument2.userModel [open.dolphin.adm20.converter.IDocument2] At IDocument2.java:[line 139] EI_EXPOSE_REP2
[ERROR] Medium: Nullcheck of IDocument2.docInfo at line 424 of value previously dereferenced in open.dolphin.adm20.converter.IDocument2.toModel() [open.dolphin.adm20.converter.IDocument2, open.dolphin.adm20.converter.IDocument2] At IDocument2.java:[line 358]Redundant null check at IDocument2.java:[line 424] RCN_REDUNDANT_NULLCHECK_WOULD_HAVE_BEEN_A_NPE
[ERROR] Medium: Useless object stored in variable sb of method open.dolphin.adm20.converter.IDocument2.toModel() [open.dolphin.adm20.converter.IDocument2] At IDocument2.java:[line 498] UC_USELESS_OBJECT
[ERROR] Medium: open.dolphin.adm20.converter.IKarteNumber.setModel(IInfoModel) may expose internal representation by storing an externally mutable object into IKarteNumber.model [open.dolphin.adm20.converter.IKarteNumber] At IKarteNumber.java:[line 29] EI_EXPOSE_REP2
[ERROR] Medium: open.dolphin.adm20.converter.ILaboGraphItem.getResults() may expose internal representation by returning ILaboGraphItem.results [open.dolphin.adm20.converter.ILaboGraphItem] At ILaboGraphItem.java:[line 55] EI_EXPOSE_REP
[ERROR] Medium: open.dolphin.adm20.converter.ILaboGraphItem.setResults(List) may expose internal representation by storing an externally mutable object into ILaboGraphItem.results [open.dolphin.adm20.converter.ILaboGraphItem] At ILaboGraphItem.java:[line 59] EI_EXPOSE_REP2
[ERROR] Medium: open.dolphin.adm20.converter.IMKDocument.getDocument() may expose internal representation by returning IMKDocument.document [open.dolphin.adm20.converter.IMKDocument] At IMKDocument.java:[line 47] EI_EXPOSE_REP
[ERROR] Medium: open.dolphin.adm20.converter.IMKDocument.setDocument(IDocument) may expose internal representation by storing an externally mutable object into IMKDocument.document [open.dolphin.adm20.converter.IMKDocument] At IMKDocument.java:[line 54] EI_EXPOSE_REP2
[ERROR] Medium: open.dolphin.adm20.converter.IMKDocument2.getDocument() may expose internal representation by returning IMKDocument2.document [open.dolphin.adm20.converter.IMKDocument2] At IMKDocument2.java:[line 48] EI_EXPOSE_REP
[ERROR] Medium: open.dolphin.adm20.converter.IMKDocument2.setDocument(IDocument2) may expose internal representation by storing an externally mutable object into IMKDocument2.document [open.dolphin.adm20.converter.IMKDocument2] At IMKDocument2.java:[line 55] EI_EXPOSE_REP2
[ERROR] Medium: open.dolphin.adm20.converter.INurseProgressCourse.getIuser() may expose internal representation by returning INurseProgressCourse.iuser [open.dolphin.adm20.converter.INurseProgressCourse] At INurseProgressCourse.java:[line 216] EI_EXPOSE_REP
[ERROR] Medium: open.dolphin.adm20.converter.INurseProgressCourse.getKarteBean() may expose internal representation by returning INurseProgressCourse.karteBean [open.dolphin.adm20.converter.INurseProgressCourse] At INurseProgressCourse.java:[line 192] EI_EXPOSE_REP
[ERROR] Medium: open.dolphin.adm20.converter.INurseProgressCourse.getUserModel() may expose internal representation by returning INurseProgressCourse.userModel [open.dolphin.adm20.converter.INurseProgressCourse] At INurseProgressCourse.java:[line 184] EI_EXPOSE_REP
[ERROR] Medium: open.dolphin.adm20.converter.INurseProgressCourse.setIuser(IUserModel) may expose internal representation by storing an externally mutable object into INurseProgressCourse.iuser [open.dolphin.adm20.converter.INurseProgressCourse] At INurseProgressCourse.java:[line 220] EI_EXPOSE_REP2
[ERROR] Medium: open.dolphin.adm20.converter.INurseProgressCourse.setKarteBean(KarteBean) may expose internal representation by storing an externally mutable object into INurseProgressCourse.karteBean [open.dolphin.adm20.converter.INurseProgressCourse] At INurseProgressCourse.java:[line 196] EI_EXPOSE_REP2
[ERROR] Medium: open.dolphin.adm20.converter.INurseProgressCourse.setUserModel(UserModel) may expose internal representation by storing an externally mutable object into INurseProgressCourse.userModel [open.dolphin.adm20.converter.INurseProgressCourse] At INurseProgressCourse.java:[line 188] EI_EXPOSE_REP2
[ERROR] Medium: Method open.dolphin.adm20.converter.IOSHelper.printProperty(String, Object) seems to be useless [open.dolphin.adm20.converter.IOSHelper] At IOSHelper.java:[line 90] UC_USELESS_VOID_METHOD
[ERROR] Medium: open.dolphin.adm20.converter.IOndobanModel30.getIuser() may expose internal representation by returning IOndobanModel30.iuser [open.dolphin.adm20.converter.IOndobanModel30] At IOndobanModel30.java:[line 216] EI_EXPOSE_REP
[ERROR] Medium: open.dolphin.adm20.converter.IOndobanModel30.getKarteBean() may expose internal representation by returning IOndobanModel30.karteBean [open.dolphin.adm20.converter.IOndobanModel30] At IOndobanModel30.java:[line 224] EI_EXPOSE_REP
[ERROR] Medium: open.dolphin.adm20.converter.IOndobanModel30.getUserModel() may expose internal representation by returning IOndobanModel30.userModel [open.dolphin.adm20.converter.IOndobanModel30] At IOndobanModel30.java:[line 208] EI_EXPOSE_REP
[ERROR] Medium: open.dolphin.adm20.converter.IOndobanModel30.setIuser(IUserModel) may expose internal representation by storing an externally mutable object into IOndobanModel30.iuser [open.dolphin.adm20.converter.IOndobanModel30] At IOndobanModel30.java:[line 220] EI_EXPOSE_REP2
[ERROR] Medium: open.dolphin.adm20.converter.IOndobanModel30.setKarteBean(KarteBean) may expose internal representation by storing an externally mutable object into IOndobanModel30.karteBean [open.dolphin.adm20.converter.IOndobanModel30] At IOndobanModel30.java:[line 228] EI_EXPOSE_REP2
[ERROR] Medium: open.dolphin.adm20.converter.IOndobanModel30.setUserModel(UserModel) may expose internal representation by storing an externally mutable object into IOndobanModel30.userModel [open.dolphin.adm20.converter.IOndobanModel30] At IOndobanModel30.java:[line 212] EI_EXPOSE_REP2
[ERROR] Medium: open.dolphin.adm20.converter.IPHRClaimModule.getBundles() may expose internal representation by returning IPHRClaimModule.bundles [open.dolphin.adm20.converter.IPHRClaimModule] At IPHRClaimModule.java:[line 130] EI_EXPOSE_REP
[ERROR] Medium: open.dolphin.adm20.converter.IPHRClaimModule.setBundles(List) may expose internal representation by storing an externally mutable object into IPHRClaimModule.bundles [open.dolphin.adm20.converter.IPHRClaimModule] At IPHRClaimModule.java:[line 134] EI_EXPOSE_REP2
[ERROR] Medium: open.dolphin.adm20.converter.IPVTHealthInsurance.getContinuedDisease() may expose internal representation by returning IPVTHealthInsurance.continuedDisease [open.dolphin.adm20.converter.IPVTHealthInsurance] At IPVTHealthInsurance.java:[line 145] EI_EXPOSE_REP
[ERROR] Medium: open.dolphin.adm20.converter.IPVTHealthInsurance.getPublicItems() may expose internal representation by returning IPVTHealthInsurance.publicItems [open.dolphin.adm20.converter.IPVTHealthInsurance] At IPVTHealthInsurance.java:[line 169] EI_EXPOSE_REP
[ERROR] Medium: open.dolphin.adm20.converter.IPVTHealthInsurance.setContinuedDisease(List) may expose internal representation by storing an externally mutable object into IPVTHealthInsurance.continuedDisease [open.dolphin.adm20.converter.IPVTHealthInsurance] At IPVTHealthInsurance.java:[line 149] EI_EXPOSE_REP2
[ERROR] Medium: open.dolphin.adm20.converter.IPVTHealthInsurance.setPublicItems(List) may expose internal representation by storing an externally mutable object into IPVTHealthInsurance.publicItems [open.dolphin.adm20.converter.IPVTHealthInsurance] At IPVTHealthInsurance.java:[line 173] EI_EXPOSE_REP2
[ERROR] Medium: open.dolphin.adm20.converter.IPatientList.setModel(IInfoModel) may expose internal representation by storing an externally mutable object into IPatientList.model [open.dolphin.adm20.converter.IPatientList] At IPatientList.java:[line 37] EI_EXPOSE_REP2
[ERROR] Medium: open.dolphin.adm20.converter.IPatientMemoModel.getKarteBean() may expose internal representation by returning IPatientMemoModel.karteBean [open.dolphin.adm20.converter.IPatientMemoModel] At IPatientMemoModel.java:[line 176] EI_EXPOSE_REP
[ERROR] Medium: open.dolphin.adm20.converter.IPatientMemoModel.getUserModel() may expose internal representation by returning IPatientMemoModel.userModel [open.dolphin.adm20.converter.IPatientMemoModel] At IPatientMemoModel.java:[line 168] EI_EXPOSE_REP
[ERROR] Medium: open.dolphin.adm20.converter.IPatientMemoModel.setKarteBean(KarteBean) may expose internal representation by storing an externally mutable object into IPatientMemoModel.karteBean [open.dolphin.adm20.converter.IPatientMemoModel] At IPatientMemoModel.java:[line 180] EI_EXPOSE_REP2
[ERROR] Medium: open.dolphin.adm20.converter.IPatientMemoModel.setUserModel(UserModel) may expose internal representation by storing an externally mutable object into IPatientMemoModel.userModel [open.dolphin.adm20.converter.IPatientMemoModel] At IPatientMemoModel.java:[line 172] EI_EXPOSE_REP2
[ERROR] Medium: open.dolphin.adm20.converter.IPatientModel.setModel(IInfoModel) may expose internal representation by storing an externally mutable object into IPatientModel.model [open.dolphin.adm20.converter.IPatientModel] At IPatientModel.java:[line 146] EI_EXPOSE_REP2
[ERROR] Medium: open.dolphin.adm20.converter.IPatientVisitModel.setModel(IInfoModel) may expose internal representation by storing an externally mutable object into IPatientVisitModel.model [open.dolphin.adm20.converter.IPatientVisitModel] At IPatientVisitModel.java:[line 102] EI_EXPOSE_REP2
[ERROR] Medium: open.dolphin.adm20.converter.IPriscription.getApplyedInsurance() may expose internal representation by returning IPriscription.applyedInsurance [open.dolphin.adm20.converter.IPriscription] At IPriscription.java:[line 156] EI_EXPOSE_REP
[ERROR] Medium: open.dolphin.adm20.converter.IPriscription.getPriscriptionList() may expose internal representation by returning IPriscription.priscriptionList [open.dolphin.adm20.converter.IPriscription] At IPriscription.java:[line 148] EI_EXPOSE_REP
[ERROR] Medium: open.dolphin.adm20.converter.IPriscription.setApplyedInsurance(IPVTHealthInsurance) may expose internal representation by storing an externally mutable object into IPriscription.applyedInsurance [open.dolphin.adm20.converter.IPriscription] At IPriscription.java:[line 160] EI_EXPOSE_REP2
[ERROR] Medium: open.dolphin.adm20.converter.IPriscription.setPriscriptionList(List) may expose internal representation by storing an externally mutable object into IPriscription.priscriptionList [open.dolphin.adm20.converter.IPriscription] At IPriscription.java:[line 152] EI_EXPOSE_REP2
[ERROR] Medium: open.dolphin.adm20.converter.IProgressCourseModule.getModel() may expose internal representation by returning IProgressCourseModule.model [open.dolphin.adm20.converter.IProgressCourseModule] At IProgressCourseModule.java:[line 15] EI_EXPOSE_REP
[ERROR] Medium: open.dolphin.adm20.converter.IProgressCourseModule.setModel(IProgressCourse) may expose internal representation by storing an externally mutable object into IProgressCourseModule.model [open.dolphin.adm20.converter.IProgressCourseModule] At IProgressCourseModule.java:[line 19] EI_EXPOSE_REP2
[ERROR] Medium: open.dolphin.adm20.converter.IProgressCourseModule2.getModel() may expose internal representation by returning IProgressCourseModule2.model [open.dolphin.adm20.converter.IProgressCourseModule2] At IProgressCourseModule2.java:[line 16] EI_EXPOSE_REP
[ERROR] Medium: open.dolphin.adm20.converter.IProgressCourseModule2.setModel(IProgressCourse) may expose internal representation by storing an externally mutable object into IProgressCourseModule2.model [open.dolphin.adm20.converter.IProgressCourseModule2] At IProgressCourseModule2.java:[line 20] EI_EXPOSE_REP2
[ERROR] Medium: open.dolphin.adm20.converter.IProgressCourseModule30.getModel() may expose internal representation by returning IProgressCourseModule30.model [open.dolphin.adm20.converter.IProgressCourseModule30] At IProgressCourseModule30.java:[line 15] EI_EXPOSE_REP
[ERROR] Medium: open.dolphin.adm20.converter.IProgressCourseModule30.setModel(IProgressCourse) may expose internal representation by storing an externally mutable object into IProgressCourseModule30.model [open.dolphin.adm20.converter.IProgressCourseModule30] At IProgressCourseModule30.java:[line 19] EI_EXPOSE_REP2
[ERROR] Medium: open.dolphin.adm20.converter.IRegisteredDiagnosis.getKarteBean() may expose internal representation by returning IRegisteredDiagnosis.karteBean [open.dolphin.adm20.converter.IRegisteredDiagnosis] At IRegisteredDiagnosis.java:[line 149] EI_EXPOSE_REP
[ERROR] Medium: open.dolphin.adm20.converter.IRegisteredDiagnosis.getUserModel() may expose internal representation by returning IRegisteredDiagnosis.userModel [open.dolphin.adm20.converter.IRegisteredDiagnosis] At IRegisteredDiagnosis.java:[line 141] EI_EXPOSE_REP
[ERROR] Medium: open.dolphin.adm20.converter.IRegisteredDiagnosis.setKarteBean(KarteBean) may expose internal representation by storing an externally mutable object into IRegisteredDiagnosis.karteBean [open.dolphin.adm20.converter.IRegisteredDiagnosis] At IRegisteredDiagnosis.java:[line 153] EI_EXPOSE_REP2
[ERROR] Medium: open.dolphin.adm20.converter.IRegisteredDiagnosis.setUserModel(UserModel) may expose internal representation by storing an externally mutable object into IRegisteredDiagnosis.userModel [open.dolphin.adm20.converter.IRegisteredDiagnosis] At IRegisteredDiagnosis.java:[line 145] EI_EXPOSE_REP2
[ERROR] Medium: open.dolphin.adm20.converter.IRoleModel.setModel(IInfoModel) may expose internal representation by storing an externally mutable object into IRoleModel.model [open.dolphin.adm20.converter.IRoleModel] At IRoleModel.java:[line 33] EI_EXPOSE_REP2
[ERROR] High: Dead store to ext in open.dolphin.adm20.converter.ISchemaModel.fromModel(SchemaModel) [open.dolphin.adm20.converter.ISchemaModel] At ISchemaModel.java:[line 164] DLS_DEAD_LOCAL_STORE
[ERROR] Medium: open.dolphin.adm20.converter.ISchemaModel.getExtRefModel() may expose internal representation by returning ISchemaModel.extRef [open.dolphin.adm20.converter.ISchemaModel] At ISchemaModel.java:[line 127] EI_EXPOSE_REP
[ERROR] Medium: open.dolphin.adm20.converter.ISchemaModel.getJpegByte() may expose internal representation by returning ISchemaModel.jpegByte [open.dolphin.adm20.converter.ISchemaModel] At ISchemaModel.java:[line 135] EI_EXPOSE_REP
[ERROR] Medium: open.dolphin.adm20.converter.ISchemaModel.getKarteBean() may expose internal representation by returning ISchemaModel.karteBean [open.dolphin.adm20.converter.ISchemaModel] At ISchemaModel.java:[line 119] EI_EXPOSE_REP
[ERROR] Medium: open.dolphin.adm20.converter.ISchemaModel.getUserModel() may expose internal representation by returning ISchemaModel.userModel [open.dolphin.adm20.converter.ISchemaModel] At ISchemaModel.java:[line 111] EI_EXPOSE_REP
[ERROR] Medium: open.dolphin.adm20.converter.ISchemaModel.setExtRefModel(IExtRefModel) may expose internal representation by storing an externally mutable object into ISchemaModel.extRef [open.dolphin.adm20.converter.ISchemaModel] At ISchemaModel.java:[line 131] EI_EXPOSE_REP2
[ERROR] Medium: open.dolphin.adm20.converter.ISchemaModel.setJpegByte(byte[]) may expose internal representation by storing an externally mutable object into ISchemaModel.jpegByte [open.dolphin.adm20.converter.ISchemaModel] At ISchemaModel.java:[line 139] EI_EXPOSE_REP2
[ERROR] Medium: open.dolphin.adm20.converter.ISchemaModel.setKarteBean(KarteBean) may expose internal representation by storing an externally mutable object into ISchemaModel.karteBean [open.dolphin.adm20.converter.ISchemaModel] At ISchemaModel.java:[line 123] EI_EXPOSE_REP2
[ERROR] Medium: open.dolphin.adm20.converter.ISchemaModel.setUserModel(UserModel) may expose internal representation by storing an externally mutable object into ISchemaModel.userModel [open.dolphin.adm20.converter.ISchemaModel] At ISchemaModel.java:[line 115] EI_EXPOSE_REP2
[ERROR] Medium: open.dolphin.adm20.converter.ISendPackage.getChartEvent() may expose internal representation by returning ISendPackage.chartEvent [open.dolphin.adm20.converter.ISendPackage] At ISendPackage.java:[line 23] EI_EXPOSE_REP
[ERROR] Medium: open.dolphin.adm20.converter.ISendPackage.getDeletedDiagnosis() may expose internal representation by returning ISendPackage.deletedDiagnosis [open.dolphin.adm20.converter.ISendPackage] At ISendPackage.java:[line 47] EI_EXPOSE_REP
[ERROR] Medium: open.dolphin.adm20.converter.ISendPackage.getDiagnosisSendWrapper() may expose internal representation by returning ISendPackage.diagnosisSendWrapper [open.dolphin.adm20.converter.ISendPackage] At ISendPackage.java:[line 39] EI_EXPOSE_REP
[ERROR] Medium: open.dolphin.adm20.converter.ISendPackage.getDocument() may expose internal representation by returning ISendPackage.document [open.dolphin.adm20.converter.ISendPackage] At ISendPackage.java:[line 31] EI_EXPOSE_REP
[ERROR] Medium: open.dolphin.adm20.converter.ISendPackage.setChartEvent(IChartEvent) may expose internal representation by storing an externally mutable object into ISendPackage.chartEvent [open.dolphin.adm20.converter.ISendPackage] At ISendPackage.java:[line 27] EI_EXPOSE_REP2
[ERROR] Medium: open.dolphin.adm20.converter.ISendPackage.setDeletedDiagnosis(List) may expose internal representation by storing an externally mutable object into ISendPackage.deletedDiagnosis [open.dolphin.adm20.converter.ISendPackage] At ISendPackage.java:[line 51] EI_EXPOSE_REP2
[ERROR] Medium: open.dolphin.adm20.converter.ISendPackage.setDiagnosisSendWrapper(IDiagnosisSendWrapper) may expose internal representation by storing an externally mutable object into ISendPackage.diagnosisSendWrapper [open.dolphin.adm20.converter.ISendPackage] At ISendPackage.java:[line 43] EI_EXPOSE_REP2
[ERROR] Medium: open.dolphin.adm20.converter.ISendPackage.setDocument(IDocument) may expose internal representation by storing an externally mutable object into ISendPackage.document [open.dolphin.adm20.converter.ISendPackage] At ISendPackage.java:[line 35] EI_EXPOSE_REP2
[ERROR] Medium: open.dolphin.adm20.converter.ISendPackage2.getChartEvent() may expose internal representation by returning ISendPackage2.chartEvent [open.dolphin.adm20.converter.ISendPackage2] At ISendPackage2.java:[line 24] EI_EXPOSE_REP
[ERROR] Medium: open.dolphin.adm20.converter.ISendPackage2.getDeletedDiagnosis() may expose internal representation by returning ISendPackage2.deletedDiagnosis [open.dolphin.adm20.converter.ISendPackage2] At ISendPackage2.java:[line 48] EI_EXPOSE_REP
[ERROR] Medium: open.dolphin.adm20.converter.ISendPackage2.getDiagnosisSendWrapper() may expose internal representation by returning ISendPackage2.diagnosisSendWrapper [open.dolphin.adm20.converter.ISendPackage2] At ISendPackage2.java:[line 40] EI_EXPOSE_REP
[ERROR] Medium: open.dolphin.adm20.converter.ISendPackage2.getDocument() may expose internal representation by returning ISendPackage2.document [open.dolphin.adm20.converter.ISendPackage2] At ISendPackage2.java:[line 32] EI_EXPOSE_REP
[ERROR] Medium: open.dolphin.adm20.converter.ISendPackage2.setChartEvent(IChartEvent) may expose internal representation by storing an externally mutable object into ISendPackage2.chartEvent [open.dolphin.adm20.converter.ISendPackage2] At ISendPackage2.java:[line 28] EI_EXPOSE_REP2
[ERROR] Medium: open.dolphin.adm20.converter.ISendPackage2.setDeletedDiagnosis(List) may expose internal representation by storing an externally mutable object into ISendPackage2.deletedDiagnosis [open.dolphin.adm20.converter.ISendPackage2] At ISendPackage2.java:[line 52] EI_EXPOSE_REP2
[ERROR] Medium: open.dolphin.adm20.converter.ISendPackage2.setDiagnosisSendWrapper(IDiagnosisSendWrapper) may expose internal representation by storing an externally mutable object into ISendPackage2.diagnosisSendWrapper [open.dolphin.adm20.converter.ISendPackage2] At ISendPackage2.java:[line 44] EI_EXPOSE_REP2
[ERROR] Medium: open.dolphin.adm20.converter.ISendPackage2.setDocument(IDocument2) may expose internal representation by storing an externally mutable object into ISendPackage2.document [open.dolphin.adm20.converter.ISendPackage2] At ISendPackage2.java:[line 36] EI_EXPOSE_REP2
[ERROR] Medium: open.dolphin.adm20.converter.IUserModel.setModel(IInfoModel) may expose internal representation by storing an externally mutable object into IUserModel.model [open.dolphin.adm20.converter.IUserModel] At IUserModel.java:[line 119] EI_EXPOSE_REP2
[ERROR] Medium: open.dolphin.adm20.converter.IVisitPackage.setModel(IInfoModel) may expose internal representation by storing an externally mutable object into IVisitPackage.model [open.dolphin.adm20.converter.IVisitPackage] At IVisitPackage.java:[line 99] EI_EXPOSE_REP2
[ERROR] Medium: open.dolphin.adm20.converter.NLaboItemConverter.setModel(NLaboItem) may expose internal representation by storing an externally mutable object into NLaboItemConverter.model [open.dolphin.adm20.converter.NLaboItemConverter] At NLaboItemConverter.java:[line 118] EI_EXPOSE_REP2
[ERROR] Medium: open.dolphin.adm20.converter.NLaboModuleConverter.setModel(NLaboModule) may expose internal representation by storing an externally mutable object into NLaboModuleConverter.model [open.dolphin.adm20.converter.NLaboModuleConverter] At NLaboModuleConverter.java:[line 105] EI_EXPOSE_REP2
[ERROR] Medium: open.dolphin.adm20.dto.PhrExportRequest.getPatientIds() may expose internal representation by returning PhrExportRequest.patientIds [open.dolphin.adm20.dto.PhrExportRequest] At PhrExportRequest.java:[line 18] EI_EXPOSE_REP
[ERROR] Medium: open.dolphin.adm20.dto.PhrExportRequest.setPatientIds(List) may expose internal representation by storing an externally mutable object into PhrExportRequest.patientIds [open.dolphin.adm20.dto.PhrExportRequest] At PhrExportRequest.java:[line 22] EI_EXPOSE_REP2
[ERROR] Medium: open.dolphin.adm20.dto.TotpVerificationResponse.getBackupCodes() may expose internal representation by returning TotpVerificationResponse.backupCodes [open.dolphin.adm20.dto.TotpVerificationResponse] At TotpVerificationResponse.java:[line 22] EI_EXPOSE_REP
[ERROR] Medium: open.dolphin.adm20.dto.TotpVerificationResponse.setBackupCodes(List) may expose internal representation by storing an externally mutable object into TotpVerificationResponse.backupCodes [open.dolphin.adm20.dto.TotpVerificationResponse] At TotpVerificationResponse.java:[line 26] EI_EXPOSE_REP2
[ERROR] Medium: Possible null pointer dereference in open.dolphin.adm20.export.FilesystemPhrExportStorage.storeArtifact(PHRAsyncJob, InputStream, long, String) due to return value of called method [open.dolphin.adm20.export.FilesystemPhrExportStorage, open.dolphin.adm20.export.FilesystemPhrExportStorage] Dereferenced at FilesystemPhrExportStorage.java:[line 29]Known null at FilesystemPhrExportStorage.java:[line 29] NP_NULL_ON_SOME_PATH_FROM_RETURN_VALUE
[ERROR] Medium: open.dolphin.adm20.mbean.IdentityService.readPrivateKeyFromDisk(String) may fail to close stream [open.dolphin.adm20.mbean.IdentityService] At IdentityService.java:[line 81] OS_OPEN_STREAM
[ERROR] Medium: open.dolphin.adm20.rest.AbstractResource.FEMALES should be package protected [open.dolphin.adm20.rest.AbstractResource] At AbstractResource.java:[line 80] MS_PKGPROTECT
[ERROR] Medium: open.dolphin.adm20.rest.AbstractResource.MALES should be package protected [open.dolphin.adm20.rest.AbstractResource] At AbstractResource.java:[line 79] MS_PKGPROTECT
[ERROR] Medium: Switch statement found in open.dolphin.adm20.rest.AbstractResource.writeChildren(StringBuilder, Element) where default case is missing [open.dolphin.adm20.rest.AbstractResource] At AbstractResource.java:[lines 372-395] SF_SWITCH_NO_DEFAULT
[ERROR] Medium: open.dolphin.adm20.rest.AdmissionResource.getFacilityCodeBy1001() may fail to clean up java.sql.ResultSet on checked exception [open.dolphin.adm20.rest.AdmissionResource, open.dolphin.adm20.rest.AdmissionResource, open.dolphin.adm20.rest.AdmissionResource, open.dolphin.adm20.rest.AdmissionResource, open.dolphin.adm20.rest.AdmissionResource, open.dolphin.adm20.rest.AdmissionResource] Obligation to clean up resource created at AdmissionResource.java:[line 972] is not dischargedPath continues at AdmissionResource.java:[line 974]Path continues at AdmissionResource.java:[line 992]Path continues at AdmissionResource.java:[line 993]Path continues at AdmissionResource.java:[line 996]Path continues at AdmissionResource.java:[line 1004] OBL_UNSATISFIED_OBLIGATION_EXCEPTION_EDGE
[ERROR] Medium: open.dolphin.adm20.rest.AdmissionResource.getFacilityCodeBy1001() may fail to clean up java.sql.Statement on checked exception [open.dolphin.adm20.rest.AdmissionResource, open.dolphin.adm20.rest.AdmissionResource, open.dolphin.adm20.rest.AdmissionResource, open.dolphin.adm20.rest.AdmissionResource, open.dolphin.adm20.rest.AdmissionResource, open.dolphin.adm20.rest.AdmissionResource, open.dolphin.adm20.rest.AdmissionResource] Obligation to clean up resource created at AdmissionResource.java:[line 970] is not dischargedPath continues at AdmissionResource.java:[line 972]Path continues at AdmissionResource.java:[line 974]Path continues at AdmissionResource.java:[line 992]Path continues at AdmissionResource.java:[line 993]Path continues at AdmissionResource.java:[line 996]Path continues at AdmissionResource.java:[line 1004] OBL_UNSATISFIED_OBLIGATION_EXCEPTION_EDGE
[ERROR] Medium: open.dolphin.adm20.rest.EHTResource.getFacilityCodeBy1001() may fail to clean up java.sql.ResultSet on checked exception [open.dolphin.adm20.rest.EHTResource, open.dolphin.adm20.rest.EHTResource, open.dolphin.adm20.rest.EHTResource, open.dolphin.adm20.rest.EHTResource, open.dolphin.adm20.rest.EHTResource, open.dolphin.adm20.rest.EHTResource] Obligation to clean up resource created at EHTResource.java:[line 1418] is not dischargedPath continues at EHTResource.java:[line 1420]Path continues at EHTResource.java:[line 1438]Path continues at EHTResource.java:[line 1439]Path continues at EHTResource.java:[line 1442]Path continues at EHTResource.java:[line 1450] OBL_UNSATISFIED_OBLIGATION_EXCEPTION_EDGE
[ERROR] Medium: open.dolphin.adm20.rest.EHTResource.getFacilityCodeBy1001() may fail to clean up java.sql.Statement on checked exception [open.dolphin.adm20.rest.EHTResource, open.dolphin.adm20.rest.EHTResource, open.dolphin.adm20.rest.EHTResource, open.dolphin.adm20.rest.EHTResource, open.dolphin.adm20.rest.EHTResource, open.dolphin.adm20.rest.EHTResource, open.dolphin.adm20.rest.EHTResource] Obligation to clean up resource created at EHTResource.java:[line 1416] is not dischargedPath continues at EHTResource.java:[line 1418]Path continues at EHTResource.java:[line 1420]Path continues at EHTResource.java:[line 1438]Path continues at EHTResource.java:[line 1439]Path continues at EHTResource.java:[line 1442]Path continues at EHTResource.java:[line 1450] OBL_UNSATISFIED_OBLIGATION_EXCEPTION_EDGE
[ERROR] Medium: open.dolphin.adm20.rest.EHTResource$32.write(OutputStream) might ignore java.lang.Exception [open.dolphin.adm20.rest.EHTResource$32, open.dolphin.adm20.rest.EHTResource$32] At EHTResource.java:[line 1134]At EHTResource.java:[line 1134] DE_MIGHT_IGNORE
[ERROR] Medium: Useless object stored in variable bb of method open.dolphin.adm20.rest.JSONStampTreeBuilder.buildStampInfo(String, String, String, String, String, String) [open.dolphin.adm20.rest.JSONStampTreeBuilder] At JSONStampTreeBuilder.java:[line 132] UC_USELESS_OBJECT
[ERROR] Medium: Unread field: open.dolphin.adm20.rest.StampTreeDirector.TT_NODE; should this field be static? [open.dolphin.adm20.rest.StampTreeDirector] At StampTreeDirector.java:[line 20] SS_SHOULD_BE_STATIC
[ERROR] Medium: Unread field: open.dolphin.adm20.rest.StampTreeDirector.TT_ROOT; should this field be static? [open.dolphin.adm20.rest.StampTreeDirector] At StampTreeDirector.java:[line 21] SS_SHOULD_BE_STATIC
[ERROR] Medium: Unread field: open.dolphin.adm20.rest.StampTreeDirector.TT_STAMP_BOX; should this field be static? [open.dolphin.adm20.rest.StampTreeDirector] At StampTreeDirector.java:[line 23] SS_SHOULD_BE_STATIC
[ERROR] Medium: Unread field: open.dolphin.adm20.rest.StampTreeDirector.TT_STAMP_INFO; should this field be static? [open.dolphin.adm20.rest.StampTreeDirector] At StampTreeDirector.java:[line 19] SS_SHOULD_BE_STATIC
[ERROR] Medium: Unread field: open.dolphin.adm20.rest.StampTreeDirector.TT_STAMP_TREE; should this field be static? [open.dolphin.adm20.rest.StampTreeDirector] At StampTreeDirector.java:[line 22] SS_SHOULD_BE_STATIC
[ERROR] Medium: Dead store to number in open.dolphin.adm20.session.ADM20_AdmissionServiceBean.getDocIdList(long, Date) [open.dolphin.adm20.session.ADM20_AdmissionServiceBean] At ADM20_AdmissionServiceBean.java:[line 367] DLS_DEAD_LOCAL_STORE
[ERROR] Medium: Possible null pointer dereference of pvtHealthInsurance in open.dolphin.adm20.session.ADM20_AdmissionServiceBean.getDocIdList(long, Date) [open.dolphin.adm20.session.ADM20_AdmissionServiceBean, open.dolphin.adm20.session.ADM20_AdmissionServiceBean, open.dolphin.adm20.session.ADM20_AdmissionServiceBean] Dereferenced at ADM20_AdmissionServiceBean.java:[line 408]Null value at ADM20_AdmissionServiceBean.java:[line 302]Known null at ADM20_AdmissionServiceBean.java:[line 303] NP_NULL_ON_SOME_PATH
[ERROR] Medium: Dead store to md5hash in open.dolphin.mbean.HashUtil.MD5(String) [open.dolphin.mbean.HashUtil] At HashUtil.java:[line 38] DLS_DEAD_LOCAL_STORE
[ERROR] High: Return value of String.replace(CharSequence, CharSequence) ignored in open.dolphin.mbean.KanaToAscii.CHGKanatoASCII(String, String) [open.dolphin.mbean.KanaToAscii, open.dolphin.mbean.KanaToAscii, open.dolphin.mbean.KanaToAscii, open.dolphin.mbean.KanaToAscii, open.dolphin.mbean.KanaToAscii, open.dolphin.mbean.KanaToAscii, open.dolphin.mbean.KanaToAscii] At KanaToAscii.java:[line 601]Another occurrence at KanaToAscii.java:[line 602]Another occurrence at KanaToAscii.java:[line 603]Another occurrence at KanaToAscii.java:[line 604]Another occurrence at KanaToAscii.java:[line 605]Another occurrence at KanaToAscii.java:[line 606]Another occurrence at KanaToAscii.java:[line 607] RV_RETURN_VALUE_IGNORED
[ERROR] Medium: open.dolphin.mbean.PVTBuilder.getPvtClaim() may expose internal representation by returning PVTBuilder.pvtClaim [open.dolphin.mbean.PVTBuilder] At PVTBuilder.java:[line 283] EI_EXPOSE_REP
[ERROR] Medium: new open.dolphin.mbean.PvtService$Connection(PvtService, Socket) may expose internal representation by storing an externally mutable object into PvtService$Connection.client [open.dolphin.mbean.PvtService$Connection] At PvtService.java:[line 174] EI_EXPOSE_REP2
[ERROR] Medium: Redundant nullcheck of conn which is known to be null in open.dolphin.mbean.PvtService$Connection.run() [open.dolphin.mbean.PvtService$Connection] Redundant null check at PvtService.java:[line 261] RCN_REDUNDANT_NULLCHECK_OF_NULL_VALUE
[ERROR] Medium: open.dolphin.mbean.ServletContextHolder.getAsyncContextList() may expose internal representation by returning ServletContextHolder.acList [open.dolphin.mbean.ServletContextHolder] At ServletContextHolder.java:[line 35] EI_EXPOSE_REP
[ERROR] Medium: open.dolphin.mbean.ServletContextHolder.getPvtListMap() may expose internal representation by returning ServletContextHolder.pvtListMap [open.dolphin.mbean.ServletContextHolder] At ServletContextHolder.java:[line 59] EI_EXPOSE_REP
[ERROR] Medium: open.dolphin.mbean.ServletContextHolder.getToday() may expose internal representation by returning ServletContextHolder.today [open.dolphin.mbean.ServletContextHolder] At ServletContextHolder.java:[line 86] EI_EXPOSE_REP
[ERROR] Medium: open.dolphin.mbean.ServletContextHolder.getTomorrow() may expose internal representation by returning ServletContextHolder.tomorrow [open.dolphin.mbean.ServletContextHolder] At ServletContextHolder.java:[line 89] EI_EXPOSE_REP
[ERROR] Medium: open.dolphin.mbean.UserCache.getMap() may expose internal representation by returning UserCache.map [open.dolphin.mbean.UserCache] At UserCache.java:[line 17] EI_EXPOSE_REP
[ERROR] Medium: open.dolphin.msg.ClaimHelper.getClaimBundle() may expose internal representation by returning ClaimHelper.claimBundle [open.dolphin.msg.ClaimHelper] At ClaimHelper.java:[line 163] EI_EXPOSE_REP
[ERROR] Medium: open.dolphin.msg.ClaimHelper.getSelectedInsurance() may expose internal representation by returning ClaimHelper.selectedInsurance [open.dolphin.msg.ClaimHelper] At ClaimHelper.java:[line 252] EI_EXPOSE_REP
[ERROR] Medium: open.dolphin.msg.ClaimHelper.setClaimBundle(ClaimBundle[]) may expose internal representation by storing an externally mutable object into ClaimHelper.claimBundle [open.dolphin.msg.ClaimHelper] At ClaimHelper.java:[line 159] EI_EXPOSE_REP2
[ERROR] Medium: open.dolphin.msg.ClaimHelper.setSelectedInsurance(PVTHealthInsuranceModel) may expose internal representation by storing an externally mutable object into ClaimHelper.selectedInsurance [open.dolphin.msg.ClaimHelper] At ClaimHelper.java:[line 256] EI_EXPOSE_REP2
[ERROR] Medium: open.dolphin.msg.DiagnosisModuleItem.getDocInfo() may expose internal representation by returning DiagnosisModuleItem.docInfo [open.dolphin.msg.DiagnosisModuleItem] At DiagnosisModuleItem.java:[line 23] EI_EXPOSE_REP
[ERROR] Medium: open.dolphin.msg.DiagnosisModuleItem.getRegisteredDiagnosisModule() may expose internal representation by returning DiagnosisModuleItem.registeredDiagnosisModule [open.dolphin.msg.DiagnosisModuleItem] At DiagnosisModuleItem.java:[line 31] EI_EXPOSE_REP
[ERROR] Medium: open.dolphin.msg.DiagnosisModuleItem.setDocInfo(DocInfoModel) may expose internal representation by storing an externally mutable object into DiagnosisModuleItem.docInfo [open.dolphin.msg.DiagnosisModuleItem] At DiagnosisModuleItem.java:[line 27] EI_EXPOSE_REP2
[ERROR] Medium: open.dolphin.msg.DiagnosisModuleItem.setRegisteredDiagnosisModule(RegisteredDiagnosisModel) may expose internal representation by storing an externally mutable object into DiagnosisModuleItem.registeredDiagnosisModule [open.dolphin.msg.DiagnosisModuleItem] At DiagnosisModuleItem.java:[line 35] EI_EXPOSE_REP2
[ERROR] Medium: Should open.dolphin.msg.DiagnosisSender$DiagnosisSendComparator be a _static_ inner class? [open.dolphin.msg.DiagnosisSender$DiagnosisSendComparator] At DiagnosisSender.java:[lines 286-320] SIC_INNER_SHOULD_BE_STATIC
[ERROR] Medium: open.dolphin.msg.DiseaseHelper.getDiagnosisModuleItems() may expose internal representation by returning DiseaseHelper.diagnosisModuleItems [open.dolphin.msg.DiseaseHelper] At DiseaseHelper.java:[line 128] EI_EXPOSE_REP
[ERROR] Medium: open.dolphin.msg.DiseaseHelper.setDiagnosisModuleItems(List) may expose internal representation by storing an externally mutable object into DiseaseHelper.diagnosisModuleItems [open.dolphin.msg.DiseaseHelper] At DiseaseHelper.java:[line 132] EI_EXPOSE_REP2
[ERROR] Medium: Vacuous iand operation on timeNow in open.dolphin.msg.GUIDGenerator.generate(Object) [open.dolphin.msg.GUIDGenerator] At GUIDGenerator.java:[line 54] INT_VACUOUS_BIT_OPERATION
[ERROR] Medium: open.dolphin.msg.MMLHelper.getAccessRights() may expose internal representation by returning MMLHelper.accessRights [open.dolphin.msg.MMLHelper] At MMLHelper.java:[line 281] EI_EXPOSE_REP
[ERROR] Medium: open.dolphin.msg.MMLHelper.getDocument() may expose internal representation by returning MMLHelper.document [open.dolphin.msg.MMLHelper] At MMLHelper.java:[line 47] EI_EXPOSE_REP
[ERROR] Medium: open.dolphin.msg.MMLHelper.getSchema() may expose internal representation by returning MMLHelper.schemas [open.dolphin.msg.MMLHelper] At MMLHelper.java:[line 277] EI_EXPOSE_REP
[ERROR] Medium: open.dolphin.msg.MMLHelper.setDocument(DocumentModel) may expose internal representation by storing an externally mutable object into MMLHelper.document [open.dolphin.msg.MMLHelper] At MMLHelper.java:[line 51] EI_EXPOSE_REP2
[ERROR] Medium: Redundant nullcheck of open.dolphin.msg.MMLHelper.freeExp, which is known to be non-null in open.dolphin.msg.MMLHelper.buildText() [open.dolphin.msg.MMLHelper, open.dolphin.msg.MMLHelper] Redundant null check at MMLHelper.java:[line 110]Another occurrence at MMLHelper.java:[line 120] RCN_REDUNDANT_NULLCHECK_OF_NONNULL_VALUE
[ERROR] Medium: open.dolphin.msg.PatientHelper.getDiagnosisList() may expose internal representation by returning PatientHelper.diagnosisList [open.dolphin.msg.PatientHelper] At PatientHelper.java:[line 87] EI_EXPOSE_REP
[ERROR] Medium: open.dolphin.msg.PatientHelper.getPatient() may expose internal representation by returning PatientHelper.patient [open.dolphin.msg.PatientHelper] At PatientHelper.java:[line 79] EI_EXPOSE_REP
[ERROR] Medium: open.dolphin.msg.PatientHelper.setDiagnosisList(List) may expose internal representation by storing an externally mutable object into PatientHelper.diagnosisList [open.dolphin.msg.PatientHelper] At PatientHelper.java:[line 91] EI_EXPOSE_REP2
[ERROR] Medium: open.dolphin.msg.PatientHelper.setPatient(PatientModel) may expose internal representation by storing an externally mutable object into PatientHelper.patient [open.dolphin.msg.PatientHelper] At PatientHelper.java:[line 83] EI_EXPOSE_REP2
[ERROR] Medium: instanceof will always return true for all non-null values in open.dolphin.msg.gateway.MessagingGateway.resolveTraceIdFromMdcOrGenerate(), since all String are instances of String [open.dolphin.msg.gateway.MessagingGateway] At MessagingGateway.java:[line 127] BC_VACUOUS_INSTANCEOF
[ERROR] Medium: Possible null pointer dereference in open.dolphin.reporting.PdfDocumentWriter.write(String, ReportContext, Path) due to return value of called method [open.dolphin.reporting.PdfDocumentWriter, open.dolphin.reporting.PdfDocumentWriter] Method invoked at PdfDocumentWriter.java:[line 27]Known null at PdfDocumentWriter.java:[line 27] NP_NULL_ON_SOME_PATH_FROM_RETURN_VALUE
[ERROR] Medium: open.dolphin.reporting.SigningConfig$Builder.tsaPassword(char[]) may expose internal representation by storing an externally mutable object into SigningConfig$Builder.tsaPassword [open.dolphin.reporting.SigningConfig$Builder] At SigningConfig.java:[line 151] EI_EXPOSE_REP2
[ERROR] Medium: Do not catch NullPointerException like in open.dolphin.rest.ChartEventResource$1.remove() [open.dolphin.rest.ChartEventResource$1] At ChartEventResource.java:[line 77] DCN_NULLPOINTER_EXCEPTION
[ERROR] Medium: Private method open.dolphin.rest.DemoResourceAsp.formatPatientId(long) is never called [open.dolphin.rest.DemoResourceAsp] At DemoResourceAsp.java:[line 980] UPM_UNCALLED_PRIVATE_METHOD
[ERROR] Medium: Dead store to cnt in open.dolphin.rest.MmlResource.getKarteList(String) [open.dolphin.rest.MmlResource] At MmlResource.java:[line 234] DLS_DEAD_LOCAL_STORE
[ERROR] Medium: open.dolphin.rest.dto.DemoAspResponses$ClaimBundleDto.getItems() may expose internal representation by returning DemoAspResponses$ClaimBundleDto.items [open.dolphin.rest.dto.DemoAspResponses$ClaimBundleDto] At DemoAspResponses.java:[line 102] EI_EXPOSE_REP
[ERROR] Medium: new open.dolphin.rest.dto.DemoAspResponses$ClaimBundleDto(String, String, String, String, String, List) may expose internal representation by storing an externally mutable object into DemoAspResponses$ClaimBundleDto.items [open.dolphin.rest.dto.DemoAspResponses$ClaimBundleDto] At DemoAspResponses.java:[line 78] EI_EXPOSE_REP2
[ERROR] Medium: open.dolphin.rest.dto.DemoAspResponses$HealthInsuranceDto.getPublicInsurances() may expose internal representation by returning DemoAspResponses$HealthInsuranceDto.publicInsurances [open.dolphin.rest.dto.DemoAspResponses$HealthInsuranceDto] At DemoAspResponses.java:[line 506] EI_EXPOSE_REP
[ERROR] Medium: new open.dolphin.rest.dto.DemoAspResponses$HealthInsuranceDto(String, String, String, String, String, String, String, String, String, String, String, List) may expose internal representation by storing an externally mutable object into DemoAspResponses$HealthInsuranceDto.publicInsurances [open.dolphin.rest.dto.DemoAspResponses$HealthInsuranceDto] At DemoAspResponses.java:[line 458] EI_EXPOSE_REP2
[ERROR] Medium: open.dolphin.rest.dto.DemoAspResponses$LaboTestModule.getItems() may expose internal representation by returning DemoAspResponses$LaboTestModule.items [open.dolphin.rest.dto.DemoAspResponses$LaboTestModule] At DemoAspResponses.java:[line 285] EI_EXPOSE_REP
[ERROR] Medium: new open.dolphin.rest.dto.DemoAspResponses$LaboTestModule(String, String, String, List) may expose internal representation by storing an externally mutable object into DemoAspResponses$LaboTestModule.items [open.dolphin.rest.dto.DemoAspResponses$LaboTestModule] At DemoAspResponses.java:[line 269] EI_EXPOSE_REP2
[ERROR] Medium: open.dolphin.rest.dto.DemoAspResponses$LaboTestResponse.getModules() may expose internal representation by returning DemoAspResponses$LaboTestResponse.modules [open.dolphin.rest.dto.DemoAspResponses$LaboTestResponse] At DemoAspResponses.java:[line 303] EI_EXPOSE_REP
[ERROR] Medium: new open.dolphin.rest.dto.DemoAspResponses$LaboTestResponse(DemoAspResponses$PageInfo, List) may expose internal representation by storing an externally mutable object into DemoAspResponses$LaboTestResponse.modules [open.dolphin.rest.dto.DemoAspResponses$LaboTestResponse] At DemoAspResponses.java:[line 295] EI_EXPOSE_REP2
[ERROR] Medium: open.dolphin.rest.dto.DemoAspResponses$LaboTrendResponse.getResults() may expose internal representation by returning DemoAspResponses$LaboTrendResponse.results [open.dolphin.rest.dto.DemoAspResponses$LaboTrendResponse] At DemoAspResponses.java:[line 370] EI_EXPOSE_REP
[ERROR] Medium: new open.dolphin.rest.dto.DemoAspResponses$LaboTrendResponse(String, String, String, String, List) may expose internal representation by storing an externally mutable object into DemoAspResponses$LaboTrendResponse.results [open.dolphin.rest.dto.DemoAspResponses$LaboTrendResponse] At DemoAspResponses.java:[line 350] EI_EXPOSE_REP2
[ERROR] Medium: open.dolphin.rest.dto.DemoAspResponses$ModuleResponse.getModules() may expose internal representation by returning DemoAspResponses$ModuleResponse.modules [open.dolphin.rest.dto.DemoAspResponses$ModuleResponse] At DemoAspResponses.java:[line 120] EI_EXPOSE_REP
[ERROR] Medium: new open.dolphin.rest.dto.DemoAspResponses$ModuleResponse(DemoAspResponses$PageInfo, List) may expose internal representation by storing an externally mutable object into DemoAspResponses$ModuleResponse.modules [open.dolphin.rest.dto.DemoAspResponses$ModuleResponse] At DemoAspResponses.java:[line 112] EI_EXPOSE_REP2
[ERROR] Medium: open.dolphin.rest.dto.DemoAspResponses$PatientPackageResponse.getAllergies() may expose internal representation by returning DemoAspResponses$PatientPackageResponse.allergies [open.dolphin.rest.dto.DemoAspResponses$PatientPackageResponse] At DemoAspResponses.java:[line 555] EI_EXPOSE_REP
[ERROR] Medium: open.dolphin.rest.dto.DemoAspResponses$PatientPackageResponse.getHealthInsurances() may expose internal representation by returning DemoAspResponses$PatientPackageResponse.healthInsurances [open.dolphin.rest.dto.DemoAspResponses$PatientPackageResponse] At DemoAspResponses.java:[line 551] EI_EXPOSE_REP
[ERROR] Medium: open.dolphin.rest.dto.DemoAspResponses$PatientPackageResponse.getPatient() may expose internal representation by returning DemoAspResponses$PatientPackageResponse.patient [open.dolphin.rest.dto.DemoAspResponses$PatientPackageResponse] At DemoAspResponses.java:[line 547] EI_EXPOSE_REP
[ERROR] Medium: new open.dolphin.rest.dto.DemoAspResponses$PatientPackageResponse(IPatientModel, List, List) may expose internal representation by storing an externally mutable object into DemoAspResponses$PatientPackageResponse.allergies [open.dolphin.rest.dto.DemoAspResponses$PatientPackageResponse] At DemoAspResponses.java:[line 543] EI_EXPOSE_REP2
[ERROR] Medium: new open.dolphin.rest.dto.DemoAspResponses$PatientPackageResponse(IPatientModel, List, List) may expose internal representation by storing an externally mutable object into DemoAspResponses$PatientPackageResponse.healthInsurances [open.dolphin.rest.dto.DemoAspResponses$PatientPackageResponse] At DemoAspResponses.java:[line 542] EI_EXPOSE_REP2
[ERROR] Medium: new open.dolphin.rest.dto.DemoAspResponses$PatientPackageResponse(IPatientModel, List, List) may expose internal representation by storing an externally mutable object into DemoAspResponses$PatientPackageResponse.patient [open.dolphin.rest.dto.DemoAspResponses$PatientPackageResponse] At DemoAspResponses.java:[line 541] EI_EXPOSE_REP2
[ERROR] Medium: open.dolphin.rest.dto.DemoAspResponses$ProgressCourseDocument.getOrders() may expose internal representation by returning DemoAspResponses$ProgressCourseDocument.orders [open.dolphin.rest.dto.DemoAspResponses$ProgressCourseDocument] At DemoAspResponses.java:[line 153] EI_EXPOSE_REP
[ERROR] Medium: open.dolphin.rest.dto.DemoAspResponses$ProgressCourseDocument.getSchemas() may expose internal representation by returning DemoAspResponses$ProgressCourseDocument.schemas [open.dolphin.rest.dto.DemoAspResponses$ProgressCourseDocument] At DemoAspResponses.java:[line 157] EI_EXPOSE_REP
[ERROR] Medium: open.dolphin.rest.dto.DemoAspResponses$ProgressCourseDocument.getSoaTexts() may expose internal representation by returning DemoAspResponses$ProgressCourseDocument.soaTexts [open.dolphin.rest.dto.DemoAspResponses$ProgressCourseDocument] At DemoAspResponses.java:[line 149] EI_EXPOSE_REP
[ERROR] Medium: new open.dolphin.rest.dto.DemoAspResponses$ProgressCourseDocument(String, String, List, List, List) may expose internal representation by storing an externally mutable object into DemoAspResponses$ProgressCourseDocument.orders [open.dolphin.rest.dto.DemoAspResponses$ProgressCourseDocument] At DemoAspResponses.java:[line 136] EI_EXPOSE_REP2
[ERROR] Medium: new open.dolphin.rest.dto.DemoAspResponses$ProgressCourseDocument(String, String, List, List, List) may expose internal representation by storing an externally mutable object into DemoAspResponses$ProgressCourseDocument.schemas [open.dolphin.rest.dto.DemoAspResponses$ProgressCourseDocument] At DemoAspResponses.java:[line 137] EI_EXPOSE_REP2
[ERROR] Medium: new open.dolphin.rest.dto.DemoAspResponses$ProgressCourseDocument(String, String, List, List, List) may expose internal representation by storing an externally mutable object into DemoAspResponses$ProgressCourseDocument.soaTexts [open.dolphin.rest.dto.DemoAspResponses$ProgressCourseDocument] At DemoAspResponses.java:[line 135] EI_EXPOSE_REP2
[ERROR] Medium: open.dolphin.rest.dto.DemoAspResponses$ProgressCourseResponse.getDocuments() may expose internal representation by returning DemoAspResponses$ProgressCourseResponse.documents [open.dolphin.rest.dto.DemoAspResponses$ProgressCourseResponse] At DemoAspResponses.java:[line 175] EI_EXPOSE_REP
[ERROR] Medium: new open.dolphin.rest.dto.DemoAspResponses$ProgressCourseResponse(DemoAspResponses$PageInfo, List) may expose internal representation by storing an externally mutable object into DemoAspResponses$ProgressCourseResponse.documents [open.dolphin.rest.dto.DemoAspResponses$ProgressCourseResponse] At DemoAspResponses.java:[line 167] EI_EXPOSE_REP2
[ERROR] Medium: open.dolphin.security.audit.AuditEventPayload.getDetails() may expose internal representation by returning AuditEventPayload.details [open.dolphin.security.audit.AuditEventPayload] At AuditEventPayload.java:[line 94] EI_EXPOSE_REP
[ERROR] Medium: open.dolphin.security.audit.AuditEventPayload.setDetails(Map) may expose internal representation by storing an externally mutable object into AuditEventPayload.details [open.dolphin.security.audit.AuditEventPayload] At AuditEventPayload.java:[line 98] EI_EXPOSE_REP2
[ERROR] Medium: open.dolphin.security.fido.Fido2Config.getAllowedOrigins() may expose internal representation by returning Fido2Config.allowedOrigins [open.dolphin.security.fido.Fido2Config] At Fido2Config.java:[line 37] EI_EXPOSE_REP
[ERROR] Medium: new open.dolphin.security.fido.Fido2Config(String, String, List) may expose internal representation by storing an externally mutable object into Fido2Config.allowedOrigins [open.dolphin.security.fido.Fido2Config] At Fido2Config.java:[line 25] EI_EXPOSE_REP2
[ERROR] Medium: Exception thrown in class open.dolphin.security.totp.TotpSecretProtector at new open.dolphin.security.totp.TotpSecretProtector(byte[]) will leave the constructor. The object under construction remains partially initialized and may be vulnerable to Finalizer attacks. [open.dolphin.security.totp.TotpSecretProtector, open.dolphin.security.totp.TotpSecretProtector] At TotpSecretProtector.java:[line 32]At TotpSecretProtector.java:[line 32] CT_CONSTRUCTOR_THROW
[ERROR] Medium: open.dolphin.session.AccountSummary.getRegisteredDate() may expose internal representation by returning AccountSummary.registeredDate [open.dolphin.session.AccountSummary] At AccountSummary.java:[line 117] EI_EXPOSE_REP
[ERROR] Medium: open.dolphin.session.AccountSummary.setRegisteredDate(Date) may expose internal representation by storing an externally mutable object into AccountSummary.registeredDate [open.dolphin.session.AccountSummary] At AccountSummary.java:[line 121] EI_EXPOSE_REP2
[ERROR] Medium: open.dolphin.session.KarteServiceBean.addDiagnosis(List) invokes inefficient new Long(long) constructor; use Long.valueOf(long) instead [open.dolphin.session.KarteServiceBean] At KarteServiceBean.java:[line 925] DM_NUMBER_CTOR
[ERROR] Medium: open.dolphin.session.KarteServiceBean.addDocumentAndUpdatePVTState(DocumentModel, long, int) invokes inefficient new Long(long) constructor; use Long.valueOf(long) instead [open.dolphin.session.KarteServiceBean] At KarteServiceBean.java:[line 599] DM_NUMBER_CTOR
[ERROR] Medium: open.dolphin.session.KarteServiceBean.addObservations(List) invokes inefficient new Long(long) constructor; use Long.valueOf(long) instead [open.dolphin.session.KarteServiceBean] At KarteServiceBean.java:[line 1022] DM_NUMBER_CTOR
[ERROR] Medium: open.dolphin.session.KarteServiceBean.postPutSendDiagnosis(DiagnosisSendWrapper) invokes inefficient new Long(long) constructor; use Long.valueOf(long) instead [open.dolphin.session.KarteServiceBean] At KarteServiceBean.java:[line 898] DM_NUMBER_CTOR
[ERROR] Medium: Exception is caught when Exception is not thrown in open.dolphin.session.KarteServiceBean.getKarte(String, String, Date) [open.dolphin.session.KarteServiceBean] At KarteServiceBean.java:[line 250] REC_CATCH_EXCEPTION
[ERROR] Medium: Dead store to test in open.dolphin.session.MmlServiceBean.getKarteFile(String, String) [open.dolphin.session.MmlServiceBean] At MmlServiceBean.java:[line 913] DLS_DEAD_LOCAL_STORE
[ERROR] Medium: Dead store to test in open.dolphin.session.MmlServiceBean.getKarteMmlFile(String, String) [open.dolphin.session.MmlServiceBean] At MmlServiceBean.java:[line 589] DLS_DEAD_LOCAL_STORE
[ERROR] Medium: Dead store to test in open.dolphin.session.MmlServiceBean.getPatientMmlFile(String) [open.dolphin.session.MmlServiceBean] At MmlServiceBean.java:[line 573] DLS_DEAD_LOCAL_STORE
[ERROR] Medium: Dead store to test in open.dolphin.session.MmlServiceBean.getSchemaFile(String, String) [open.dolphin.session.MmlServiceBean] At MmlServiceBean.java:[line 605] DLS_DEAD_LOCAL_STORE
[ERROR] Medium: open.dolphin.session.PVTServiceBean.removePvt(long) invokes inefficient new Long(long) constructor; use Long.valueOf(long) instead [open.dolphin.session.PVTServiceBean] At PVTServiceBean.java:[line 713] DM_NUMBER_CTOR
[ERROR] Medium: open.dolphin.session.PVTServiceBean.updateMemo(long, String) invokes inefficient new Long(long) constructor; use Long.valueOf(long) instead [open.dolphin.session.PVTServiceBean] At PVTServiceBean.java:[line 770] DM_NUMBER_CTOR
[ERROR] Medium: Exceptional return value of java.io.File.renameTo(File) ignored in open.dolphin.session.PVTServiceBean.addPvt(PatientVisitModel) [open.dolphin.session.PVTServiceBean] At PVTServiceBean.java:[line 346] RV_RETURN_VALUE_IGNORED_BAD_PRACTICE
[ERROR] Medium: Dead store to pk in open.dolphin.session.PatientServiceBean.getPatientById(String, String) [open.dolphin.session.PatientServiceBean] At PatientServiceBean.java:[line 233] DLS_DEAD_LOCAL_STORE
[ERROR] Medium: Dead store to number in open.dolphin.session.ScheduleServiceBean.makeScheduleAndSend(long, long, Date, boolean) [open.dolphin.session.ScheduleServiceBean] At ScheduleServiceBean.java:[line 284] DLS_DEAD_LOCAL_STORE
[ERROR] Medium: open.dolphin.session.ScheduleServiceBean.removePvt(long, long, Date) invokes inefficient new Long(long) constructor; use Long.valueOf(long) instead [open.dolphin.session.ScheduleServiceBean] At ScheduleServiceBean.java:[line 382] DM_NUMBER_CTOR
[ERROR] Medium: Exception is caught when Exception is not thrown in open.dolphin.session.ScheduleServiceBean.makeScheduleAndSend(long, long, Date, boolean) [open.dolphin.session.ScheduleServiceBean] At ScheduleServiceBean.java:[line 291] REC_CATCH_EXCEPTION
[ERROR] Medium: open.dolphin.session.StampServiceBean.subscribeTrees(List) invokes inefficient new Long(long) constructor; use Long.valueOf(long) instead [open.dolphin.session.StampServiceBean] At StampServiceBean.java:[line 335] DM_NUMBER_CTOR
[ERROR] Medium: open.dolphin.session.SystemServiceBean.addFacilityAdmin(UserModel) invokes inefficient new Long(long) constructor; use Long.valueOf(long) instead [open.dolphin.session.SystemServiceBean] At SystemServiceBean.java:[line 88] DM_NUMBER_CTOR
[ERROR] Medium: Exception is caught when Exception is not thrown in open.dolphin.session.SystemServiceBean.addFacilityAdmin(UserModel) [open.dolphin.session.SystemServiceBean] At SystemServiceBean.java:[line 235] REC_CATCH_EXCEPTION
[ERROR] Medium: instanceof will always return true for all non-null values in open.dolphin.session.framework.SessionOperationInterceptor.currentHttpTraceId(), since all String are instances of String [open.dolphin.session.framework.SessionOperationInterceptor] At SessionOperationInterceptor.java:[line 70] BC_VACUOUS_INSTANCEOF
[ERROR] Medium: open.dolphin.session.framework.SessionTraceContext.getAttributes() may expose internal representation by returning SessionTraceContext.attributes [open.dolphin.session.framework.SessionTraceContext] At SessionTraceContext.java:[line 42] EI_EXPOSE_REP
[ERROR] Medium: instanceof will always return true for all non-null values in open.dolphin.session.framework.SessionTraceManager.determineTraceId(String), since all String are instances of String [open.dolphin.session.framework.SessionTraceManager] At SessionTraceManager.java:[line 73] BC_VACUOUS_INSTANCEOF
[ERROR] Medium: open.dolphin.touch.AbstractResource.FEMALES should be package protected [open.dolphin.touch.AbstractResource] At AbstractResource.java:[line 80] MS_PKGPROTECT
[ERROR] Medium: open.dolphin.touch.AbstractResource.MALES should be package protected [open.dolphin.touch.AbstractResource] At AbstractResource.java:[line 79] MS_PKGPROTECT
[ERROR] Medium: Switch statement found in open.dolphin.touch.AbstractResource.writeChildren(StringBuilder, Element) where default case is missing [open.dolphin.touch.AbstractResource] At AbstractResource.java:[lines 372-395] SF_SWITCH_NO_DEFAULT
[ERROR] Medium: Dead store to pk in open.dolphin.touch.DemoResource.getDiagnosis(String) [open.dolphin.touch.DemoResource] At DemoResource.java:[line 1186] DLS_DEAD_LOCAL_STORE
[ERROR] Medium: Dead store to facilityId in open.dolphin.touch.DemoResource.getFirstVisitors(String) [open.dolphin.touch.DemoResource] At DemoResource.java:[line 206] DLS_DEAD_LOCAL_STORE
[ERROR] Medium: Dead store to facilityId in open.dolphin.touch.DemoResource.getPatientVisit(String) [open.dolphin.touch.DemoResource] At DemoResource.java:[line 318] DLS_DEAD_LOCAL_STORE
[ERROR] Medium: Dead store to end in open.dolphin.touch.DemoResource.getPatientVisitLast(String) [open.dolphin.touch.DemoResource] At DemoResource.java:[line 563] DLS_DEAD_LOCAL_STORE
[ERROR] Medium: Dead store to facilityId in open.dolphin.touch.DemoResource.getPatientVisitLast(String) [open.dolphin.touch.DemoResource] At DemoResource.java:[line 561] DLS_DEAD_LOCAL_STORE
[ERROR] Medium: Dead store to end in open.dolphin.touch.DemoResource.getPatientVisitRange(String) [open.dolphin.touch.DemoResource] At DemoResource.java:[line 397] DLS_DEAD_LOCAL_STORE
[ERROR] Medium: Dead store to facilityId in open.dolphin.touch.DemoResource.getPatientVisitRange(String) [open.dolphin.touch.DemoResource] At DemoResource.java:[line 395] DLS_DEAD_LOCAL_STORE
[ERROR] Medium: Dead store to facilityId in open.dolphin.touch.DemoResource.getPatientsByName(String) [open.dolphin.touch.DemoResource] At DemoResource.java:[line 789] DLS_DEAD_LOCAL_STORE
[ERROR] Medium: Dead store to firstResult in open.dolphin.touch.DemoResource.getRp(String) [open.dolphin.touch.DemoResource] At DemoResource.java:[line 906] DLS_DEAD_LOCAL_STORE
[ERROR] Medium: Dead store to maxResult in open.dolphin.touch.DemoResource.getRp(String) [open.dolphin.touch.DemoResource] At DemoResource.java:[line 907] DLS_DEAD_LOCAL_STORE
[ERROR] Medium: Dead store to pk in open.dolphin.touch.DemoResource.getRp(String) [open.dolphin.touch.DemoResource] At DemoResource.java:[line 905] DLS_DEAD_LOCAL_STORE
[ERROR] Medium: Nullcheck of retList at line 911 of value previously dereferenced in open.dolphin.touch.DemoResource.getRp(String) [open.dolphin.touch.DemoResource, open.dolphin.touch.DemoResource] At DemoResource.java:[line 911]Redundant null check at DemoResource.java:[line 917] RCN_REDUNDANT_NULLCHECK_WOULD_HAVE_BEEN_A_NPE
[ERROR] Medium: Switch statement found in open.dolphin.touch.DemoResource.getFirstVisitors(String) where default case is missing [open.dolphin.touch.DemoResource, open.dolphin.touch.DemoResource] At DemoResource.java:[lines 237-261]Another occurrence at DemoResource.java:[lines 268-278] SF_SWITCH_NO_DEFAULT
[ERROR] Medium: Switch statement found in open.dolphin.touch.DemoResource.getPatientById(String) where default case is missing [open.dolphin.touch.DemoResource] At DemoResource.java:[lines 733-743] SF_SWITCH_NO_DEFAULT
[ERROR] Medium: Switch statement found in open.dolphin.touch.DemoResource.getPatientVisit(String) where default case is missing [open.dolphin.touch.DemoResource] At DemoResource.java:[lines 345-355] SF_SWITCH_NO_DEFAULT
[ERROR] Medium: Switch statement found in open.dolphin.touch.DemoResource.getPatientVisitLast(String) where default case is missing [open.dolphin.touch.DemoResource, open.dolphin.touch.DemoResource] At DemoResource.java:[lines 631-655]Another occurrence at DemoResource.java:[lines 664-674] SF_SWITCH_NO_DEFAULT
[ERROR] Medium: Switch statement found in open.dolphin.touch.DemoResource.getPatientVisitRange(String) where default case is missing [open.dolphin.touch.DemoResource, open.dolphin.touch.DemoResource] At DemoResource.java:[lines 471-495]Another occurrence at DemoResource.java:[lines 504-514] SF_SWITCH_NO_DEFAULT
[ERROR] Medium: Switch statement found in open.dolphin.touch.DemoResource.getPatientsByName(String) where default case is missing [open.dolphin.touch.DemoResource, open.dolphin.touch.DemoResource] At DemoResource.java:[lines 824-848]Another occurrence at DemoResource.java:[lines 857-867] SF_SWITCH_NO_DEFAULT
[ERROR] Medium: Switch statement found in open.dolphin.touch.DemoResource.getRp(String) where default case is missing [open.dolphin.touch.DemoResource] At DemoResource.java:[lines 934-952] SF_SWITCH_NO_DEFAULT
[ERROR] Medium: Dead store to pk in open.dolphin.touch.DemoResourceASP.getDiagnosis(String) [open.dolphin.touch.DemoResourceASP] At DemoResourceASP.java:[line 1170] DLS_DEAD_LOCAL_STORE
[ERROR] Medium: Dead store to facilityId in open.dolphin.touch.DemoResourceASP.getFirstVisitors(String) [open.dolphin.touch.DemoResourceASP] At DemoResourceASP.java:[line 190] DLS_DEAD_LOCAL_STORE
[ERROR] Medium: Dead store to facilityId in open.dolphin.touch.DemoResourceASP.getPatientVisit(String) [open.dolphin.touch.DemoResourceASP] At DemoResourceASP.java:[line 302] DLS_DEAD_LOCAL_STORE
[ERROR] Medium: Dead store to end in open.dolphin.touch.DemoResourceASP.getPatientVisitLast(String) [open.dolphin.touch.DemoResourceASP] At DemoResourceASP.java:[line 547] DLS_DEAD_LOCAL_STORE
[ERROR] Medium: Dead store to facilityId in open.dolphin.touch.DemoResourceASP.getPatientVisitLast(String) [open.dolphin.touch.DemoResourceASP] At DemoResourceASP.java:[line 545] DLS_DEAD_LOCAL_STORE
[ERROR] Medium: Dead store to end in open.dolphin.touch.DemoResourceASP.getPatientVisitRange(String) [open.dolphin.touch.DemoResourceASP] At DemoResourceASP.java:[line 381] DLS_DEAD_LOCAL_STORE
[ERROR] Medium: Dead store to facilityId in open.dolphin.touch.DemoResourceASP.getPatientVisitRange(String) [open.dolphin.touch.DemoResourceASP] At DemoResourceASP.java:[line 379] DLS_DEAD_LOCAL_STORE
[ERROR] Medium: Dead store to facilityId in open.dolphin.touch.DemoResourceASP.getPatientsByName(String) [open.dolphin.touch.DemoResourceASP] At DemoResourceASP.java:[line 773] DLS_DEAD_LOCAL_STORE
[ERROR] Medium: Dead store to firstResult in open.dolphin.touch.DemoResourceASP.getRp(String) [open.dolphin.touch.DemoResourceASP] At DemoResourceASP.java:[line 890] DLS_DEAD_LOCAL_STORE
[ERROR] Medium: Dead store to maxResult in open.dolphin.touch.DemoResourceASP.getRp(String) [open.dolphin.touch.DemoResourceASP] At DemoResourceASP.java:[line 891] DLS_DEAD_LOCAL_STORE
[ERROR] Medium: Dead store to pk in open.dolphin.touch.DemoResourceASP.getRp(String) [open.dolphin.touch.DemoResourceASP] At DemoResourceASP.java:[line 889] DLS_DEAD_LOCAL_STORE
[ERROR] Medium: Nullcheck of retList at line 895 of value previously dereferenced in open.dolphin.touch.DemoResourceASP.getRp(String) [open.dolphin.touch.DemoResourceASP, open.dolphin.touch.DemoResourceASP] At DemoResourceASP.java:[line 895]Redundant null check at DemoResourceASP.java:[line 901] RCN_REDUNDANT_NULLCHECK_WOULD_HAVE_BEEN_A_NPE
[ERROR] Medium: Switch statement found in open.dolphin.touch.DemoResourceASP.getFirstVisitors(String) where default case is missing [open.dolphin.touch.DemoResourceASP, open.dolphin.touch.DemoResourceASP] At DemoResourceASP.java:[lines 221-245]Another occurrence at DemoResourceASP.java:[lines 252-262] SF_SWITCH_NO_DEFAULT
[ERROR] Medium: Switch statement found in open.dolphin.touch.DemoResourceASP.getPatientById(String) where default case is missing [open.dolphin.touch.DemoResourceASP] At DemoResourceASP.java:[lines 717-727] SF_SWITCH_NO_DEFAULT
[ERROR] Medium: Switch statement found in open.dolphin.touch.DemoResourceASP.getPatientVisit(String) where default case is missing [open.dolphin.touch.DemoResourceASP] At DemoResourceASP.java:[lines 329-339] SF_SWITCH_NO_DEFAULT
[ERROR] Medium: Switch statement found in open.dolphin.touch.DemoResourceASP.getPatientVisitLast(String) where default case is missing [open.dolphin.touch.DemoResourceASP, open.dolphin.touch.DemoResourceASP] At DemoResourceASP.java:[lines 615-639]Another occurrence at DemoResourceASP.java:[lines 648-658] SF_SWITCH_NO_DEFAULT
[ERROR] Medium: Switch statement found in open.dolphin.touch.DemoResourceASP.getPatientVisitRange(String) where default case is missing [open.dolphin.touch.DemoResourceASP, open.dolphin.touch.DemoResourceASP] At DemoResourceASP.java:[lines 455-479]Another occurrence at DemoResourceASP.java:[lines 488-498] SF_SWITCH_NO_DEFAULT
[ERROR] Medium: Switch statement found in open.dolphin.touch.DemoResourceASP.getPatientsByName(String) where default case is missing [open.dolphin.touch.DemoResourceASP, open.dolphin.touch.DemoResourceASP] At DemoResourceASP.java:[lines 808-832]Another occurrence at DemoResourceASP.java:[lines 841-851] SF_SWITCH_NO_DEFAULT
[ERROR] Medium: Switch statement found in open.dolphin.touch.DemoResourceASP.getRp(String) where default case is missing [open.dolphin.touch.DemoResourceASP] At DemoResourceASP.java:[lines 918-936] SF_SWITCH_NO_DEFAULT
[ERROR] Medium: Redundant nullcheck of visits, which is known to be non-null in open.dolphin.touch.DolphinResource.handlePatientVisitLast(HttpServletRequest, String, String, String, int, String, String, int) [open.dolphin.touch.DolphinResource] Redundant null check at DolphinResource.java:[line 491] RCN_REDUNDANT_NULLCHECK_OF_NONNULL_VALUE
[ERROR] Medium: open.dolphin.touch.EHTResource.getFacilityCodeBy1001() may fail to clean up java.sql.ResultSet on checked exception [open.dolphin.touch.EHTResource, open.dolphin.touch.EHTResource, open.dolphin.touch.EHTResource, open.dolphin.touch.EHTResource, open.dolphin.touch.EHTResource, open.dolphin.touch.EHTResource] Obligation to clean up resource created at EHTResource.java:[line 1151] is not dischargedPath continues at EHTResource.java:[line 1153]Path continues at EHTResource.java:[line 1171]Path continues at EHTResource.java:[line 1172]Path continues at EHTResource.java:[line 1175]Path continues at EHTResource.java:[line 1183] OBL_UNSATISFIED_OBLIGATION_EXCEPTION_EDGE
[ERROR] Medium: open.dolphin.touch.EHTResource.getFacilityCodeBy1001() may fail to clean up java.sql.Statement on checked exception [open.dolphin.touch.EHTResource, open.dolphin.touch.EHTResource, open.dolphin.touch.EHTResource, open.dolphin.touch.EHTResource, open.dolphin.touch.EHTResource, open.dolphin.touch.EHTResource, open.dolphin.touch.EHTResource] Obligation to clean up resource created at EHTResource.java:[line 1149] is not dischargedPath continues at EHTResource.java:[line 1151]Path continues at EHTResource.java:[line 1153]Path continues at EHTResource.java:[line 1171]Path continues at EHTResource.java:[line 1172]Path continues at EHTResource.java:[line 1175]Path continues at EHTResource.java:[line 1183] OBL_UNSATISFIED_OBLIGATION_EXCEPTION_EDGE
[ERROR] Medium: Useless object stored in variable bb of method open.dolphin.touch.JSONStampTreeBuilder.buildStampInfo(String, String, String, String, String, String) [open.dolphin.touch.JSONStampTreeBuilder] At JSONStampTreeBuilder.java:[line 132] UC_USELESS_OBJECT
[ERROR] Medium: open.dolphin.touch.JsonTouchSharedService$PatientModelSnapshot.getPatient() may expose internal representation by returning JsonTouchSharedService$PatientModelSnapshot.patient [open.dolphin.touch.JsonTouchSharedService$PatientModelSnapshot] At JsonTouchSharedService.java:[line 55] EI_EXPOSE_REP
[ERROR] Medium: Unread field: open.dolphin.touch.StampTreeDirector.TT_NODE; should this field be static? [open.dolphin.touch.StampTreeDirector] At StampTreeDirector.java:[line 20] SS_SHOULD_BE_STATIC
[ERROR] Medium: Unread field: open.dolphin.touch.StampTreeDirector.TT_ROOT; should this field be static? [open.dolphin.touch.StampTreeDirector] At StampTreeDirector.java:[line 21] SS_SHOULD_BE_STATIC
[ERROR] Medium: Unread field: open.dolphin.touch.StampTreeDirector.TT_STAMP_BOX; should this field be static? [open.dolphin.touch.StampTreeDirector] At StampTreeDirector.java:[line 23] SS_SHOULD_BE_STATIC
[ERROR] Medium: Unread field: open.dolphin.touch.StampTreeDirector.TT_STAMP_INFO; should this field be static? [open.dolphin.touch.StampTreeDirector] At StampTreeDirector.java:[line 19] SS_SHOULD_BE_STATIC
[ERROR] Medium: Unread field: open.dolphin.touch.StampTreeDirector.TT_STAMP_TREE; should this field be static? [open.dolphin.touch.StampTreeDirector] At StampTreeDirector.java:[line 22] SS_SHOULD_BE_STATIC
[ERROR] Medium: open.dolphin.touch.converter.IAbstractModule.getKarteBean() may expose internal representation by returning IAbstractModule.karteBean [open.dolphin.touch.converter.IAbstractModule] At IAbstractModule.java:[line 123] EI_EXPOSE_REP
[ERROR] Medium: open.dolphin.touch.converter.IAbstractModule.getModuleInfo() may expose internal representation by returning IAbstractModule.moduleInfo [open.dolphin.touch.converter.IAbstractModule] At IAbstractModule.java:[line 131] EI_EXPOSE_REP
[ERROR] Medium: open.dolphin.touch.converter.IAbstractModule.getUserModel() may expose internal representation by returning IAbstractModule.userModel [open.dolphin.touch.converter.IAbstractModule] At IAbstractModule.java:[line 115] EI_EXPOSE_REP
[ERROR] Medium: open.dolphin.touch.converter.IAbstractModule.setKarteBean(KarteBean) may expose internal representation by storing an externally mutable object into IAbstractModule.karteBean [open.dolphin.touch.converter.IAbstractModule] At IAbstractModule.java:[line 127] EI_EXPOSE_REP2
[ERROR] Medium: open.dolphin.touch.converter.IAbstractModule.setModuleInfo(IModuleInfo) may expose internal representation by storing an externally mutable object into IAbstractModule.moduleInfo [open.dolphin.touch.converter.IAbstractModule] At IAbstractModule.java:[line 135] EI_EXPOSE_REP2
[ERROR] Medium: open.dolphin.touch.converter.IAbstractModule.setUserModel(UserModel) may expose internal representation by storing an externally mutable object into IAbstractModule.userModel [open.dolphin.touch.converter.IAbstractModule] At IAbstractModule.java:[line 119] EI_EXPOSE_REP2
[ERROR] Medium: open.dolphin.touch.converter.IAllergyPackage.getAdded() may expose internal representation by returning IAllergyPackage.added [open.dolphin.touch.converter.IAllergyPackage] At IAllergyPackage.java:[line 25] EI_EXPOSE_REP
[ERROR] Medium: open.dolphin.touch.converter.IAllergyPackage.getDeleted() may expose internal representation by returning IAllergyPackage.deleted [open.dolphin.touch.converter.IAllergyPackage] At IAllergyPackage.java:[line 41] EI_EXPOSE_REP
[ERROR] Medium: open.dolphin.touch.converter.IAllergyPackage.getModified() may expose internal representation by returning IAllergyPackage.modified [open.dolphin.touch.converter.IAllergyPackage] At IAllergyPackage.java:[line 33] EI_EXPOSE_REP
[ERROR] Medium: open.dolphin.touch.converter.IAllergyPackage.setAdded(List) may expose internal representation by storing an externally mutable object into IAllergyPackage.added [open.dolphin.touch.converter.IAllergyPackage] At IAllergyPackage.java:[line 29] EI_EXPOSE_REP2
[ERROR] Medium: open.dolphin.touch.converter.IAllergyPackage.setDeleted(List) may expose internal representation by storing an externally mutable object into IAllergyPackage.deleted [open.dolphin.touch.converter.IAllergyPackage] At IAllergyPackage.java:[line 45] EI_EXPOSE_REP2
[ERROR] Medium: open.dolphin.touch.converter.IAllergyPackage.setModified(List) may expose internal representation by storing an externally mutable object into IAllergyPackage.modified [open.dolphin.touch.converter.IAllergyPackage] At IAllergyPackage.java:[line 37] EI_EXPOSE_REP2
[ERROR] Medium: open.dolphin.touch.converter.IAttachmentModel.getBytes() may expose internal representation by returning IAttachmentModel.bytes [open.dolphin.touch.converter.IAttachmentModel] At IAttachmentModel.java:[line 211] EI_EXPOSE_REP
[ERROR] Medium: open.dolphin.touch.converter.IAttachmentModel.getKarteBean() may expose internal representation by returning IAttachmentModel.karteBean [open.dolphin.touch.converter.IAttachmentModel] At IAttachmentModel.java:[line 131] EI_EXPOSE_REP
[ERROR] Medium: open.dolphin.touch.converter.IAttachmentModel.getUserModel() may expose internal representation by returning IAttachmentModel.userModel [open.dolphin.touch.converter.IAttachmentModel] At IAttachmentModel.java:[line 123] EI_EXPOSE_REP
[ERROR] Medium: open.dolphin.touch.converter.IAttachmentModel.setBytes(byte[]) may expose internal representation by storing an externally mutable object into IAttachmentModel.bytes [open.dolphin.touch.converter.IAttachmentModel] At IAttachmentModel.java:[line 215] EI_EXPOSE_REP2
[ERROR] Medium: open.dolphin.touch.converter.IAttachmentModel.setKarteBean(KarteBean) may expose internal representation by storing an externally mutable object into IAttachmentModel.karteBean [open.dolphin.touch.converter.IAttachmentModel] At IAttachmentModel.java:[line 135] EI_EXPOSE_REP2
[ERROR] Medium: open.dolphin.touch.converter.IAttachmentModel.setUserModel(UserModel) may expose internal representation by storing an externally mutable object into IAttachmentModel.userModel [open.dolphin.touch.converter.IAttachmentModel] At IAttachmentModel.java:[line 127] EI_EXPOSE_REP2
[ERROR] Medium: open.dolphin.touch.converter.IBundleModule.getModel() may expose internal representation by returning IBundleModule.model [open.dolphin.touch.converter.IBundleModule] At IBundleModule.java:[line 15] EI_EXPOSE_REP
[ERROR] Medium: open.dolphin.touch.converter.IBundleModule.setModel(IClaimBundle) may expose internal representation by storing an externally mutable object into IBundleModule.model [open.dolphin.touch.converter.IBundleModule] At IBundleModule.java:[line 19] EI_EXPOSE_REP2
[ERROR] Medium: open.dolphin.touch.converter.IClaimBundle.getClaimItems() may expose internal representation by returning IClaimBundle.claimItems [open.dolphin.touch.converter.IClaimBundle] At IClaimBundle.java:[line 123] EI_EXPOSE_REP
[ERROR] Medium: open.dolphin.touch.converter.IClaimBundle.setClaimItems(List) may expose internal representation by storing an externally mutable object into IClaimBundle.claimItems [open.dolphin.touch.converter.IClaimBundle] At IClaimBundle.java:[line 127] EI_EXPOSE_REP2
[ERROR] Medium: open.dolphin.touch.converter.IDiagnosisSendWrapper.getAddedDiagnosis() may expose internal representation by returning IDiagnosisSendWrapper.addedDiagnosis [open.dolphin.touch.converter.IDiagnosisSendWrapper] At IDiagnosisSendWrapper.java:[line 180] EI_EXPOSE_REP
[ERROR] Medium: open.dolphin.touch.converter.IDiagnosisSendWrapper.getUpdatedDiagnosis() may expose internal representation by returning IDiagnosisSendWrapper.updatedDiagnosis [open.dolphin.touch.converter.IDiagnosisSendWrapper] At IDiagnosisSendWrapper.java:[line 188] EI_EXPOSE_REP
[ERROR] Medium: open.dolphin.touch.converter.IDiagnosisSendWrapper.setAddedDiagnosis(List) may expose internal representation by storing an externally mutable object into IDiagnosisSendWrapper.addedDiagnosis [open.dolphin.touch.converter.IDiagnosisSendWrapper] At IDiagnosisSendWrapper.java:[line 184] EI_EXPOSE_REP2
[ERROR] Medium: open.dolphin.touch.converter.IDiagnosisSendWrapper.setUpdatedDiagnosis(List) may expose internal representation by storing an externally mutable object into IDiagnosisSendWrapper.updatedDiagnosis [open.dolphin.touch.converter.IDiagnosisSendWrapper] At IDiagnosisSendWrapper.java:[line 192] EI_EXPOSE_REP2
[ERROR] Medium: open.dolphin.touch.converter.IDocInfo.getPvtHealthInsuranceModel() may expose internal representation by returning IDocInfo.pvtHealthInsurance [open.dolphin.touch.converter.IDocInfo] At IDocInfo.java:[line 362] EI_EXPOSE_REP
[ERROR] Medium: open.dolphin.touch.converter.IDocInfo.setPvtHealthInsuranceModel(IPVTHealthInsurance) may expose internal representation by storing an externally mutable object into IDocInfo.pvtHealthInsurance [open.dolphin.touch.converter.IDocInfo] At IDocInfo.java:[line 366] EI_EXPOSE_REP2
[ERROR] Medium: open.dolphin.touch.converter.IDocument.getAttachment() may expose internal representation by returning IDocument.attachment [open.dolphin.touch.converter.IDocument] At IDocument.java:[line 203] EI_EXPOSE_REP
[ERROR] Medium: open.dolphin.touch.converter.IDocument.getBundles() may expose internal representation by returning IDocument.bundles [open.dolphin.touch.converter.IDocument] At IDocument.java:[line 186] EI_EXPOSE_REP
[ERROR] Medium: open.dolphin.touch.converter.IDocument.getDocInfo() may expose internal representation by returning IDocument.docInfo [open.dolphin.touch.converter.IDocument] At IDocument.java:[line 160] EI_EXPOSE_REP
[ERROR] Medium: open.dolphin.touch.converter.IDocument.getIuser() may expose internal representation by returning IDocument.iuser [open.dolphin.touch.converter.IDocument] At IDocument.java:[line 144] EI_EXPOSE_REP
[ERROR] Medium: open.dolphin.touch.converter.IDocument.getKarteBean() may expose internal representation by returning IDocument.karteBean [open.dolphin.touch.converter.IDocument] At IDocument.java:[line 152] EI_EXPOSE_REP
[ERROR] Medium: open.dolphin.touch.converter.IDocument.getPtextProgressCourse() may expose internal representation by returning IDocument.ptextProgressCourse [open.dolphin.touch.converter.IDocument] At IDocument.java:[line 177] EI_EXPOSE_REP
[ERROR] Medium: open.dolphin.touch.converter.IDocument.getSchema() may expose internal representation by returning IDocument.schema [open.dolphin.touch.converter.IDocument] At IDocument.java:[line 194] EI_EXPOSE_REP
[ERROR] Medium: open.dolphin.touch.converter.IDocument.getSoaProgressCourse() may expose internal representation by returning IDocument.soaProgressCourse [open.dolphin.touch.converter.IDocument] At IDocument.java:[line 168] EI_EXPOSE_REP
[ERROR] Medium: open.dolphin.touch.converter.IDocument.getUserModel() may expose internal representation by returning IDocument.userModel [open.dolphin.touch.converter.IDocument] At IDocument.java:[line 136] EI_EXPOSE_REP
[ERROR] Medium: open.dolphin.touch.converter.IDocument.setAttachment(List) may expose internal representation by storing an externally mutable object into IDocument.attachment [open.dolphin.touch.converter.IDocument] At IDocument.java:[line 207] EI_EXPOSE_REP2
[ERROR] Medium: open.dolphin.touch.converter.IDocument.setBundles(List) may expose internal representation by storing an externally mutable object into IDocument.bundles [open.dolphin.touch.converter.IDocument] At IDocument.java:[line 190] EI_EXPOSE_REP2
[ERROR] Medium: open.dolphin.touch.converter.IDocument.setDocInfo(IDocInfo) may expose internal representation by storing an externally mutable object into IDocument.docInfo [open.dolphin.touch.converter.IDocument] At IDocument.java:[line 164] EI_EXPOSE_REP2
[ERROR] Medium: open.dolphin.touch.converter.IDocument.setIuser(IUserModel) may expose internal representation by storing an externally mutable object into IDocument.iuser [open.dolphin.touch.converter.IDocument] At IDocument.java:[line 148] EI_EXPOSE_REP2
[ERROR] Medium: open.dolphin.touch.converter.IDocument.setKarteBean(KarteBean) may expose internal representation by storing an externally mutable object into IDocument.karteBean [open.dolphin.touch.converter.IDocument] At IDocument.java:[line 156] EI_EXPOSE_REP2
[ERROR] Medium: open.dolphin.touch.converter.IDocument.setPtextProgressCourse(IProgressCourseModule) may expose internal representation by storing an externally mutable object into IDocument.ptextProgressCourse [open.dolphin.touch.converter.IDocument] At IDocument.java:[line 182] EI_EXPOSE_REP2
[ERROR] Medium: open.dolphin.touch.converter.IDocument.setSchema(List) may expose internal representation by storing an externally mutable object into IDocument.schema [open.dolphin.touch.converter.IDocument] At IDocument.java:[line 198] EI_EXPOSE_REP2
[ERROR] Medium: open.dolphin.touch.converter.IDocument.setSoaProgressCourse(IProgressCourseModule) may expose internal representation by storing an externally mutable object into IDocument.soaProgressCourse [open.dolphin.touch.converter.IDocument] At IDocument.java:[line 172] EI_EXPOSE_REP2
[ERROR] Medium: open.dolphin.touch.converter.IDocument.setUserModel(UserModel) may expose internal representation by storing an externally mutable object into IDocument.userModel [open.dolphin.touch.converter.IDocument] At IDocument.java:[line 140] EI_EXPOSE_REP2
[ERROR] Medium: Nullcheck of IDocument.docInfo at line 683 of value previously dereferenced in open.dolphin.touch.converter.IDocument.toModel() [open.dolphin.touch.converter.IDocument, open.dolphin.touch.converter.IDocument] At IDocument.java:[line 583]Redundant null check at IDocument.java:[line 683] RCN_REDUNDANT_NULLCHECK_WOULD_HAVE_BEEN_A_NPE
[ERROR] Medium: Nullcheck of IDocument.docInfo at line 431 of value previously dereferenced in open.dolphin.touch.converter.IDocument.toModelOld() [open.dolphin.touch.converter.IDocument, open.dolphin.touch.converter.IDocument] At IDocument.java:[line 365]Redundant null check at IDocument.java:[line 431] RCN_REDUNDANT_NULLCHECK_WOULD_HAVE_BEEN_A_NPE
[ERROR] Medium: open.dolphin.touch.converter.IDocument2.getAttachment() may expose internal representation by returning IDocument2.attachments [open.dolphin.touch.converter.IDocument2] At IDocument2.java:[line 201] EI_EXPOSE_REP
[ERROR] Medium: open.dolphin.touch.converter.IDocument2.getBundles() may expose internal representation by returning IDocument2.bundles [open.dolphin.touch.converter.IDocument2] At IDocument2.java:[line 185] EI_EXPOSE_REP
[ERROR] Medium: open.dolphin.touch.converter.IDocument2.getDocInfo() may expose internal representation by returning IDocument2.docInfo [open.dolphin.touch.converter.IDocument2] At IDocument2.java:[line 159] EI_EXPOSE_REP
[ERROR] Medium: open.dolphin.touch.converter.IDocument2.getIuser() may expose internal representation by returning IDocument2.iuser [open.dolphin.touch.converter.IDocument2] At IDocument2.java:[line 143] EI_EXPOSE_REP
[ERROR] Medium: open.dolphin.touch.converter.IDocument2.getKarteBean() may expose internal representation by returning IDocument2.karteBean [open.dolphin.touch.converter.IDocument2] At IDocument2.java:[line 151] EI_EXPOSE_REP
[ERROR] Medium: open.dolphin.touch.converter.IDocument2.getPtextProgressCourse() may expose internal representation by returning IDocument2.ptextProgressCourse [open.dolphin.touch.converter.IDocument2] At IDocument2.java:[line 176] EI_EXPOSE_REP
[ERROR] Medium: open.dolphin.touch.converter.IDocument2.getSchema() may expose internal representation by returning IDocument2.schema [open.dolphin.touch.converter.IDocument2] At IDocument2.java:[line 193] EI_EXPOSE_REP
[ERROR] Medium: open.dolphin.touch.converter.IDocument2.getSoaProgressCourse() may expose internal representation by returning IDocument2.soaProgressCourse [open.dolphin.touch.converter.IDocument2] At IDocument2.java:[line 167] EI_EXPOSE_REP
[ERROR] Medium: open.dolphin.touch.converter.IDocument2.getUserModel() may expose internal representation by returning IDocument2.userModel [open.dolphin.touch.converter.IDocument2] At IDocument2.java:[line 135] EI_EXPOSE_REP
[ERROR] Medium: open.dolphin.touch.converter.IDocument2.setAttachment(List) may expose internal representation by storing an externally mutable object into IDocument2.attachments [open.dolphin.touch.converter.IDocument2] At IDocument2.java:[line 205] EI_EXPOSE_REP2
[ERROR] Medium: open.dolphin.touch.converter.IDocument2.setBundles(List) may expose internal representation by storing an externally mutable object into IDocument2.bundles [open.dolphin.touch.converter.IDocument2] At IDocument2.java:[line 189] EI_EXPOSE_REP2
[ERROR] Medium: open.dolphin.touch.converter.IDocument2.setDocInfo(IDocInfo) may expose internal representation by storing an externally mutable object into IDocument2.docInfo [open.dolphin.touch.converter.IDocument2] At IDocument2.java:[line 163] EI_EXPOSE_REP2
[ERROR] Medium: open.dolphin.touch.converter.IDocument2.setIuser(IUserModel) may expose internal representation by storing an externally mutable object into IDocument2.iuser [open.dolphin.touch.converter.IDocument2] At IDocument2.java:[line 147] EI_EXPOSE_REP2
[ERROR] Medium: open.dolphin.touch.converter.IDocument2.setKarteBean(KarteBean) may expose internal representation by storing an externally mutable object into IDocument2.karteBean [open.dolphin.touch.converter.IDocument2] At IDocument2.java:[line 155] EI_EXPOSE_REP2
[ERROR] Medium: open.dolphin.touch.converter.IDocument2.setPtextProgressCourse(IProgressCourseModule2) may expose internal representation by storing an externally mutable object into IDocument2.ptextProgressCourse [open.dolphin.touch.converter.IDocument2] At IDocument2.java:[line 181] EI_EXPOSE_REP2
[ERROR] Medium: open.dolphin.touch.converter.IDocument2.setSchema(List) may expose internal representation by storing an externally mutable object into IDocument2.schema [open.dolphin.touch.converter.IDocument2] At IDocument2.java:[line 197] EI_EXPOSE_REP2
[ERROR] Medium: open.dolphin.touch.converter.IDocument2.setSoaProgressCourse(IProgressCourseModule2) may expose internal representation by storing an externally mutable object into IDocument2.soaProgressCourse [open.dolphin.touch.converter.IDocument2] At IDocument2.java:[line 171] EI_EXPOSE_REP2
[ERROR] Medium: open.dolphin.touch.converter.IDocument2.setUserModel(UserModel) may expose internal representation by storing an externally mutable object into IDocument2.userModel [open.dolphin.touch.converter.IDocument2] At IDocument2.java:[line 139] EI_EXPOSE_REP2
[ERROR] Medium: Nullcheck of IDocument2.docInfo at line 424 of value previously dereferenced in open.dolphin.touch.converter.IDocument2.toModel() [open.dolphin.touch.converter.IDocument2, open.dolphin.touch.converter.IDocument2] At IDocument2.java:[line 358]Redundant null check at IDocument2.java:[line 424] RCN_REDUNDANT_NULLCHECK_WOULD_HAVE_BEEN_A_NPE
[ERROR] Medium: Useless object stored in variable sb of method open.dolphin.touch.converter.IDocument2.toModel() [open.dolphin.touch.converter.IDocument2] At IDocument2.java:[line 498] UC_USELESS_OBJECT
[ERROR] Medium: open.dolphin.touch.converter.IKarteNumber.setModel(IInfoModel) may expose internal representation by storing an externally mutable object into IKarteNumber.model [open.dolphin.touch.converter.IKarteNumber] At IKarteNumber.java:[line 29] EI_EXPOSE_REP2
[ERROR] Medium: open.dolphin.touch.converter.ILaboGraphItem.getResults() may expose internal representation by returning ILaboGraphItem.results [open.dolphin.touch.converter.ILaboGraphItem] At ILaboGraphItem.java:[line 55] EI_EXPOSE_REP
[ERROR] Medium: open.dolphin.touch.converter.ILaboGraphItem.setResults(List) may expose internal representation by storing an externally mutable object into ILaboGraphItem.results [open.dolphin.touch.converter.ILaboGraphItem] At ILaboGraphItem.java:[line 59] EI_EXPOSE_REP2
[ERROR] Medium: open.dolphin.touch.converter.IMKDocument.getDocument() may expose internal representation by returning IMKDocument.document [open.dolphin.touch.converter.IMKDocument] At IMKDocument.java:[line 47] EI_EXPOSE_REP
[ERROR] Medium: open.dolphin.touch.converter.IMKDocument.setDocument(IDocument) may expose internal representation by storing an externally mutable object into IMKDocument.document [open.dolphin.touch.converter.IMKDocument] At IMKDocument.java:[line 54] EI_EXPOSE_REP2
[ERROR] Medium: open.dolphin.touch.converter.IMKDocument2.getDocument() may expose internal representation by returning IMKDocument2.document [open.dolphin.touch.converter.IMKDocument2] At IMKDocument2.java:[line 48] EI_EXPOSE_REP
[ERROR] Medium: open.dolphin.touch.converter.IMKDocument2.setDocument(IDocument2) may expose internal representation by storing an externally mutable object into IMKDocument2.document [open.dolphin.touch.converter.IMKDocument2] At IMKDocument2.java:[line 55] EI_EXPOSE_REP2
[ERROR] Medium: open.dolphin.touch.converter.IPVTHealthInsurance.getContinuedDisease() may expose internal representation by returning IPVTHealthInsurance.continuedDisease [open.dolphin.touch.converter.IPVTHealthInsurance] At IPVTHealthInsurance.java:[line 145] EI_EXPOSE_REP
[ERROR] Medium: open.dolphin.touch.converter.IPVTHealthInsurance.getPublicItems() may expose internal representation by returning IPVTHealthInsurance.publicItems [open.dolphin.touch.converter.IPVTHealthInsurance] At IPVTHealthInsurance.java:[line 169] EI_EXPOSE_REP
[ERROR] Medium: open.dolphin.touch.converter.IPVTHealthInsurance.setContinuedDisease(List) may expose internal representation by storing an externally mutable object into IPVTHealthInsurance.continuedDisease [open.dolphin.touch.converter.IPVTHealthInsurance] At IPVTHealthInsurance.java:[line 149] EI_EXPOSE_REP2
[ERROR] Medium: open.dolphin.touch.converter.IPVTHealthInsurance.setPublicItems(List) may expose internal representation by storing an externally mutable object into IPVTHealthInsurance.publicItems [open.dolphin.touch.converter.IPVTHealthInsurance] At IPVTHealthInsurance.java:[line 173] EI_EXPOSE_REP2
[ERROR] Medium: open.dolphin.touch.converter.IPatientList.setModel(IInfoModel) may expose internal representation by storing an externally mutable object into IPatientList.model [open.dolphin.touch.converter.IPatientList] At IPatientList.java:[line 37] EI_EXPOSE_REP2
[ERROR] Medium: open.dolphin.touch.converter.IPatientMemoModel.getKarteBean() may expose internal representation by returning IPatientMemoModel.karteBean [open.dolphin.touch.converter.IPatientMemoModel] At IPatientMemoModel.java:[line 176] EI_EXPOSE_REP
[ERROR] Medium: open.dolphin.touch.converter.IPatientMemoModel.getUserModel() may expose internal representation by returning IPatientMemoModel.userModel [open.dolphin.touch.converter.IPatientMemoModel] At IPatientMemoModel.java:[line 168] EI_EXPOSE_REP
[ERROR] Medium: open.dolphin.touch.converter.IPatientMemoModel.setKarteBean(KarteBean) may expose internal representation by storing an externally mutable object into IPatientMemoModel.karteBean [open.dolphin.touch.converter.IPatientMemoModel] At IPatientMemoModel.java:[line 180] EI_EXPOSE_REP2
[ERROR] Medium: open.dolphin.touch.converter.IPatientMemoModel.setUserModel(UserModel) may expose internal representation by storing an externally mutable object into IPatientMemoModel.userModel [open.dolphin.touch.converter.IPatientMemoModel] At IPatientMemoModel.java:[line 172] EI_EXPOSE_REP2
[ERROR] Medium: open.dolphin.touch.converter.IPatientModel.setModel(IInfoModel) may expose internal representation by storing an externally mutable object into IPatientModel.model [open.dolphin.touch.converter.IPatientModel] At IPatientModel.java:[line 172] EI_EXPOSE_REP2
[ERROR] Medium: open.dolphin.touch.converter.IPatientVisitModel.setModel(IInfoModel) may expose internal representation by storing an externally mutable object into IPatientVisitModel.model [open.dolphin.touch.converter.IPatientVisitModel] At IPatientVisitModel.java:[line 102] EI_EXPOSE_REP2
[ERROR] Medium: open.dolphin.touch.converter.IPriscription.getApplyedInsurance() may expose internal representation by returning IPriscription.applyedInsurance [open.dolphin.touch.converter.IPriscription] At IPriscription.java:[line 156] EI_EXPOSE_REP
[ERROR] Medium: open.dolphin.touch.converter.IPriscription.getPriscriptionList() may expose internal representation by returning IPriscription.priscriptionList [open.dolphin.touch.converter.IPriscription] At IPriscription.java:[line 148] EI_EXPOSE_REP
[ERROR] Medium: open.dolphin.touch.converter.IPriscription.setApplyedInsurance(IPVTHealthInsurance) may expose internal representation by storing an externally mutable object into IPriscription.applyedInsurance [open.dolphin.touch.converter.IPriscription] At IPriscription.java:[line 160] EI_EXPOSE_REP2
[ERROR] Medium: open.dolphin.touch.converter.IPriscription.setPriscriptionList(List) may expose internal representation by storing an externally mutable object into IPriscription.priscriptionList [open.dolphin.touch.converter.IPriscription] At IPriscription.java:[line 152] EI_EXPOSE_REP2
[ERROR] Medium: open.dolphin.touch.converter.IProgressCourseModule.getModel() may expose internal representation by returning IProgressCourseModule.model [open.dolphin.touch.converter.IProgressCourseModule] At IProgressCourseModule.java:[line 15] EI_EXPOSE_REP
[ERROR] Medium: open.dolphin.touch.converter.IProgressCourseModule.setModel(IProgressCourse) may expose internal representation by storing an externally mutable object into IProgressCourseModule.model [open.dolphin.touch.converter.IProgressCourseModule] At IProgressCourseModule.java:[line 19] EI_EXPOSE_REP2
[ERROR] Medium: open.dolphin.touch.converter.IProgressCourseModule2.getModel() may expose internal representation by returning IProgressCourseModule2.model [open.dolphin.touch.converter.IProgressCourseModule2] At IProgressCourseModule2.java:[line 16] EI_EXPOSE_REP
[ERROR] Medium: open.dolphin.touch.converter.IProgressCourseModule2.setModel(IProgressCourse) may expose internal representation by storing an externally mutable object into IProgressCourseModule2.model [open.dolphin.touch.converter.IProgressCourseModule2] At IProgressCourseModule2.java:[line 20] EI_EXPOSE_REP2
[ERROR] Medium: open.dolphin.touch.converter.IRegisteredDiagnosis.getKarteBean() may expose internal representation by returning IRegisteredDiagnosis.karteBean [open.dolphin.touch.converter.IRegisteredDiagnosis] At IRegisteredDiagnosis.java:[line 149] EI_EXPOSE_REP
[ERROR] Medium: open.dolphin.touch.converter.IRegisteredDiagnosis.getUserModel() may expose internal representation by returning IRegisteredDiagnosis.userModel [open.dolphin.touch.converter.IRegisteredDiagnosis] At IRegisteredDiagnosis.java:[line 141] EI_EXPOSE_REP
[ERROR] Medium: open.dolphin.touch.converter.IRegisteredDiagnosis.setKarteBean(KarteBean) may expose internal representation by storing an externally mutable object into IRegisteredDiagnosis.karteBean [open.dolphin.touch.converter.IRegisteredDiagnosis] At IRegisteredDiagnosis.java:[line 153] EI_EXPOSE_REP2
[ERROR] Medium: open.dolphin.touch.converter.IRegisteredDiagnosis.setUserModel(UserModel) may expose internal representation by storing an externally mutable object into IRegisteredDiagnosis.userModel [open.dolphin.touch.converter.IRegisteredDiagnosis] At IRegisteredDiagnosis.java:[line 145] EI_EXPOSE_REP2
[ERROR] Medium: open.dolphin.touch.converter.IRoleModel.setModel(IInfoModel) may expose internal representation by storing an externally mutable object into IRoleModel.model [open.dolphin.touch.converter.IRoleModel] At IRoleModel.java:[line 33] EI_EXPOSE_REP2
[ERROR] High: Dead store to ext in open.dolphin.touch.converter.ISchemaModel.fromModel(SchemaModel) [open.dolphin.touch.converter.ISchemaModel] At ISchemaModel.java:[line 164] DLS_DEAD_LOCAL_STORE
[ERROR] Medium: open.dolphin.touch.converter.ISchemaModel.getExtRefModel() may expose internal representation by returning ISchemaModel.extRef [open.dolphin.touch.converter.ISchemaModel] At ISchemaModel.java:[line 127] EI_EXPOSE_REP
[ERROR] Medium: open.dolphin.touch.converter.ISchemaModel.getJpegByte() may expose internal representation by returning ISchemaModel.jpegByte [open.dolphin.touch.converter.ISchemaModel] At ISchemaModel.java:[line 135] EI_EXPOSE_REP
[ERROR] Medium: open.dolphin.touch.converter.ISchemaModel.getKarteBean() may expose internal representation by returning ISchemaModel.karteBean [open.dolphin.touch.converter.ISchemaModel] At ISchemaModel.java:[line 119] EI_EXPOSE_REP
[ERROR] Medium: open.dolphin.touch.converter.ISchemaModel.getUserModel() may expose internal representation by returning ISchemaModel.userModel [open.dolphin.touch.converter.ISchemaModel] At ISchemaModel.java:[line 111] EI_EXPOSE_REP
[ERROR] Medium: open.dolphin.touch.converter.ISchemaModel.setExtRefModel(IExtRefModel) may expose internal representation by storing an externally mutable object into ISchemaModel.extRef [open.dolphin.touch.converter.ISchemaModel] At ISchemaModel.java:[line 131] EI_EXPOSE_REP2
[ERROR] Medium: open.dolphin.touch.converter.ISchemaModel.setJpegByte(byte[]) may expose internal representation by storing an externally mutable object into ISchemaModel.jpegByte [open.dolphin.touch.converter.ISchemaModel] At ISchemaModel.java:[line 139] EI_EXPOSE_REP2
[ERROR] Medium: open.dolphin.touch.converter.ISchemaModel.setKarteBean(KarteBean) may expose internal representation by storing an externally mutable object into ISchemaModel.karteBean [open.dolphin.touch.converter.ISchemaModel] At ISchemaModel.java:[line 123] EI_EXPOSE_REP2
[ERROR] Medium: open.dolphin.touch.converter.ISchemaModel.setUserModel(UserModel) may expose internal representation by storing an externally mutable object into ISchemaModel.userModel [open.dolphin.touch.converter.ISchemaModel] At ISchemaModel.java:[line 115] EI_EXPOSE_REP2
[ERROR] Medium: open.dolphin.touch.converter.ISendPackage.getChartEvent() may expose internal representation by returning ISendPackage.chartEvent [open.dolphin.touch.converter.ISendPackage] At ISendPackage.java:[line 23] EI_EXPOSE_REP
[ERROR] Medium: open.dolphin.touch.converter.ISendPackage.getDeletedDiagnosis() may expose internal representation by returning ISendPackage.deletedDiagnosis [open.dolphin.touch.converter.ISendPackage] At ISendPackage.java:[line 47] EI_EXPOSE_REP
[ERROR] Medium: open.dolphin.touch.converter.ISendPackage.getDiagnosisSendWrapper() may expose internal representation by returning ISendPackage.diagnosisSendWrapper [open.dolphin.touch.converter.ISendPackage] At ISendPackage.java:[line 39] EI_EXPOSE_REP
[ERROR] Medium: open.dolphin.touch.converter.ISendPackage.getDocument() may expose internal representation by returning ISendPackage.document [open.dolphin.touch.converter.ISendPackage] At ISendPackage.java:[line 31] EI_EXPOSE_REP
[ERROR] Medium: open.dolphin.touch.converter.ISendPackage.setChartEvent(IChartEvent) may expose internal representation by storing an externally mutable object into ISendPackage.chartEvent [open.dolphin.touch.converter.ISendPackage] At ISendPackage.java:[line 27] EI_EXPOSE_REP2
[ERROR] Medium: open.dolphin.touch.converter.ISendPackage.setDeletedDiagnosis(List) may expose internal representation by storing an externally mutable object into ISendPackage.deletedDiagnosis [open.dolphin.touch.converter.ISendPackage] At ISendPackage.java:[line 51] EI_EXPOSE_REP2
[ERROR] Medium: open.dolphin.touch.converter.ISendPackage.setDiagnosisSendWrapper(IDiagnosisSendWrapper) may expose internal representation by storing an externally mutable object into ISendPackage.diagnosisSendWrapper [open.dolphin.touch.converter.ISendPackage] At ISendPackage.java:[line 43] EI_EXPOSE_REP2
[ERROR] Medium: open.dolphin.touch.converter.ISendPackage.setDocument(IDocument) may expose internal representation by storing an externally mutable object into ISendPackage.document [open.dolphin.touch.converter.ISendPackage] At ISendPackage.java:[line 35] EI_EXPOSE_REP2
[ERROR] Medium: open.dolphin.touch.converter.ISendPackage2.getChartEvent() may expose internal representation by returning ISendPackage2.chartEvent [open.dolphin.touch.converter.ISendPackage2] At ISendPackage2.java:[line 24] EI_EXPOSE_REP
[ERROR] Medium: open.dolphin.touch.converter.ISendPackage2.getDeletedDiagnosis() may expose internal representation by returning ISendPackage2.deletedDiagnosis [open.dolphin.touch.converter.ISendPackage2] At ISendPackage2.java:[line 48] EI_EXPOSE_REP
[ERROR] Medium: open.dolphin.touch.converter.ISendPackage2.getDiagnosisSendWrapper() may expose internal representation by returning ISendPackage2.diagnosisSendWrapper [open.dolphin.touch.converter.ISendPackage2] At ISendPackage2.java:[line 40] EI_EXPOSE_REP
[ERROR] Medium: open.dolphin.touch.converter.ISendPackage2.getDocument() may expose internal representation by returning ISendPackage2.document [open.dolphin.touch.converter.ISendPackage2] At ISendPackage2.java:[line 32] EI_EXPOSE_REP
[ERROR] Medium: open.dolphin.touch.converter.ISendPackage2.setChartEvent(IChartEvent) may expose internal representation by storing an externally mutable object into ISendPackage2.chartEvent [open.dolphin.touch.converter.ISendPackage2] At ISendPackage2.java:[line 28] EI_EXPOSE_REP2
[ERROR] Medium: open.dolphin.touch.converter.ISendPackage2.setDeletedDiagnosis(List) may expose internal representation by storing an externally mutable object into ISendPackage2.deletedDiagnosis [open.dolphin.touch.converter.ISendPackage2] At ISendPackage2.java:[line 52] EI_EXPOSE_REP2
[ERROR] Medium: open.dolphin.touch.converter.ISendPackage2.setDiagnosisSendWrapper(IDiagnosisSendWrapper) may expose internal representation by storing an externally mutable object into ISendPackage2.diagnosisSendWrapper [open.dolphin.touch.converter.ISendPackage2] At ISendPackage2.java:[line 44] EI_EXPOSE_REP2
[ERROR] Medium: open.dolphin.touch.converter.ISendPackage2.setDocument(IDocument2) may expose internal representation by storing an externally mutable object into ISendPackage2.document [open.dolphin.touch.converter.ISendPackage2] At ISendPackage2.java:[line 36] EI_EXPOSE_REP2
[ERROR] Medium: open.dolphin.touch.converter.IUserModel.setModel(IInfoModel) may expose internal representation by storing an externally mutable object into IUserModel.model [open.dolphin.touch.converter.IUserModel] At IUserModel.java:[line 119] EI_EXPOSE_REP2
[ERROR] Medium: open.dolphin.touch.converter.IVisitPackage.setModel(IInfoModel) may expose internal representation by storing an externally mutable object into IVisitPackage.model [open.dolphin.touch.converter.IVisitPackage] At IVisitPackage.java:[line 99] EI_EXPOSE_REP2
[ERROR] Medium: open.dolphin.touch.dto.DolphinDocumentResponses$ClaimBundleDto.getClaimItems() may expose internal representation by returning DolphinDocumentResponses$ClaimBundleDto.claimItems [open.dolphin.touch.dto.DolphinDocumentResponses$ClaimBundleDto] At DolphinDocumentResponses.java:[line 81] EI_EXPOSE_REP
[ERROR] Medium: new open.dolphin.touch.dto.DolphinDocumentResponses$ClaimBundleDto(String, String, List) may expose internal representation by storing an externally mutable object into DolphinDocumentResponses$ClaimBundleDto.claimItems [open.dolphin.touch.dto.DolphinDocumentResponses$ClaimBundleDto] At DolphinDocumentResponses.java:[line 69] EI_EXPOSE_REP2
[ERROR] Medium: open.dolphin.touch.dto.DolphinDocumentResponses$ProgressCourseDocument.getOrders() may expose internal representation by returning DolphinDocumentResponses$ProgressCourseDocument.orders [open.dolphin.touch.dto.DolphinDocumentResponses$ProgressCourseDocument] At DolphinDocumentResponses.java:[line 148] EI_EXPOSE_REP
[ERROR] Medium: open.dolphin.touch.dto.DolphinDocumentResponses$ProgressCourseDocument.getSchemas() may expose internal representation by returning DolphinDocumentResponses$ProgressCourseDocument.schemas [open.dolphin.touch.dto.DolphinDocumentResponses$ProgressCourseDocument] At DolphinDocumentResponses.java:[line 152] EI_EXPOSE_REP
[ERROR] Medium: open.dolphin.touch.dto.DolphinDocumentResponses$ProgressCourseDocument.getSoaTexts() may expose internal representation by returning DolphinDocumentResponses$ProgressCourseDocument.soaTexts [open.dolphin.touch.dto.DolphinDocumentResponses$ProgressCourseDocument] At DolphinDocumentResponses.java:[line 144] EI_EXPOSE_REP
[ERROR] Medium: new open.dolphin.touch.dto.DolphinDocumentResponses$ProgressCourseDocument(long, String, String, List, List, List) may expose internal representation by storing an externally mutable object into DolphinDocumentResponses$ProgressCourseDocument.orders [open.dolphin.touch.dto.DolphinDocumentResponses$ProgressCourseDocument] At DolphinDocumentResponses.java:[line 127] EI_EXPOSE_REP2
[ERROR] Medium: new open.dolphin.touch.dto.DolphinDocumentResponses$ProgressCourseDocument(long, String, String, List, List, List) may expose internal representation by storing an externally mutable object into DolphinDocumentResponses$ProgressCourseDocument.schemas [open.dolphin.touch.dto.DolphinDocumentResponses$ProgressCourseDocument] At DolphinDocumentResponses.java:[line 128] EI_EXPOSE_REP2
[ERROR] Medium: new open.dolphin.touch.dto.DolphinDocumentResponses$ProgressCourseDocument(long, String, String, List, List, List) may expose internal representation by storing an externally mutable object into DolphinDocumentResponses$ProgressCourseDocument.soaTexts [open.dolphin.touch.dto.DolphinDocumentResponses$ProgressCourseDocument] At DolphinDocumentResponses.java:[line 126] EI_EXPOSE_REP2
[ERROR] Medium: open.dolphin.touch.dto.DolphinDocumentResponses$ProgressCourseResponse.getDocuments() may expose internal representation by returning DolphinDocumentResponses$ProgressCourseResponse.documents [open.dolphin.touch.dto.DolphinDocumentResponses$ProgressCourseResponse] At DolphinDocumentResponses.java:[line 170] EI_EXPOSE_REP
[ERROR] Medium: new open.dolphin.touch.dto.DolphinDocumentResponses$ProgressCourseResponse(DolphinDocumentResponses$PageInfo, List) may expose internal representation by storing an externally mutable object into DolphinDocumentResponses$ProgressCourseResponse.documents [open.dolphin.touch.dto.DolphinDocumentResponses$ProgressCourseResponse] At DolphinDocumentResponses.java:[line 162] EI_EXPOSE_REP2
[ERROR] Medium: open.dolphin.touch.module.TouchModuleDtos$LaboGraph.results() may expose internal representation by returning TouchModuleDtos$LaboGraph.results [open.dolphin.touch.module.TouchModuleDtos$LaboGraph] At TouchModuleDtos.java:[line 60] EI_EXPOSE_REP
[ERROR] Medium: new open.dolphin.touch.module.TouchModuleDtos$LaboGraph(String, String, String, String, List) may expose internal representation by storing an externally mutable object into TouchModuleDtos$LaboGraph.results [open.dolphin.touch.module.TouchModuleDtos$LaboGraph] At TouchModuleDtos.java:[line 60] EI_EXPOSE_REP2
[ERROR] Medium: open.dolphin.touch.module.TouchModuleDtos$LaboModule.items() may expose internal representation by returning TouchModuleDtos$LaboModule.items [open.dolphin.touch.module.TouchModuleDtos$LaboModule] At TouchModuleDtos.java:[line 40] EI_EXPOSE_REP
[ERROR] Medium: new open.dolphin.touch.module.TouchModuleDtos$LaboModule(String, String, String, List) may expose internal representation by storing an externally mutable object into TouchModuleDtos$LaboModule.items [open.dolphin.touch.module.TouchModuleDtos$LaboModule] At TouchModuleDtos.java:[line 40] EI_EXPOSE_REP2
[ERROR] Medium: open.dolphin.touch.module.TouchModuleDtos$Module.items() may expose internal representation by returning TouchModuleDtos$Module.items [open.dolphin.touch.module.TouchModuleDtos$Module] At TouchModuleDtos.java:[line 16] EI_EXPOSE_REP
[ERROR] Medium: new open.dolphin.touch.module.TouchModuleDtos$Module(String, String, String, List) may expose internal representation by storing an externally mutable object into TouchModuleDtos$Module.items [open.dolphin.touch.module.TouchModuleDtos$Module] At TouchModuleDtos.java:[line 16] EI_EXPOSE_REP2
[ERROR] Medium: open.dolphin.touch.module.TouchModuleDtos$Page.items() may expose internal representation by returning TouchModuleDtos$Page.items [open.dolphin.touch.module.TouchModuleDtos$Page] At TouchModuleDtos.java:[line 13] EI_EXPOSE_REP
[ERROR] Medium: new open.dolphin.touch.module.TouchModuleDtos$Page(Long, int, int, List) may expose internal representation by storing an externally mutable object into TouchModuleDtos$Page.items [open.dolphin.touch.module.TouchModuleDtos$Page] At TouchModuleDtos.java:[line 13] EI_EXPOSE_REP2
[ERROR] Medium: open.dolphin.touch.module.TouchModuleDtos$RpModule.items() may expose internal representation by returning TouchModuleDtos$RpModule.items [open.dolphin.touch.module.TouchModuleDtos$RpModule] At TouchModuleDtos.java:[line 29] EI_EXPOSE_REP
[ERROR] Medium: new open.dolphin.touch.module.TouchModuleDtos$RpModule(String, List) may expose internal representation by storing an externally mutable object into TouchModuleDtos$RpModule.items [open.dolphin.touch.module.TouchModuleDtos$RpModule] At TouchModuleDtos.java:[line 29] EI_EXPOSE_REP2
[ERROR] Medium: open.dolphin.touch.patient.dto.TouchPatientDtos$HealthInsuranceDto.publicInsurances() may expose internal representation by returning TouchPatientDtos$HealthInsuranceDto.publicInsurances [open.dolphin.touch.patient.dto.TouchPatientDtos$HealthInsuranceDto] At TouchPatientDtos.java:[line 19] EI_EXPOSE_REP
[ERROR] Medium: new open.dolphin.touch.patient.dto.TouchPatientDtos$HealthInsuranceDto(String, String, String, String, String, String, String, String, String, String, String, List) may expose internal representation by storing an externally mutable object into TouchPatientDtos$HealthInsuranceDto.publicInsurances [open.dolphin.touch.patient.dto.TouchPatientDtos$HealthInsuranceDto] At TouchPatientDtos.java:[line 19] EI_EXPOSE_REP2
[ERROR] Medium: open.dolphin.touch.patient.dto.TouchPatientDtos$PatientPackageResponse.allergies() may expose internal representation by returning TouchPatientDtos$PatientPackageResponse.allergies [open.dolphin.touch.patient.dto.TouchPatientDtos$PatientPackageResponse] At TouchPatientDtos.java:[line 14] EI_EXPOSE_REP
[ERROR] Medium: open.dolphin.touch.patient.dto.TouchPatientDtos$PatientPackageResponse.healthInsurances() may expose internal representation by returning TouchPatientDtos$PatientPackageResponse.healthInsurances [open.dolphin.touch.patient.dto.TouchPatientDtos$PatientPackageResponse] At TouchPatientDtos.java:[line 14] EI_EXPOSE_REP
[ERROR] Medium: open.dolphin.touch.patient.dto.TouchPatientDtos$PatientPackageResponse.patient() may expose internal representation by returning TouchPatientDtos$PatientPackageResponse.patient [open.dolphin.touch.patient.dto.TouchPatientDtos$PatientPackageResponse] At TouchPatientDtos.java:[line 14] EI_EXPOSE_REP
[ERROR] Medium: new open.dolphin.touch.patient.dto.TouchPatientDtos$PatientPackageResponse(IPatientModel, List, List) may expose internal representation by storing an externally mutable object into TouchPatientDtos$PatientPackageResponse.allergies [open.dolphin.touch.patient.dto.TouchPatientDtos$PatientPackageResponse] At TouchPatientDtos.java:[line 14] EI_EXPOSE_REP2
[ERROR] Medium: new open.dolphin.touch.patient.dto.TouchPatientDtos$PatientPackageResponse(IPatientModel, List, List) may expose internal representation by storing an externally mutable object into TouchPatientDtos$PatientPackageResponse.healthInsurances [open.dolphin.touch.patient.dto.TouchPatientDtos$PatientPackageResponse] At TouchPatientDtos.java:[line 14] EI_EXPOSE_REP2
[ERROR] Medium: new open.dolphin.touch.patient.dto.TouchPatientDtos$PatientPackageResponse(IPatientModel, List, List) may expose internal representation by storing an externally mutable object into TouchPatientDtos$PatientPackageResponse.patient [open.dolphin.touch.patient.dto.TouchPatientDtos$PatientPackageResponse] At TouchPatientDtos.java:[line 14] EI_EXPOSE_REP2
[ERROR] Medium: open.dolphin.touch.session.EHTServiceBean.addObservations(List) invokes inefficient new Long(long) constructor; use Long.valueOf(long) instead [open.dolphin.touch.session.EHTServiceBean] At EHTServiceBean.java:[line 831] DM_NUMBER_CTOR
[ERROR] High: open.dolphin.touch.converter.IPhysicalModel is incompatible with expected argument type open.dolphin.infomodel.ObservationModel in open.dolphin.touch.session.EHTServiceBean.getPhysicals(long) [open.dolphin.touch.session.EHTServiceBean] At EHTServiceBean.java:[line 881] GC_UNRELATED_TYPES
[ERROR] Medium: open.orca.rest.ORCAConnection.getProperties() may expose internal representation by returning ORCAConnection.config [open.orca.rest.ORCAConnection] At ORCAConnection.java:[line 85] EI_EXPOSE_REP
[ERROR] Medium: open.orca.rest.OrcaResource.getActiveOrcaDisease(String) may fail to clean up java.sql.ResultSet [open.orca.rest.OrcaResource, open.orca.rest.OrcaResource, open.orca.rest.OrcaResource, open.orca.rest.OrcaResource, open.orca.rest.OrcaResource, open.orca.rest.OrcaResource, open.orca.rest.OrcaResource, open.orca.rest.OrcaResource] Obligation to clean up resource created at OrcaResource.java:[line 1606] is not dischargedPath continues at OrcaResource.java:[line 1607]Path continues at OrcaResource.java:[line 1610]Path continues at OrcaResource.java:[line 1611]Path continues at OrcaResource.java:[line 1618]Path continues at OrcaResource.java:[line 1620]Path continues at OrcaResource.java:[line 1621]Path continues at OrcaResource.java:[line 1622] OBL_UNSATISFIED_OBLIGATION
[ERROR] Medium: open.orca.rest.OrcaResource.getOrcaDisease(String) may fail to clean up java.sql.ResultSet [open.orca.rest.OrcaResource, open.orca.rest.OrcaResource, open.orca.rest.OrcaResource, open.orca.rest.OrcaResource, open.orca.rest.OrcaResource, open.orca.rest.OrcaResource, open.orca.rest.OrcaResource, open.orca.rest.OrcaResource] Obligation to clean up resource created at OrcaResource.java:[line 1458] is not dischargedPath continues at OrcaResource.java:[line 1459]Path continues at OrcaResource.java:[line 1462]Path continues at OrcaResource.java:[line 1463]Path continues at OrcaResource.java:[line 1470]Path continues at OrcaResource.java:[line 1472]Path continues at OrcaResource.java:[line 1473]Path continues at OrcaResource.java:[line 1474] OBL_UNSATISFIED_OBLIGATION
[ERROR] Medium: open.orca.rest.OrcaResource.setupParams() may fail to clean up java.sql.ResultSet [open.orca.rest.OrcaResource, open.orca.rest.OrcaResource, open.orca.rest.OrcaResource, open.orca.rest.OrcaResource, open.orca.rest.OrcaResource, open.orca.rest.OrcaResource, open.orca.rest.OrcaResource, open.orca.rest.OrcaResource, open.orca.rest.OrcaResource, open.orca.rest.OrcaResource, open.orca.rest.OrcaResource, open.orca.rest.OrcaResource, open.orca.rest.OrcaResource, open.orca.rest.OrcaResource, open.orca.rest.OrcaResource, open.orca.rest.OrcaResource] Obligation to clean up resource created at OrcaResource.java:[line 147] is not dischargedPath continues at OrcaResource.java:[line 148]Path continues at OrcaResource.java:[line 153]Path continues at OrcaResource.java:[line 155]Path continues at OrcaResource.java:[line 156]Path continues at OrcaResource.java:[line 157]Obligation to clean up resource created at OrcaResource.java:[line 157] is not dischargedPath continues at OrcaResource.java:[line 159]Path continues at OrcaResource.java:[line 163]Path continues at OrcaResource.java:[line 164]Path continues at OrcaResource.java:[line 170]Path continues at OrcaResource.java:[line 171]Path continues at OrcaResource.java:[line 172]Path continues at OrcaResource.java:[line 173]Path continues at OrcaResource.java:[line 174]Path continues at OrcaResource.java:[line 175] OBL_UNSATISFIED_OBLIGATION
[ERROR] Medium: open.orca.rest.OrcaResource.checkInteraction(String) may fail to clean up java.sql.ResultSet on checked exception [open.orca.rest.OrcaResource, open.orca.rest.OrcaResource, open.orca.rest.OrcaResource, open.orca.rest.OrcaResource, open.orca.rest.OrcaResource, open.orca.rest.OrcaResource, open.orca.rest.OrcaResource] Obligation to clean up resource created at OrcaResource.java:[line 752] is not dischargedPath continues at OrcaResource.java:[line 754]Path continues at OrcaResource.java:[line 760]Path continues at OrcaResource.java:[line 761]Path continues at OrcaResource.java:[line 762]Path continues at OrcaResource.java:[line 763]Path continues at OrcaResource.java:[line 766] OBL_UNSATISFIED_OBLIGATION_EXCEPTION_EDGE
[ERROR] Medium: open.orca.rest.OrcaResource.getDiseaseByName(String) may fail to clean up java.sql.ResultSet on checked exception [open.orca.rest.OrcaResource, open.orca.rest.OrcaResource, open.orca.rest.OrcaResource, open.orca.rest.OrcaResource, open.orca.rest.OrcaResource, open.orca.rest.OrcaResource, open.orca.rest.OrcaResource] Obligation to clean up resource created at OrcaResource.java:[line 639] is not dischargedPath continues at OrcaResource.java:[line 641]Path continues at OrcaResource.java:[line 666]Path continues at OrcaResource.java:[line 667]Path continues at OrcaResource.java:[line 670]Path continues at OrcaResource.java:[line 671]Path continues at OrcaResource.java:[line 673] OBL_UNSATISFIED_OBLIGATION_EXCEPTION_EDGE
[ERROR] Medium: open.orca.rest.OrcaResource.getDiseaseByName(String) may fail to clean up java.sql.Statement on checked exception [open.orca.rest.OrcaResource, open.orca.rest.OrcaResource, open.orca.rest.OrcaResource, open.orca.rest.OrcaResource, open.orca.rest.OrcaResource, open.orca.rest.OrcaResource, open.orca.rest.OrcaResource, open.orca.rest.OrcaResource, open.orca.rest.OrcaResource, open.orca.rest.OrcaResource, open.orca.rest.OrcaResource] Obligation to clean up resource created at OrcaResource.java:[line 634] is not dischargedPath continues at OrcaResource.java:[line 635]Path continues at OrcaResource.java:[line 636]Path continues at OrcaResource.java:[line 637]Path continues at OrcaResource.java:[line 639]Path continues at OrcaResource.java:[line 641]Path continues at OrcaResource.java:[line 666]Path continues at OrcaResource.java:[line 667]Path continues at OrcaResource.java:[line 670]Path continues at OrcaResource.java:[line 671]Path continues at OrcaResource.java:[line 673] OBL_UNSATISFIED_OBLIGATION_EXCEPTION_EDGE
[ERROR] Medium: open.orca.rest.OrcaResource.getFacilityCodeBy1001() may fail to clean up java.sql.ResultSet on checked exception [open.orca.rest.OrcaResource, open.orca.rest.OrcaResource, open.orca.rest.OrcaResource, open.orca.rest.OrcaResource, open.orca.rest.OrcaResource, open.orca.rest.OrcaResource, open.orca.rest.OrcaResource, open.orca.rest.OrcaResource] Obligation to clean up resource created at OrcaResource.java:[line 230] is not dischargedPath continues at OrcaResource.java:[line 232]Path continues at OrcaResource.java:[line 249]Path continues at OrcaResource.java:[line 250]Path continues at OrcaResource.java:[line 251]Path continues at OrcaResource.java:[line 254]Path continues at OrcaResource.java:[line 255]Path continues at OrcaResource.java:[line 257] OBL_UNSATISFIED_OBLIGATION_EXCEPTION_EDGE
[ERROR] Medium: open.orca.rest.OrcaResource.getFacilityCodeBy1001() may fail to clean up java.sql.Statement on checked exception [open.orca.rest.OrcaResource, open.orca.rest.OrcaResource, open.orca.rest.OrcaResource, open.orca.rest.OrcaResource, open.orca.rest.OrcaResource, open.orca.rest.OrcaResource, open.orca.rest.OrcaResource, open.orca.rest.OrcaResource, open.orca.rest.OrcaResource] Obligation to clean up resource created at OrcaResource.java:[line 228] is not dischargedPath continues at OrcaResource.java:[line 230]Path continues at OrcaResource.java:[line 232]Path continues at OrcaResource.java:[line 249]Path continues at OrcaResource.java:[line 250]Path continues at OrcaResource.java:[line 251]Path continues at OrcaResource.java:[line 254]Path continues at OrcaResource.java:[line 255]Path continues at OrcaResource.java:[line 257] OBL_UNSATISFIED_OBLIGATION_EXCEPTION_EDGE
[ERROR] Medium: open.orca.rest.OrcaResource.getGeneralName(String) may fail to clean up java.sql.ResultSet on checked exception [open.orca.rest.OrcaResource, open.orca.rest.OrcaResource, open.orca.rest.OrcaResource, open.orca.rest.OrcaResource, open.orca.rest.OrcaResource, open.orca.rest.OrcaResource, open.orca.rest.OrcaResource, open.orca.rest.OrcaResource, open.orca.rest.OrcaResource] Obligation to clean up resource created at OrcaResource.java:[line 793] is not dischargedPath continues at OrcaResource.java:[line 794]Path continues at OrcaResource.java:[line 805]Path continues at OrcaResource.java:[line 806]Path continues at OrcaResource.java:[line 807]Path continues at OrcaResource.java:[line 808]Path continues at OrcaResource.java:[line 810]Path continues at OrcaResource.java:[line 811]Path continues at OrcaResource.java:[line 813] OBL_UNSATISFIED_OBLIGATION_EXCEPTION_EDGE
[ERROR] Medium: open.orca.rest.OrcaResource.getGeneralName(String) may fail to clean up java.sql.Statement on checked exception [open.orca.rest.OrcaResource, open.orca.rest.OrcaResource, open.orca.rest.OrcaResource, open.orca.rest.OrcaResource, open.orca.rest.OrcaResource, open.orca.rest.OrcaResource, open.orca.rest.OrcaResource, open.orca.rest.OrcaResource, open.orca.rest.OrcaResource, open.orca.rest.OrcaResource, open.orca.rest.OrcaResource] Obligation to clean up resource created at OrcaResource.java:[line 790] is not dischargedPath continues at OrcaResource.java:[line 791]Path continues at OrcaResource.java:[line 793]Path continues at OrcaResource.java:[line 794]Path continues at OrcaResource.java:[line 805]Path continues at OrcaResource.java:[line 806]Path continues at OrcaResource.java:[line 807]Path continues at OrcaResource.java:[line 808]Path continues at OrcaResource.java:[line 810]Path continues at OrcaResource.java:[line 811]Path continues at OrcaResource.java:[line 813] OBL_UNSATISFIED_OBLIGATION_EXCEPTION_EDGE
[ERROR] Medium: open.orca.rest.OrcaResource.getOrcaInputSet() may fail to clean up java.sql.ResultSet on checked exception [open.orca.rest.OrcaResource, open.orca.rest.OrcaResource, open.orca.rest.OrcaResource, open.orca.rest.OrcaResource, open.orca.rest.OrcaResource, open.orca.rest.OrcaResource, open.orca.rest.OrcaResource, open.orca.rest.OrcaResource] Obligation to clean up resource created at OrcaResource.java:[line 849] is not dischargedPath continues at OrcaResource.java:[line 850]Path continues at OrcaResource.java:[line 852]Path continues at OrcaResource.java:[line 933]Path continues at OrcaResource.java:[line 934]Path continues at OrcaResource.java:[line 935]Path continues at OrcaResource.java:[line 936]Path continues at OrcaResource.java:[line 939] OBL_UNSATISFIED_OBLIGATION_EXCEPTION_EDGE
[ERROR] Medium: open.orca.rest.OrcaResource.getOrcaPtID(String) may fail to clean up java.sql.ResultSet on checked exception [open.orca.rest.OrcaResource, open.orca.rest.OrcaResource, open.orca.rest.OrcaResource, open.orca.rest.OrcaResource, open.orca.rest.OrcaResource, open.orca.rest.OrcaResource, open.orca.rest.OrcaResource, open.orca.rest.OrcaResource, open.orca.rest.OrcaResource] Obligation to clean up resource created at OrcaResource.java:[line 691] is not dischargedPath continues at OrcaResource.java:[line 692]Path continues at OrcaResource.java:[line 697]Path continues at OrcaResource.java:[line 698]Path continues at OrcaResource.java:[line 699]Path continues at OrcaResource.java:[line 700]Path continues at OrcaResource.java:[line 702]Path continues at OrcaResource.java:[line 703]Path continues at OrcaResource.java:[line 705] OBL_UNSATISFIED_OBLIGATION_EXCEPTION_EDGE
[ERROR] Medium: open.orca.rest.OrcaResource.getOrcaPtID(String) may fail to clean up java.sql.Statement on checked exception [open.orca.rest.OrcaResource, open.orca.rest.OrcaResource, open.orca.rest.OrcaResource, open.orca.rest.OrcaResource, open.orca.rest.OrcaResource, open.orca.rest.OrcaResource, open.orca.rest.OrcaResource, open.orca.rest.OrcaResource, open.orca.rest.OrcaResource, open.orca.rest.OrcaResource, open.orca.rest.OrcaResource, open.orca.rest.OrcaResource] Obligation to clean up resource created at OrcaResource.java:[line 687] is not dischargedPath continues at OrcaResource.java:[line 688]Path continues at OrcaResource.java:[line 689]Path continues at OrcaResource.java:[line 691]Path continues at OrcaResource.java:[line 692]Path continues at OrcaResource.java:[line 697]Path continues at OrcaResource.java:[line 698]Path continues at OrcaResource.java:[line 699]Path continues at OrcaResource.java:[line 700]Path continues at OrcaResource.java:[line 702]Path continues at OrcaResource.java:[line 703]Path continues at OrcaResource.java:[line 705] OBL_UNSATISFIED_OBLIGATION_EXCEPTION_EDGE
[ERROR] Medium: open.orca.rest.OrcaResource.getTensuMasterByCode(String) may fail to clean up java.sql.ResultSet on checked exception [open.orca.rest.OrcaResource, open.orca.rest.OrcaResource, open.orca.rest.OrcaResource, open.orca.rest.OrcaResource, open.orca.rest.OrcaResource, open.orca.rest.OrcaResource, open.orca.rest.OrcaResource] Obligation to clean up resource created at OrcaResource.java:[line 455] is not dischargedPath continues at OrcaResource.java:[line 457]Path continues at OrcaResource.java:[line 491]Path continues at OrcaResource.java:[line 492]Path continues at OrcaResource.java:[line 495]Path continues at OrcaResource.java:[line 496]Path continues at OrcaResource.java:[line 498] OBL_UNSATISFIED_OBLIGATION_EXCEPTION_EDGE
[ERROR] Medium: open.orca.rest.OrcaResource.getTensuMasterByCode(String) may fail to clean up java.sql.Statement on checked exception [open.orca.rest.OrcaResource, open.orca.rest.OrcaResource, open.orca.rest.OrcaResource, open.orca.rest.OrcaResource, open.orca.rest.OrcaResource, open.orca.rest.OrcaResource, open.orca.rest.OrcaResource, open.orca.rest.OrcaResource, open.orca.rest.OrcaResource, open.orca.rest.OrcaResource, open.orca.rest.OrcaResource] Obligation to clean up resource created at OrcaResource.java:[line 449] is not dischargedPath continues at OrcaResource.java:[line 451]Path continues at OrcaResource.java:[line 452]Path continues at OrcaResource.java:[line 453]Path continues at OrcaResource.java:[line 455]Path continues at OrcaResource.java:[line 457]Path continues at OrcaResource.java:[line 491]Path continues at OrcaResource.java:[line 492]Path continues at OrcaResource.java:[line 495]Path continues at OrcaResource.java:[line 496]Path continues at OrcaResource.java:[line 498] OBL_UNSATISFIED_OBLIGATION_EXCEPTION_EDGE
[ERROR] Medium: open.orca.rest.OrcaResource.getTensuMasterByName(String) may fail to clean up java.sql.ResultSet on checked exception [open.orca.rest.OrcaResource, open.orca.rest.OrcaResource, open.orca.rest.OrcaResource, open.orca.rest.OrcaResource, open.orca.rest.OrcaResource, open.orca.rest.OrcaResource, open.orca.rest.OrcaResource] Obligation to clean up resource created at OrcaResource.java:[line 379] is not dischargedPath continues at OrcaResource.java:[line 381]Path continues at OrcaResource.java:[line 415]Path continues at OrcaResource.java:[line 416]Path continues at OrcaResource.java:[line 419]Path continues at OrcaResource.java:[line 420]Path continues at OrcaResource.java:[line 422] OBL_UNSATISFIED_OBLIGATION_EXCEPTION_EDGE
[ERROR] Medium: open.orca.rest.OrcaResource.getTensuMasterByName(String) may fail to clean up java.sql.Statement on checked exception [open.orca.rest.OrcaResource, open.orca.rest.OrcaResource, open.orca.rest.OrcaResource, open.orca.rest.OrcaResource, open.orca.rest.OrcaResource, open.orca.rest.OrcaResource, open.orca.rest.OrcaResource, open.orca.rest.OrcaResource, open.orca.rest.OrcaResource, open.orca.rest.OrcaResource, open.orca.rest.OrcaResource, open.orca.rest.OrcaResource] Obligation to clean up resource created at OrcaResource.java:[line 373] is not dischargedPath continues at OrcaResource.java:[line 374]Path continues at OrcaResource.java:[line 375]Path continues at OrcaResource.java:[line 376]Path continues at OrcaResource.java:[line 377]Path continues at OrcaResource.java:[line 379]Path continues at OrcaResource.java:[line 381]Path continues at OrcaResource.java:[line 415]Path continues at OrcaResource.java:[line 416]Path continues at OrcaResource.java:[line 419]Path continues at OrcaResource.java:[line 420]Path continues at OrcaResource.java:[line 422] OBL_UNSATISFIED_OBLIGATION_EXCEPTION_EDGE
[ERROR] Medium: open.orca.rest.OrcaResource.getTensuMasterByTen(String) may fail to clean up java.sql.ResultSet on checked exception [open.orca.rest.OrcaResource, open.orca.rest.OrcaResource, open.orca.rest.OrcaResource, open.orca.rest.OrcaResource, open.orca.rest.OrcaResource, open.orca.rest.OrcaResource, open.orca.rest.OrcaResource] Obligation to clean up resource created at OrcaResource.java:[line 547] is not dischargedPath continues at OrcaResource.java:[line 549]Path continues at OrcaResource.java:[line 583]Path continues at OrcaResource.java:[line 584]Path continues at OrcaResource.java:[line 587]Path continues at OrcaResource.java:[line 588]Path continues at OrcaResource.java:[line 590] OBL_UNSATISFIED_OBLIGATION_EXCEPTION_EDGE
[ERROR] Medium: open.orca.rest.OrcaResource.getTensuMasterByTen(String) may fail to clean up java.sql.Statement on checked exception [open.orca.rest.OrcaResource, open.orca.rest.OrcaResource, open.orca.rest.OrcaResource, open.orca.rest.OrcaResource, open.orca.rest.OrcaResource, open.orca.rest.OrcaResource, open.orca.rest.OrcaResource, open.orca.rest.OrcaResource, open.orca.rest.OrcaResource, open.orca.rest.OrcaResource, open.orca.rest.OrcaResource, open.orca.rest.OrcaResource] Obligation to clean up resource created at OrcaResource.java:[line 532] is not dischargedPath continues at OrcaResource.java:[line 533]Path continues at OrcaResource.java:[line 540]Path continues at OrcaResource.java:[line 541]Path continues at OrcaResource.java:[line 542]Path continues at OrcaResource.java:[line 547]Path continues at OrcaResource.java:[line 549]Path continues at OrcaResource.java:[line 583]Path continues at OrcaResource.java:[line 584]Path continues at OrcaResource.java:[line 587]Path continues at OrcaResource.java:[line 588]Path continues at OrcaResource.java:[line 590] OBL_UNSATISFIED_OBLIGATION_EXCEPTION_EDGE
[ERROR] Medium: open.orca.rest.OrcaResource.getTensutensuByShinku(String) may fail to clean up java.sql.ResultSet on checked exception [open.orca.rest.OrcaResource, open.orca.rest.OrcaResource, open.orca.rest.OrcaResource, open.orca.rest.OrcaResource, open.orca.rest.OrcaResource, open.orca.rest.OrcaResource, open.orca.rest.OrcaResource] Obligation to clean up resource created at OrcaResource.java:[line 294] is not dischargedPath continues at OrcaResource.java:[line 296]Path continues at OrcaResource.java:[line 327]Path continues at OrcaResource.java:[line 328]Path continues at OrcaResource.java:[line 331]Path continues at OrcaResource.java:[line 332]Path continues at OrcaResource.java:[line 334] OBL_UNSATISFIED_OBLIGATION_EXCEPTION_EDGE
[ERROR] Medium: open.orca.rest.OrcaResource.getTensutensuByShinku(String) may fail to clean up java.sql.Statement on checked exception [open.orca.rest.OrcaResource, open.orca.rest.OrcaResource, open.orca.rest.OrcaResource, open.orca.rest.OrcaResource, open.orca.rest.OrcaResource, open.orca.rest.OrcaResource, open.orca.rest.OrcaResource, open.orca.rest.OrcaResource, open.orca.rest.OrcaResource, open.orca.rest.OrcaResource, open.orca.rest.OrcaResource] Obligation to clean up resource created at OrcaResource.java:[line 289] is not dischargedPath continues at OrcaResource.java:[line 290]Path continues at OrcaResource.java:[line 291]Path continues at OrcaResource.java:[line 292]Path continues at OrcaResource.java:[line 294]Path continues at OrcaResource.java:[line 296]Path continues at OrcaResource.java:[line 327]Path continues at OrcaResource.java:[line 328]Path continues at OrcaResource.java:[line 331]Path continues at OrcaResource.java:[line 332]Path continues at OrcaResource.java:[line 334] OBL_UNSATISFIED_OBLIGATION_EXCEPTION_EDGE
[ERROR] Medium: Exception is caught when Exception is not thrown in open.orca.rest.OrcaResource.getActiveOrcaDisease(String) [open.orca.rest.OrcaResource] At OrcaResource.java:[line 1717] REC_CATCH_EXCEPTION
[ERROR] Medium: Exception is caught when Exception is not thrown in open.orca.rest.OrcaResource.getOrcaDisease(String) [open.orca.rest.OrcaResource] At OrcaResource.java:[line 1564] REC_CATCH_EXCEPTION
[ERROR] Medium: Exception is caught when Exception is not thrown in open.orca.rest.OrcaResource.getStamp(String) [open.orca.rest.OrcaResource] At OrcaResource.java:[line 1302] REC_CATCH_EXCEPTION
[ERROR] Medium: Exception is caught when Exception is not thrown in open.orca.rest.OrcaResource.getTensuMasterByTen(String) [open.orca.rest.OrcaResource] At OrcaResource.java:[line 583] REC_CATCH_EXCEPTION
[ERROR] Medium: A prepared statement is generated from a nonconstant String in open.orca.rest.OrcaResource.getDiseaseByName(String) [open.orca.rest.OrcaResource] At OrcaResource.java:[line 634] SQL_PREPARED_STATEMENT_GENERATED_FROM_NONCONSTANT_STRING
[ERROR] Medium: A prepared statement is generated from a nonconstant String in open.orca.rest.OrcaResource.getStamp(String) [open.orca.rest.OrcaResource, open.orca.rest.OrcaResource] At OrcaResource.java:[line 999]Another occurrence at OrcaResource.java:[line 1067] SQL_PREPARED_STATEMENT_GENERATED_FROM_NONCONSTANT_STRING
[ERROR] Medium: A prepared statement is generated from a nonconstant String in open.orca.rest.OrcaResource.getTensuMasterByName(String) [open.orca.rest.OrcaResource] At OrcaResource.java:[line 373] SQL_PREPARED_STATEMENT_GENERATED_FROM_NONCONSTANT_STRING
[ERROR] Medium: A prepared statement is generated from a nonconstant String in open.orca.rest.OrcaResource.getTensutensuByShinku(String) [open.orca.rest.OrcaResource] At OrcaResource.java:[line 289] SQL_PREPARED_STATEMENT_GENERATED_FROM_NONCONSTANT_STRING
[ERROR] Medium: Write to static field open.orca.rest.OrcaResource.DB_VERSION from instance method open.orca.rest.OrcaResource.setupParams() [open.orca.rest.OrcaResource] At OrcaResource.java:[line 160] ST_WRITE_TO_STATIC_FROM_INSTANCE_METHOD
[ERROR] Medium: Write to static field open.orca.rest.OrcaResource.HOSP_NUM from instance method open.orca.rest.OrcaResource.setupParams() [open.orca.rest.OrcaResource, open.orca.rest.OrcaResource] At OrcaResource.java:[line 108]Another occurrence at OrcaResource.java:[line 149] ST_WRITE_TO_STATIC_FROM_INSTANCE_METHOD
[ERROR] Medium: Write to static field open.orca.rest.OrcaResource.RP_OUT from instance method open.orca.rest.OrcaResource.setupParams() [open.orca.rest.OrcaResource] At OrcaResource.java:[line 136] ST_WRITE_TO_STATIC_FROM_INSTANCE_METHOD
[ERROR] Medium: open.orca.rest.StringTool.<static initializer for StringTool>() invokes inefficient new Character(char) constructor; use Character.valueOf(char) instead [open.orca.rest.StringTool, open.orca.rest.StringTool] At StringTool.java:[line 25]Another occurrence at StringTool.java:[line 27] DM_NUMBER_CTOR
[ERROR] Medium: open.orca.rest.StringTool.isHanakuLower(char) invokes inefficient new Character(char) constructor; use Character.valueOf(char) instead [open.orca.rest.StringTool] At StringTool.java:[line 198] DM_NUMBER_CTOR
[ERROR] Medium: open.orca.rest.StringTool.isHankakuUpper(char) invokes inefficient new Character(char) constructor; use Character.valueOf(char) instead [open.orca.rest.StringTool] At StringTool.java:[line 193] DM_NUMBER_CTOR
[ERROR] Medium: open.orca.rest.StringTool.isZenkakuLower(char) invokes inefficient new Character(char) constructor; use Character.valueOf(char) instead [open.orca.rest.StringTool] At StringTool.java:[line 188] DM_NUMBER_CTOR
[ERROR] Medium: open.orca.rest.StringTool.isZenkakuUpper(char) invokes inefficient new Character(char) constructor; use Character.valueOf(char) instead [open.orca.rest.StringTool] At StringTool.java:[line 183] DM_NUMBER_CTOR
[ERROR] Medium: Switch statement found in open.orca.rest.StringTool.tokenToArray(String, String) where default case is missing [open.orca.rest.StringTool] At StringTool.java:[lines 44-57] SF_SWITCH_NO_DEFAULT
[ERROR] Medium: open.stamp.seed.CopyStampTreeBuilder.getSeedStampList() may expose internal representation by returning CopyStampTreeBuilder.seedStampList [open.stamp.seed.CopyStampTreeBuilder] At CopyStampTreeBuilder.java:[line 42] EI_EXPOSE_REP
[ERROR] Medium: open.stamp.seed.CopyStampTreeBuilder.getStampModelToPersist() may expose internal representation by returning CopyStampTreeBuilder.listToPersist [open.stamp.seed.CopyStampTreeBuilder] At CopyStampTreeBuilder.java:[line 46] EI_EXPOSE_REP
[ERROR] Medium: new open.stamp.seed.CopyStampTreeDirector(CopyStampTreeBuilder) may expose internal representation by storing an externally mutable object into CopyStampTreeDirector.builder [open.stamp.seed.CopyStampTreeDirector] At CopyStampTreeDirector.java:[line 31] EI_EXPOSE_REP2
[ERROR] Medium: Unread field: open.stamp.seed.CopyStampTreeDirector.TT_NODE; should this field be static? [open.stamp.seed.CopyStampTreeDirector] At CopyStampTreeDirector.java:[line 22] SS_SHOULD_BE_STATIC
[ERROR] Medium: Unread field: open.stamp.seed.CopyStampTreeDirector.TT_ROOT; should this field be static? [open.stamp.seed.CopyStampTreeDirector] At CopyStampTreeDirector.java:[line 23] SS_SHOULD_BE_STATIC
[ERROR] Medium: Unread field: open.stamp.seed.CopyStampTreeDirector.TT_STAMP_BOX; should this field be static? [open.stamp.seed.CopyStampTreeDirector] At CopyStampTreeDirector.java:[line 25] SS_SHOULD_BE_STATIC
[ERROR] Medium: Unread field: open.stamp.seed.CopyStampTreeDirector.TT_STAMP_INFO; should this field be static? [open.stamp.seed.CopyStampTreeDirector] At CopyStampTreeDirector.java:[line 21] SS_SHOULD_BE_STATIC
[ERROR] Medium: Unread field: open.stamp.seed.CopyStampTreeDirector.TT_STAMP_TREE; should this field be static? [open.stamp.seed.CopyStampTreeDirector] At CopyStampTreeDirector.java:[line 24] SS_SHOULD_BE_STATIC
[INFO] 


To see bug detail using the Spotbugs GUI, use the following command "mvn spotbugs:gui"



[INFO] 
[INFO] --- checkstyle:3.3.1:checkstyle (checkstyle-report) @ opendolphin-server ---
[INFO] Rendering content with org.apache.maven.skins:maven-default-skin:jar:1.3 skin.
[INFO] 
[INFO] --- pmd:3.21.0:pmd (pmd-report) @ opendolphin-server ---
[INFO] PMD version: 6.55.0
[INFO] Rendering content with org.apache.maven.skins:maven-default-skin:jar:1.3 skin.
[INFO] ------------------------------------------------------------------------
[INFO] BUILD SUCCESS
[INFO] ------------------------------------------------------------------------
[INFO] Total time:  40.023 s
[INFO] Finished at: 2025-11-06T19:15:54Z
[INFO] ------------------------------------------------------------------------
